#
# There is insufficient memory for the Java Runtime Environment to continue.
# Native memory allocation (mmap) failed to map 206569472 bytes for G1 virtual space
# Possible reasons:
#   The system is out of physical RAM or swap space
#   The process is running with CompressedOops enabled, and the Java Heap may be blocking the growth of the native heap
# Possible solutions:
#   Reduce memory load on the system
#   Increase physical memory or swap space
#   Check if swap backing store is full
#   Decrease Java heap size (-Xmx/-Xms)
#   Decrease number of Java threads
#   Decrease Java thread stack sizes (-Xss)
#   Set larger code cache with -XX:ReservedCodeCacheSize=
#   JVM is running with Unscaled Compressed Oops mode in which the Java heap is
#     placed in the first 4GB address space. The Java Heap base address is the
#     maximum limit for the native heap growth. Please use -XX:HeapBaseMinAddress
#     to set the Java Heap base and to place the Java Heap above 4GB virtual address.
# This output file may be truncated or incomplete.
#
#  Out of Memory Error (os_windows.cpp:3535), pid=11460, tid=12052
#
# JRE version: OpenJDK Runtime Environment Temurin-17.0.3+7 (17.0.3+7) (build 17.0.3+7)
# Java VM: OpenJDK 64-Bit Server VM Temurin-17.0.3+7 (17.0.3+7, mixed mode, emulated-client, tiered, compressed oops, compressed class ptrs, g1 gc, windows-amd64)
# No core dump will be written. Minidumps are not enabled by default on client versions of Windows
#

---------------  S U M M A R Y ------------

Command Line: --add-modules=ALL-SYSTEM --add-exports=jdk.compiler/com.sun.tools.javac.file=ALL-UNNAMED --add-exports=jdk.compiler/com.sun.tools.javac.util=ALL-UNNAMED --add-exports=jdk.compiler/com.sun.tools.javac.comp=ALL-UNNAMED --add-exports=jdk.compiler/com.sun.tools.javac.main=ALL-UNNAMED --add-exports=jdk.compiler/com.sun.tools.javac.tree=ALL-UNNAMED --add-exports=jdk.compiler/com.sun.tools.javac.code=ALL-UNNAMED -Dsts.lsp.client=vscode -Dsts.log.file=/dev/null -XX:TieredStopAtLevel=1 -Dspring.config.location=file:c:\Users\eliav\.vscode\extensions\pivotal.vscode-spring-boot-1.36.0\language-server\BOOT-INF\classes\application.properties org.springframework.ide.vscode.boot.app.BootLanguageServerBootApp

Host: Intel(R) Celeron(R) N4020 CPU @ 1.10GHz, 2 cores, 3G,  Windows 10 , 64 bit Build 19041 (10.0.19041.1741)
Time: Fri Jul  1 18:00:56 2022 Hora Padrão de Buenos Aires elapsed time: 10.418033 seconds (0d 0h 0m 10s)

---------------  T H R E A D  ---------------

Current thread (0x00000187361c6690):  VMThread "VM Thread" [stack: 0x00000024cf800000,0x00000024cf900000] [id=12052]

Stack: [0x00000024cf800000,0x00000024cf900000]
Native frames: (J=compiled Java code, j=interpreted, Vv=VM code, C=native code)
V  [jvm.dll+0x675efa]
V  [jvm.dll+0x830a24]
V  [jvm.dll+0x8321ce]
V  [jvm.dll+0x832833]
V  [jvm.dll+0x2454b5]
V  [jvm.dll+0x672de9]
V  [jvm.dll+0x667732]
V  [jvm.dll+0x3043ab]
V  [jvm.dll+0x30b8f6]
V  [jvm.dll+0x35b62e]
V  [jvm.dll+0x35b85f]
V  [jvm.dll+0x2db248]
V  [jvm.dll+0x2d94fc]
V  [jvm.dll+0x2d8acc]
V  [jvm.dll+0x31ca2b]
V  [jvm.dll+0x836cdb]
V  [jvm.dll+0x837a14]
V  [jvm.dll+0x837f2c]
V  [jvm.dll+0x838304]
V  [jvm.dll+0x8383d0]
V  [jvm.dll+0x7e0cfa]
V  [jvm.dll+0x674d85]
C  [ucrtbase.dll+0x21bb2]
C  [KERNEL32.DLL+0x17034]
C  [ntdll.dll+0x52651]

VM_Operation (0x00000024d0cfe800): G1CollectForAllocation, mode: safepoint, requested by thread 0x0000018742763ef0


---------------  P R O C E S S  ---------------

Threads class SMR info:
_java_thread_list=0x00000187427e4960, length=23, elements={
0x0000018740087b50, 0x000001874008a9d0, 0x00000187400bf310, 0x00000187400bff30,
0x00000187400c2800, 0x00000187400c30c0, 0x00000187400c6e50, 0x00000187400c7750,
0x000001874003ceb0, 0x0000018740dc9010, 0x0000018740e0e010, 0x0000018742662040,
0x00000187423fb3f0, 0x00000187423dfef0, 0x0000018733fde580, 0x00000187423e03c0,
0x00000187423e0890, 0x0000018742763480, 0x0000018742763ef0, 0x000001874166ed10,
0x00000187429a2a70, 0x00000187429a08c0, 0x00000187429a25a0
}

Java Threads: ( => current thread )
  0x0000018740087b50 JavaThread "Reference Handler" daemon [_thread_blocked, id=14148, stack(0x00000024cf900000,0x00000024cfa00000)]
  0x000001874008a9d0 JavaThread "Finalizer" daemon [_thread_blocked, id=8460, stack(0x00000024cfa00000,0x00000024cfb00000)]
  0x00000187400bf310 JavaThread "Signal Dispatcher" daemon [_thread_blocked, id=9152, stack(0x00000024cfb00000,0x00000024cfc00000)]
  0x00000187400bff30 JavaThread "Attach Listener" daemon [_thread_blocked, id=13568, stack(0x00000024cfc00000,0x00000024cfd00000)]
  0x00000187400c2800 JavaThread "Service Thread" daemon [_thread_blocked, id=11964, stack(0x00000024cfd00000,0x00000024cfe00000)]
  0x00000187400c30c0 JavaThread "Monitor Deflation Thread" daemon [_thread_blocked, id=1244, stack(0x00000024cfe00000,0x00000024cff00000)]
  0x00000187400c6e50 JavaThread "C1 CompilerThread0" daemon [_thread_blocked, id=7108, stack(0x00000024cff00000,0x00000024d0000000)]
  0x00000187400c7750 JavaThread "Sweeper thread" daemon [_thread_blocked, id=13992, stack(0x00000024d0000000,0x00000024d0100000)]
  0x000001874003ceb0 JavaThread "Common-Cleaner" daemon [_thread_blocked, id=12348, stack(0x00000024d0100000,0x00000024d0200000)]
  0x0000018740dc9010 JavaThread "C1 CompilerThread1" daemon [_thread_blocked, id=10300, stack(0x00000024d0200000,0x00000024d0300000)]
  0x0000018740e0e010 JavaThread "Notification Thread" daemon [_thread_blocked, id=5112, stack(0x00000024d0300000,0x00000024d0400000)]
  0x0000018742662040 JavaThread "Thread-1" [_thread_blocked, id=12532, stack(0x00000024d0600000,0x00000024d0700000)]
  0x00000187423fb3f0 JavaThread "pool-7-thread-1" [_thread_blocked, id=540, stack(0x00000024d0700000,0x00000024d0800000)]
  0x00000187423dfef0 JavaThread "LanguageServerApp-lifecycle" [_thread_blocked, id=1920, stack(0x00000024d0800000,0x00000024d0900000)]
  0x0000018733fde580 JavaThread "DestroyJavaVM" [_thread_blocked, id=6496, stack(0x00000024cf200000,0x00000024cf300000)]
  0x00000187423e03c0 JavaThread "ClassGraph-worker-0" daemon [_thread_blocked, id=11568, stack(0x00000024d0900000,0x00000024d0a00000)]
  0x00000187423e0890 JavaThread "ClassGraph-worker-1" daemon [_thread_blocked, id=10280, stack(0x00000024d0a00000,0x00000024d0b00000)]
  0x0000018742763480 JavaThread "ClassGraph-worker-2" daemon [_thread_blocked, id=3900, stack(0x00000024d0b00000,0x00000024d0c00000)]
  0x0000018742763ef0 JavaThread "ClassGraph-worker-3" daemon [_thread_blocked, id=6840, stack(0x00000024d0c00000,0x00000024d0d00000)]
  0x000001874166ed10 JavaThread "pool-8-thread-1" [_thread_in_native, id=8680, stack(0x00000024d0d00000,0x00000024d0e00000)]
  0x00000187429a2a70 JavaThread "Simple-Language-Server main thread" daemon [_thread_blocked, id=3468, stack(0x00000024d0e00000,0x00000024d0f00000)]
  0x00000187429a08c0 JavaThread "parallel-1" daemon [_thread_blocked, id=12140, stack(0x00000024d0f00000,0x00000024d1000000)]
  0x00000187429a25a0 JavaThread "pool-2-thread-1" [_thread_blocked, id=11464, stack(0x00000024d1000000,0x00000024d1100000)]

Other Threads:
=>0x00000187361c6690 VMThread "VM Thread" [stack: 0x00000024cf800000,0x00000024cf900000] [id=12052]
  0x0000018740e0e4e0 WatcherThread [stack: 0x00000024d0400000,0x00000024d0500000] [id=12384]
  0x0000018736139da0 GCTaskThread "GC Thread#0" [stack: 0x00000024cf300000,0x00000024cf400000] [id=13668]
  0x0000018740f363a0 GCTaskThread "GC Thread#1" [stack: 0x00000024d0500000,0x00000024d0600000] [id=10624]
  0x0000018736143840 ConcurrentGCThread "G1 Main Marker" [stack: 0x00000024cf400000,0x00000024cf500000] [id=8188]
  0x00000187361449f0 ConcurrentGCThread "G1 Conc#0" [stack: 0x00000024cf500000,0x00000024cf600000] [id=11156]
  0x0000018736178f10 ConcurrentGCThread "G1 Refine#0" [stack: 0x00000024cf600000,0x00000024cf700000] [id=10124]
  0x0000018736179930 ConcurrentGCThread "G1 Service" [stack: 0x00000024cf700000,0x00000024cf800000] [id=12860]

Threads with active compile tasks:

VM state: at safepoint (normal execution)

VM Mutex/Monitor currently owned by a thread:  ([mutex/lock_event])
[0x0000018733f0b8f0] Threads_lock - owner thread: 0x00000187361c6690
[0x00000187360fdc00] Heap_lock - owner thread: 0x0000018742763ef0

Heap address: 0x00000000c2c00000, size: 980 MB, Compressed Oops mode: 32-bit

CDS archive(s) not mapped
Compressed class space mapped at: 0x0000000100000000-0x0000000140000000, reserved size: 1073741824
Narrow klass base: 0x0000000000000000, Narrow klass shift: 3, Narrow klass range: 0x140000000

GC Precious Log:
 CPUs: 2 total, 2 available
 Memory: 3916M
 Large Page Support: Disabled
 NUMA Support: Disabled
 Compressed Oops: Enabled (32-bit)
 Heap Region Size: 1M
 Heap Min Capacity: 8M
 Heap Initial Capacity: 62M
 Heap Max Capacity: 980M
 Pre-touch: Disabled
 Parallel Workers: 2
 Concurrent Workers: 1
 Concurrent Refinement Workers: 2
 Periodic GC: Disabled

Heap:
 garbage-first heap   total 156672K, used 63479K [0x00000000c2c00000, 0x0000000100000000)
  region size 1024K, 7 young (7168K), 7 survivors (7168K)
 Metaspace       used 34217K, committed 34560K, reserved 1081344K
  class space    used 4439K, committed 4608K, reserved 1048576K

Heap Regions: E=young(eden), S=young(survivor), O=old, HS=humongous(starts), HC=humongous(continues), CS=collection set, F=free, OA=open archive, CA=closed archive, TAMS=top-at-mark-start (previous, next)
|   0|0x00000000c2c00000, 0x00000000c2d00000, 0x00000000c2d00000|100%| O|  |TAMS 0x00000000c2d00000, 0x00000000c2c00000| Untracked 
|   1|0x00000000c2d00000, 0x00000000c2e00000, 0x00000000c2e00000|100%| O|  |TAMS 0x00000000c2e00000, 0x00000000c2d00000| Untracked 
|   2|0x00000000c2e00000, 0x00000000c2f00000, 0x00000000c2f00000|100%| O|  |TAMS 0x00000000c2f00000, 0x00000000c2e00000| Untracked 
|   3|0x00000000c2f00000, 0x00000000c3000000, 0x00000000c3000000|100%| O|  |TAMS 0x00000000c3000000, 0x00000000c2f00000| Untracked 
|   4|0x00000000c3000000, 0x00000000c3100000, 0x00000000c3100000|100%| O|  |TAMS 0x00000000c3100000, 0x00000000c3000000| Untracked 
|   5|0x00000000c3100000, 0x00000000c3200000, 0x00000000c3200000|100%| O|  |TAMS 0x00000000c3200000, 0x00000000c3100000| Untracked 
|   6|0x00000000c3200000, 0x00000000c3300000, 0x00000000c3300000|100%| O|  |TAMS 0x00000000c3300000, 0x00000000c3200000| Untracked 
|   7|0x00000000c3300000, 0x00000000c3400000, 0x00000000c3400000|100%| O|  |TAMS 0x00000000c3400000, 0x00000000c3300000| Untracked 
|   8|0x00000000c3400000, 0x00000000c3500000, 0x00000000c3500000|100%| O|  |TAMS 0x00000000c3500000, 0x00000000c3400000| Untracked 
|   9|0x00000000c3500000, 0x00000000c3600000, 0x00000000c3600000|100%| O|  |TAMS 0x00000000c3600000, 0x00000000c3500000| Untracked 
|  10|0x00000000c3600000, 0x00000000c3700000, 0x00000000c3700000|100%| O|  |TAMS 0x00000000c3700000, 0x00000000c3600000| Untracked 
|  11|0x00000000c3700000, 0x00000000c3800000, 0x00000000c3800000|100%| O|  |TAMS 0x00000000c3700000, 0x00000000c3700000| Untracked 
|  12|0x00000000c3800000, 0x00000000c3900000, 0x00000000c3900000|100%| O|  |TAMS 0x00000000c3900000, 0x00000000c3800000| Untracked 
|  13|0x00000000c3900000, 0x00000000c3a00000, 0x00000000c3a00000|100%| O|  |TAMS 0x00000000c3a00000, 0x00000000c3900000| Untracked 
|  14|0x00000000c3a00000, 0x00000000c3b00000, 0x00000000c3b00000|100%| O|  |TAMS 0x00000000c3b00000, 0x00000000c3a00000| Untracked 
|  15|0x00000000c3b00000, 0x00000000c3c00000, 0x00000000c3c00000|100%| O|  |TAMS 0x00000000c3c00000, 0x00000000c3b00000| Untracked 
|  16|0x00000000c3c00000, 0x00000000c3d00000, 0x00000000c3d00000|100%| O|  |TAMS 0x00000000c3d00000, 0x00000000c3c00000| Untracked 
|  17|0x00000000c3d00000, 0x00000000c3e00000, 0x00000000c3e00000|100%| O|  |TAMS 0x00000000c3e00000, 0x00000000c3d00000| Untracked 
|  18|0x00000000c3e00000, 0x00000000c3f00000, 0x00000000c3f00000|100%| O|  |TAMS 0x00000000c3f00000, 0x00000000c3e00000| Untracked 
|  19|0x00000000c3f00000, 0x00000000c4000000, 0x00000000c4000000|100%| O|  |TAMS 0x00000000c4000000, 0x00000000c3f00000| Untracked 
|  20|0x00000000c4000000, 0x00000000c4100000, 0x00000000c4100000|100%| O|  |TAMS 0x00000000c4100000, 0x00000000c4000000| Untracked 
|  21|0x00000000c4100000, 0x00000000c4200000, 0x00000000c4200000|100%| O|  |TAMS 0x00000000c4200000, 0x00000000c4100000| Untracked 
|  22|0x00000000c4200000, 0x00000000c4300000, 0x00000000c4300000|100%| O|  |TAMS 0x00000000c4300000, 0x00000000c4200000| Untracked 
|  23|0x00000000c4300000, 0x00000000c4400000, 0x00000000c4400000|100%| O|  |TAMS 0x00000000c4400000, 0x00000000c4300000| Untracked 
|  24|0x00000000c4400000, 0x00000000c4500000, 0x00000000c4500000|100%| O|  |TAMS 0x00000000c4500000, 0x00000000c4400000| Untracked 
|  25|0x00000000c4500000, 0x00000000c4600000, 0x00000000c4600000|100%| O|  |TAMS 0x00000000c4600000, 0x00000000c4500000| Untracked 
|  26|0x00000000c4600000, 0x00000000c4700000, 0x00000000c4700000|100%| O|  |TAMS 0x00000000c4700000, 0x00000000c4600000| Untracked 
|  27|0x00000000c4700000, 0x00000000c4800000, 0x00000000c4800000|100%| O|  |TAMS 0x00000000c4800000, 0x00000000c4700000| Untracked 
|  28|0x00000000c4800000, 0x00000000c4900000, 0x00000000c4900000|100%| O|  |TAMS 0x00000000c4900000, 0x00000000c4800000| Untracked 
|  29|0x00000000c4900000, 0x00000000c4a00000, 0x00000000c4a00000|100%| O|  |TAMS 0x00000000c4a00000, 0x00000000c4900000| Untracked 
|  30|0x00000000c4a00000, 0x00000000c4b00000, 0x00000000c4b00000|100%| O|  |TAMS 0x00000000c4b00000, 0x00000000c4a00000| Untracked 
|  31|0x00000000c4b00000, 0x00000000c4c00000, 0x00000000c4c00000|100%| O|  |TAMS 0x00000000c4c00000, 0x00000000c4b00000| Untracked 
|  32|0x00000000c4c00000, 0x00000000c4d00000, 0x00000000c4d00000|100%| O|  |TAMS 0x00000000c4d00000, 0x00000000c4c00000| Untracked 
|  33|0x00000000c4d00000, 0x00000000c4e00000, 0x00000000c4e00000|100%| O|  |TAMS 0x00000000c4e00000, 0x00000000c4d00000| Untracked 
|  34|0x00000000c4e00000, 0x00000000c4f00000, 0x00000000c4f00000|100%| O|  |TAMS 0x00000000c4f00000, 0x00000000c4e00000| Untracked 
|  35|0x00000000c4f00000, 0x00000000c5000000, 0x00000000c5000000|100%| O|  |TAMS 0x00000000c5000000, 0x00000000c4f00000| Untracked 
|  36|0x00000000c5000000, 0x00000000c5100000, 0x00000000c5100000|100%| O|  |TAMS 0x00000000c5100000, 0x00000000c5000000| Untracked 
|  37|0x00000000c5100000, 0x00000000c5200000, 0x00000000c5200000|100%| O|  |TAMS 0x00000000c5200000, 0x00000000c5100000| Untracked 
|  38|0x00000000c5200000, 0x00000000c5300000, 0x00000000c5300000|100%| O|  |TAMS 0x00000000c5300000, 0x00000000c5200000| Untracked 
|  39|0x00000000c5300000, 0x00000000c5400000, 0x00000000c5400000|100%| O|  |TAMS 0x00000000c5400000, 0x00000000c5300000| Untracked 
|  40|0x00000000c5400000, 0x00000000c5500000, 0x00000000c5500000|100%| O|  |TAMS 0x00000000c5500000, 0x00000000c5400000| Untracked 
|  41|0x00000000c5500000, 0x00000000c5600000, 0x00000000c5600000|100%| O|  |TAMS 0x00000000c5600000, 0x00000000c5500000| Untracked 
|  42|0x00000000c5600000, 0x00000000c5700000, 0x00000000c5700000|100%| O|  |TAMS 0x00000000c56ae400, 0x00000000c5600000| Untracked 
|  43|0x00000000c5700000, 0x00000000c5800000, 0x00000000c5800000|100%| O|  |TAMS 0x00000000c5700000, 0x00000000c5700000| Untracked 
|  44|0x00000000c5800000, 0x00000000c5900000, 0x00000000c5900000|100%| O|  |TAMS 0x00000000c5800000, 0x00000000c5800000| Untracked 
|  45|0x00000000c5900000, 0x00000000c5a00000, 0x00000000c5a00000|100%| O|  |TAMS 0x00000000c5900000, 0x00000000c5900000| Untracked 
|  46|0x00000000c5a00000, 0x00000000c5b00000, 0x00000000c5b00000|100%| O|  |TAMS 0x00000000c5a00000, 0x00000000c5a00000| Untracked 
|  47|0x00000000c5b00000, 0x00000000c5c00000, 0x00000000c5c00000|100%| O|  |TAMS 0x00000000c5b00000, 0x00000000c5b00000| Untracked 
|  48|0x00000000c5c00000, 0x00000000c5d00000, 0x00000000c5d00000|100%| O|  |TAMS 0x00000000c5c00000, 0x00000000c5c00000| Untracked 
|  49|0x00000000c5d00000, 0x00000000c5e00000, 0x00000000c5e00000|100%| O|  |TAMS 0x00000000c5d00000, 0x00000000c5d00000| Untracked 
|  50|0x00000000c5e00000, 0x00000000c5f00000, 0x00000000c5f00000|100%| O|  |TAMS 0x00000000c5e00000, 0x00000000c5e00000| Untracked 
|  51|0x00000000c5f00000, 0x00000000c6000000, 0x00000000c6000000|100%| O|  |TAMS 0x00000000c5f00000, 0x00000000c5f00000| Untracked 
|  52|0x00000000c6000000, 0x00000000c6100000, 0x00000000c6100000|100%| O|  |TAMS 0x00000000c6000000, 0x00000000c6000000| Untracked 
|  53|0x00000000c6100000, 0x00000000c6200000, 0x00000000c6200000|100%| O|  |TAMS 0x00000000c6100000, 0x00000000c6100000| Untracked 
|  54|0x00000000c6200000, 0x00000000c6300000, 0x00000000c6300000|100%| O|  |TAMS 0x00000000c6200000, 0x00000000c6200000| Untracked 
|  55|0x00000000c6300000, 0x00000000c637dc00, 0x00000000c6400000| 49%| O|  |TAMS 0x00000000c6300000, 0x00000000c6300000| Untracked 
|  56|0x00000000c6400000, 0x00000000c6400000, 0x00000000c6500000|  0%| F|  |TAMS 0x00000000c6400000, 0x00000000c6400000| Untracked 
|  57|0x00000000c6500000, 0x00000000c6500000, 0x00000000c6600000|  0%| F|  |TAMS 0x00000000c6500000, 0x00000000c6500000| Untracked 
|  58|0x00000000c6600000, 0x00000000c6600000, 0x00000000c6700000|  0%| F|  |TAMS 0x00000000c6600000, 0x00000000c6600000| Untracked 
|  59|0x00000000c6700000, 0x00000000c6700000, 0x00000000c6800000|  0%| F|  |TAMS 0x00000000c6700000, 0x00000000c6700000| Untracked 
|  60|0x00000000c6800000, 0x00000000c6800000, 0x00000000c6900000|  0%| F|  |TAMS 0x00000000c6800000, 0x00000000c6800000| Untracked 
|  61|0x00000000c6900000, 0x00000000c6900000, 0x00000000c6a00000|  0%| F|  |TAMS 0x00000000c6900000, 0x00000000c6900000| Untracked 
|  62|0x00000000c6a00000, 0x00000000c6a00000, 0x00000000c6b00000|  0%| F|  |TAMS 0x00000000c6a00000, 0x00000000c6a00000| Untracked 
|  63|0x00000000c6b00000, 0x00000000c6b00000, 0x00000000c6c00000|  0%| F|  |TAMS 0x00000000c6b00000, 0x00000000c6b00000| Untracked 
|  64|0x00000000c6c00000, 0x00000000c6c00000, 0x00000000c6d00000|  0%| F|  |TAMS 0x00000000c6c00000, 0x00000000c6c00000| Untracked 
|  65|0x00000000c6d00000, 0x00000000c6d00000, 0x00000000c6e00000|  0%| F|  |TAMS 0x00000000c6d00000, 0x00000000c6d00000| Untracked 
|  66|0x00000000c6e00000, 0x00000000c6e00000, 0x00000000c6f00000|  0%| F|  |TAMS 0x00000000c6e00000, 0x00000000c6e00000| Untracked 
|  67|0x00000000c6f00000, 0x00000000c6f00000, 0x00000000c7000000|  0%| F|  |TAMS 0x00000000c6f00000, 0x00000000c6f00000| Untracked 
|  68|0x00000000c7000000, 0x00000000c7000000, 0x00000000c7100000|  0%| F|  |TAMS 0x00000000c7000000, 0x00000000c7000000| Untracked 
|  69|0x00000000c7100000, 0x00000000c7100000, 0x00000000c7200000|  0%| F|  |TAMS 0x00000000c7100000, 0x00000000c7100000| Untracked 
|  70|0x00000000c7200000, 0x00000000c7200000, 0x00000000c7300000|  0%| F|  |TAMS 0x00000000c7200000, 0x00000000c7200000| Untracked 
|  71|0x00000000c7300000, 0x00000000c7300000, 0x00000000c7400000|  0%| F|  |TAMS 0x00000000c7300000, 0x00000000c7300000| Untracked 
|  72|0x00000000c7400000, 0x00000000c7400000, 0x00000000c7500000|  0%| F|  |TAMS 0x00000000c7400000, 0x00000000c7400000| Untracked 
|  73|0x00000000c7500000, 0x00000000c7500000, 0x00000000c7600000|  0%| F|  |TAMS 0x00000000c7500000, 0x00000000c7500000| Untracked 
|  74|0x00000000c7600000, 0x00000000c7600000, 0x00000000c7700000|  0%| F|  |TAMS 0x00000000c7600000, 0x00000000c7600000| Untracked 
|  75|0x00000000c7700000, 0x00000000c7700000, 0x00000000c7800000|  0%| F|  |TAMS 0x00000000c7700000, 0x00000000c7700000| Untracked 
|  76|0x00000000c7800000, 0x00000000c7880000, 0x00000000c7900000| 50%| S|CS|TAMS 0x00000000c7800000, 0x00000000c7800000| Complete 
|  77|0x00000000c7900000, 0x00000000c7a00000, 0x00000000c7a00000|100%| S|CS|TAMS 0x00000000c7900000, 0x00000000c7900000| Complete 
|  78|0x00000000c7a00000, 0x00000000c7b00000, 0x00000000c7b00000|100%| S|CS|TAMS 0x00000000c7a00000, 0x00000000c7a00000| Complete 
|  79|0x00000000c7b00000, 0x00000000c7c00000, 0x00000000c7c00000|100%| S|CS|TAMS 0x00000000c7b00000, 0x00000000c7b00000| Complete 
|  80|0x00000000c7c00000, 0x00000000c7d00000, 0x00000000c7d00000|100%| S|CS|TAMS 0x00000000c7c00000, 0x00000000c7c00000| Complete 
|  81|0x00000000c7d00000, 0x00000000c7d00000, 0x00000000c7e00000|  0%| F|  |TAMS 0x00000000c7d00000, 0x00000000c7d00000| Untracked 
|  82|0x00000000c7e00000, 0x00000000c7e00000, 0x00000000c7f00000|  0%| F|  |TAMS 0x00000000c7e00000, 0x00000000c7e00000| Untracked 
|  83|0x00000000c7f00000, 0x00000000c7f00000, 0x00000000c8000000|  0%| F|  |TAMS 0x00000000c7f00000, 0x00000000c7f00000| Untracked 
|  84|0x00000000c8000000, 0x00000000c8000000, 0x00000000c8100000|  0%| F|  |TAMS 0x00000000c8000000, 0x00000000c8000000| Untracked 
|  85|0x00000000c8100000, 0x00000000c8200000, 0x00000000c8200000|100%| S|CS|TAMS 0x00000000c8100000, 0x00000000c8100000| Complete 
|  86|0x00000000c8200000, 0x00000000c8200000, 0x00000000c8300000|  0%| F|  |TAMS 0x00000000c8200000, 0x00000000c8200000| Untracked 
|  87|0x00000000c8300000, 0x00000000c8400000, 0x00000000c8400000|100%| S|CS|TAMS 0x00000000c8300000, 0x00000000c8300000| Complete 
|  88|0x00000000c8400000, 0x00000000c8400000, 0x00000000c8500000|  0%| F|  |TAMS 0x00000000c8400000, 0x00000000c8400000| Untracked 
|  89|0x00000000c8500000, 0x00000000c8500000, 0x00000000c8600000|  0%| F|  |TAMS 0x00000000c8500000, 0x00000000c8500000| Untracked 
|  90|0x00000000c8600000, 0x00000000c8600000, 0x00000000c8700000|  0%| F|  |TAMS 0x00000000c8600000, 0x00000000c8600000| Untracked 
|  91|0x00000000c8700000, 0x00000000c8700000, 0x00000000c8800000|  0%| F|  |TAMS 0x00000000c8700000, 0x00000000c8700000| Untracked 
|  92|0x00000000c8800000, 0x00000000c8800000, 0x00000000c8900000|  0%| F|  |TAMS 0x00000000c8800000, 0x00000000c8800000| Untracked 
|  93|0x00000000c8900000, 0x00000000c8900000, 0x00000000c8a00000|  0%| F|  |TAMS 0x00000000c8900000, 0x00000000c8900000| Untracked 
|  94|0x00000000c8a00000, 0x00000000c8a00000, 0x00000000c8b00000|  0%| F|  |TAMS 0x00000000c8a00000, 0x00000000c8a00000| Untracked 
|  95|0x00000000c8b00000, 0x00000000c8b00000, 0x00000000c8c00000|  0%| F|  |TAMS 0x00000000c8b00000, 0x00000000c8b00000| Untracked 
|  96|0x00000000c8c00000, 0x00000000c8c00000, 0x00000000c8d00000|  0%| F|  |TAMS 0x00000000c8c00000, 0x00000000c8c00000| Untracked 
|  97|0x00000000c8d00000, 0x00000000c8d00000, 0x00000000c8e00000|  0%| F|  |TAMS 0x00000000c8d00000, 0x00000000c8d00000| Untracked 
|  98|0x00000000c8e00000, 0x00000000c8e00000, 0x00000000c8f00000|  0%| F|  |TAMS 0x00000000c8e00000, 0x00000000c8e00000| Untracked 
|  99|0x00000000c8f00000, 0x00000000c8f00000, 0x00000000c9000000|  0%| F|  |TAMS 0x00000000c8f00000, 0x00000000c8f00000| Untracked 
| 100|0x00000000c9000000, 0x00000000c9000000, 0x00000000c9100000|  0%| F|  |TAMS 0x00000000c9000000, 0x00000000c9000000| Untracked 
| 101|0x00000000c9100000, 0x00000000c9100000, 0x00000000c9200000|  0%| F|  |TAMS 0x00000000c9100000, 0x00000000c9100000| Untracked 
| 102|0x00000000c9200000, 0x00000000c9200000, 0x00000000c9300000|  0%| F|  |TAMS 0x00000000c9200000, 0x00000000c9200000| Untracked 
| 103|0x00000000c9300000, 0x00000000c9300000, 0x00000000c9400000|  0%| F|  |TAMS 0x00000000c9300000, 0x00000000c9300000| Untracked 
| 104|0x00000000c9400000, 0x00000000c9400000, 0x00000000c9500000|  0%| F|  |TAMS 0x00000000c9400000, 0x00000000c9400000| Untracked 
| 105|0x00000000c9500000, 0x00000000c9500000, 0x00000000c9600000|  0%| F|  |TAMS 0x00000000c9500000, 0x00000000c9500000| Untracked 
| 106|0x00000000c9600000, 0x00000000c9600000, 0x00000000c9700000|  0%| F|  |TAMS 0x00000000c9600000, 0x00000000c9600000| Untracked 
| 107|0x00000000c9700000, 0x00000000c9700000, 0x00000000c9800000|  0%| F|  |TAMS 0x00000000c9700000, 0x00000000c9700000| Untracked 
| 108|0x00000000c9800000, 0x00000000c9800000, 0x00000000c9900000|  0%| F|  |TAMS 0x00000000c9800000, 0x00000000c9800000| Untracked 
| 109|0x00000000c9900000, 0x00000000c9900000, 0x00000000c9a00000|  0%| F|  |TAMS 0x00000000c9900000, 0x00000000c9900000| Untracked 
| 110|0x00000000c9a00000, 0x00000000c9a00000, 0x00000000c9b00000|  0%| F|  |TAMS 0x00000000c9a00000, 0x00000000c9a00000| Untracked 
| 111|0x00000000c9b00000, 0x00000000c9b00000, 0x00000000c9c00000|  0%| F|  |TAMS 0x00000000c9b00000, 0x00000000c9b00000| Untracked 
| 112|0x00000000c9c00000, 0x00000000c9c00000, 0x00000000c9d00000|  0%| F|  |TAMS 0x00000000c9c00000, 0x00000000c9c00000| Untracked 
| 113|0x00000000c9d00000, 0x00000000c9d00000, 0x00000000c9e00000|  0%| F|  |TAMS 0x00000000c9d00000, 0x00000000c9d00000| Untracked 
| 114|0x00000000c9e00000, 0x00000000c9e00000, 0x00000000c9f00000|  0%| F|  |TAMS 0x00000000c9e00000, 0x00000000c9e00000| Untracked 
| 115|0x00000000c9f00000, 0x00000000c9f00000, 0x00000000ca000000|  0%| F|  |TAMS 0x00000000c9f00000, 0x00000000c9f00000| Untracked 
| 116|0x00000000ca000000, 0x00000000ca000000, 0x00000000ca100000|  0%| F|  |TAMS 0x00000000ca000000, 0x00000000ca000000| Untracked 
| 117|0x00000000ca100000, 0x00000000ca100000, 0x00000000ca200000|  0%| F|  |TAMS 0x00000000ca100000, 0x00000000ca100000| Untracked 
| 118|0x00000000ca200000, 0x00000000ca200000, 0x00000000ca300000|  0%| F|  |TAMS 0x00000000ca200000, 0x00000000ca200000| Untracked 
| 119|0x00000000ca300000, 0x00000000ca300000, 0x00000000ca400000|  0%| F|  |TAMS 0x00000000ca300000, 0x00000000ca300000| Untracked 
| 120|0x00000000ca400000, 0x00000000ca400000, 0x00000000ca500000|  0%| F|  |TAMS 0x00000000ca400000, 0x00000000ca400000| Untracked 
| 121|0x00000000ca500000, 0x00000000ca500000, 0x00000000ca600000|  0%| F|  |TAMS 0x00000000ca500000, 0x00000000ca500000| Untracked 
| 122|0x00000000ca600000, 0x00000000ca600000, 0x00000000ca700000|  0%| F|  |TAMS 0x00000000ca600000, 0x00000000ca600000| Untracked 
| 123|0x00000000ca700000, 0x00000000ca700000, 0x00000000ca800000|  0%| F|  |TAMS 0x00000000ca700000, 0x00000000ca700000| Untracked 
| 124|0x00000000ca800000, 0x00000000ca800000, 0x00000000ca900000|  0%| F|  |TAMS 0x00000000ca800000, 0x00000000ca800000| Untracked 
| 125|0x00000000ca900000, 0x00000000ca900000, 0x00000000caa00000|  0%| F|  |TAMS 0x00000000ca900000, 0x00000000ca900000| Untracked 
| 126|0x00000000caa00000, 0x00000000caa00000, 0x00000000cab00000|  0%| F|  |TAMS 0x00000000caa00000, 0x00000000caa00000| Untracked 
| 127|0x00000000cab00000, 0x00000000cab00000, 0x00000000cac00000|  0%| F|  |TAMS 0x00000000cab00000, 0x00000000cab00000| Untracked 
| 128|0x00000000cac00000, 0x00000000cac00000, 0x00000000cad00000|  0%| F|  |TAMS 0x00000000cac00000, 0x00000000cac00000| Untracked 
| 129|0x00000000cad00000, 0x00000000cad00000, 0x00000000cae00000|  0%| F|  |TAMS 0x00000000cad00000, 0x00000000cad00000| Untracked 
| 130|0x00000000cae00000, 0x00000000cae00000, 0x00000000caf00000|  0%| F|  |TAMS 0x00000000cae00000, 0x00000000cae00000| Untracked 
| 131|0x00000000caf00000, 0x00000000caf00000, 0x00000000cb000000|  0%| F|  |TAMS 0x00000000caf00000, 0x00000000caf00000| Untracked 
| 132|0x00000000cb000000, 0x00000000cb000000, 0x00000000cb100000|  0%| F|  |TAMS 0x00000000cb000000, 0x00000000cb000000| Untracked 
| 133|0x00000000cb100000, 0x00000000cb100000, 0x00000000cb200000|  0%| F|  |TAMS 0x00000000cb100000, 0x00000000cb100000| Untracked 
| 134|0x00000000cb200000, 0x00000000cb200000, 0x00000000cb300000|  0%| F|  |TAMS 0x00000000cb200000, 0x00000000cb200000| Untracked 
| 135|0x00000000cb300000, 0x00000000cb300000, 0x00000000cb400000|  0%| F|  |TAMS 0x00000000cb300000, 0x00000000cb300000| Untracked 
| 136|0x00000000cb400000, 0x00000000cb400000, 0x00000000cb500000|  0%| F|  |TAMS 0x00000000cb400000, 0x00000000cb400000| Untracked 
| 137|0x00000000cb500000, 0x00000000cb500000, 0x00000000cb600000|  0%| F|  |TAMS 0x00000000cb500000, 0x00000000cb500000| Untracked 
| 138|0x00000000cb600000, 0x00000000cb600000, 0x00000000cb700000|  0%| F|  |TAMS 0x00000000cb600000, 0x00000000cb600000| Untracked 
| 139|0x00000000cb700000, 0x00000000cb700000, 0x00000000cb800000|  0%| F|  |TAMS 0x00000000cb700000, 0x00000000cb700000| Untracked 
| 140|0x00000000cb800000, 0x00000000cb800000, 0x00000000cb900000|  0%| F|  |TAMS 0x00000000cb800000, 0x00000000cb800000| Untracked 
| 141|0x00000000cb900000, 0x00000000cb900000, 0x00000000cba00000|  0%| F|  |TAMS 0x00000000cb900000, 0x00000000cb900000| Untracked 
| 142|0x00000000cba00000, 0x00000000cba00000, 0x00000000cbb00000|  0%| F|  |TAMS 0x00000000cba00000, 0x00000000cba00000| Untracked 
| 143|0x00000000cbb00000, 0x00000000cbb00000, 0x00000000cbc00000|  0%| F|  |TAMS 0x00000000cbb00000, 0x00000000cbb00000| Untracked 
| 144|0x00000000cbc00000, 0x00000000cbc00000, 0x00000000cbd00000|  0%| F|  |TAMS 0x00000000cbc00000, 0x00000000cbc00000| Untracked 
| 145|0x00000000cbd00000, 0x00000000cbd00000, 0x00000000cbe00000|  0%| F|  |TAMS 0x00000000cbd00000, 0x00000000cbd00000| Untracked 
| 146|0x00000000cbe00000, 0x00000000cbe00000, 0x00000000cbf00000|  0%| F|  |TAMS 0x00000000cbe00000, 0x00000000cbe00000| Untracked 
| 147|0x00000000cbf00000, 0x00000000cbf00000, 0x00000000cc000000|  0%| F|  |TAMS 0x00000000cbf00000, 0x00000000cbf00000| Untracked 
| 148|0x00000000cc000000, 0x00000000cc000000, 0x00000000cc100000|  0%| F|  |TAMS 0x00000000cc000000, 0x00000000cc000000| Untracked 
| 149|0x00000000cc100000, 0x00000000cc100000, 0x00000000cc200000|  0%| F|  |TAMS 0x00000000cc100000, 0x00000000cc100000| Untracked 
| 150|0x00000000cc200000, 0x00000000cc200000, 0x00000000cc300000|  0%| F|  |TAMS 0x00000000cc200000, 0x00000000cc200000| Untracked 
| 151|0x00000000cc300000, 0x00000000cc300000, 0x00000000cc400000|  0%| F|  |TAMS 0x00000000cc300000, 0x00000000cc300000| Untracked 
| 152|0x00000000cc400000, 0x00000000cc400000, 0x00000000cc500000|  0%| F|  |TAMS 0x00000000cc400000, 0x00000000cc400000| Untracked 

Card table byte_map: [0x0000018735d40000,0x0000018735f30000] _byte_map_base: 0x000001873572a000

Marking Bits (Prev, Next): (CMBitMap*) 0x000001873613a3b0, (CMBitMap*) 0x000001873613a3f0
 Prev Bits: [0x000001873bf70000, 0x000001873cec0000)
 Next Bits: [0x000001873cec0000, 0x000001873de10000)

Polling page: 0x00000187340f0000

Metaspace:

Usage:
  Non-class:     29.08 MB used.
      Class:      4.34 MB used.
       Both:     33.42 MB used.

Virtual space:
  Non-class space:       32.00 MB reserved,      29.25 MB ( 91%) committed,  4 nodes.
      Class space:        1.00 GB reserved,       4.50 MB ( <1%) committed,  1 nodes.
             Both:        1.03 GB reserved,      33.75 MB (  3%) committed. 

Chunk freelists:
   Non-Class:  2.08 MB
       Class:  3.53 MB
        Both:  5.61 MB

MaxMetaspaceSize: unlimited
CompressedClassSpaceSize: 1.00 GB
Initial GC threshold: 21.00 MB
Current GC threshold: 56.25 MB
CDS: off
MetaspaceReclaimPolicy: balanced
 - commit_granule_bytes: 65536.
 - commit_granule_words: 8192.
 - virtual_space_node_default_size: 1048576.
 - enlarge_chunks_in_place: 1.
 - new_chunks_are_fully_committed: 0.
 - uncommit_free_chunks: 1.
 - use_allocation_guard: 0.
 - handle_deallocations: 1.


Internal statistics:

num_allocs_failed_limit: 3.
num_arena_births: 298.
num_arena_deaths: 0.
num_vsnodes_births: 5.
num_vsnodes_deaths: 0.
num_space_committed: 540.
num_space_uncommitted: 0.
num_chunks_returned_to_freelist: 3.
num_chunks_taken_from_freelist: 1263.
num_chunk_merges: 3.
num_chunk_splits: 863.
num_chunks_enlarged: 677.
num_purges: 0.
num_inconsistent_stats: 0.

CodeCache: size=49152Kb used=7728Kb max_used=7728Kb free=41423Kb
 bounds [0x0000018738d80000, 0x0000018739510000, 0x000001873bd80000]
 total_blobs=4080 nmethods=3563 adapters=444
 compilation: enabled
              stopped_count=0, restarted_count=0
 full_count=0

Compilation events (20 events):
Event: 10.237 Thread 0x00000187400c6e50 3554       1       java.lang.Exception::<init> (5 bytes)
Event: 10.237 Thread 0x00000187400c6e50 nmethod 3554 0x0000018739509090 code [0x0000018739509240, 0x0000018739509468]
Event: 10.237 Thread 0x0000018740dc9010 3555       1       java.lang.Throwable::<init> (29 bytes)
Event: 10.237 Thread 0x0000018740dc9010 nmethod 3555 0x0000018739509510 code [0x00000187395096c0, 0x00000187395098e8]
Event: 10.245 Thread 0x00000187400c6e50 3556   !   1       nonapi.io.github.classgraph.utils.FileUtils::canReadAndIsFile (24 bytes)
Event: 10.245 Thread 0x00000187400c6e50 nmethod 3556 0x0000018739509990 code [0x0000018739509b60, 0x0000018739509f48]
Event: 10.246 Thread 0x0000018740dc9010 3557       1       sun.nio.fs.WindowsException::<init> (15 bytes)
Event: 10.246 Thread 0x0000018740dc9010 nmethod 3557 0x000001873950a210 code [0x000001873950a3c0, 0x000001873950a5f8]
Event: 10.246 Thread 0x00000187400c6e50 3558       1       sun.nio.fs.WindowsException::fillInStackTrace (2 bytes)
Event: 10.246 Thread 0x00000187400c6e50 nmethod 3558 0x000001873950a690 code [0x000001873950a820, 0x000001873950a8f8]
Event: 10.247 Thread 0x0000018740dc9010 3559       1       java.io.IOException::<init> (6 bytes)
Event: 10.247 Thread 0x0000018740dc9010 nmethod 3559 0x000001873950a990 code [0x000001873950ab20, 0x000001873950ac08]
Event: 10.247 Thread 0x00000187400c6e50 3560       1       sun.nio.fs.WindowsException::rethrowAsIOException (39 bytes)
Event: 10.247 Thread 0x00000187400c6e50 nmethod 3560 0x000001873950ac90 code [0x000001873950ae20, 0x000001873950af28]
Event: 10.248 Thread 0x0000018740dc9010 3561       1       sun.nio.fs.WindowsException::translateToIOException (109 bytes)
Event: 10.248 Thread 0x0000018740dc9010 nmethod 3561 0x000001873950b010 code [0x000001873950b240, 0x000001873950b868]
Event: 10.248 Thread 0x00000187400c6e50 3562       1       java.nio.file.NoSuchFileException::<init> (8 bytes)
Event: 10.248 Thread 0x00000187400c6e50 nmethod 3562 0x000001873950bb10 code [0x000001873950bca0, 0x000001873950be48]
Event: 10.248 Thread 0x0000018740dc9010 3563       1       java.nio.file.FileSystemException::<init> (16 bytes)
Event: 10.248 Thread 0x0000018740dc9010 nmethod 3563 0x000001873950bf10 code [0x000001873950c0a0, 0x000001873950c248]

GC Heap History (20 events):
Event: 8.475 GC heap after
{Heap after GC invocations=19 (full 0):
 garbage-first heap   total 96256K, used 42881K [0x00000000c2c00000, 0x0000000100000000)
  region size 1024K, 2 young (2048K), 2 survivors (2048K)
 Metaspace       used 34163K, committed 34560K, reserved 1081344K
  class space    used 4427K, committed 4608K, reserved 1048576K
}
Event: 8.550 GC heap before
{Heap before GC invocations=19 (full 0):
 garbage-first heap   total 96256K, used 63361K [0x00000000c2c00000, 0x0000000100000000)
  region size 1024K, 24 young (24576K), 2 survivors (2048K)
 Metaspace       used 34163K, committed 34560K, reserved 1081344K
  class space    used 4427K, committed 4608K, reserved 1048576K
}
Event: 8.554 GC heap after
{Heap after GC invocations=20 (full 0):
 garbage-first heap   total 96256K, used 43824K [0x00000000c2c00000, 0x0000000100000000)
  region size 1024K, 3 young (3072K), 3 survivors (3072K)
 Metaspace       used 34163K, committed 34560K, reserved 1081344K
  class space    used 4427K, committed 4608K, reserved 1048576K
}
Event: 8.617 GC heap before
{Heap before GC invocations=20 (full 0):
 garbage-first heap   total 96256K, used 65328K [0x00000000c2c00000, 0x0000000100000000)
  region size 1024K, 25 young (25600K), 3 survivors (3072K)
 Metaspace       used 34163K, committed 34560K, reserved 1081344K
  class space    used 4427K, committed 4608K, reserved 1048576K
}
Event: 8.621 GC heap after
{Heap after GC invocations=21 (full 0):
 garbage-first heap   total 96256K, used 45189K [0x00000000c2c00000, 0x0000000100000000)
  region size 1024K, 3 young (3072K), 3 survivors (3072K)
 Metaspace       used 34163K, committed 34560K, reserved 1081344K
  class space    used 4427K, committed 4608K, reserved 1048576K
}
Event: 8.689 GC heap before
{Heap before GC invocations=21 (full 0):
 garbage-first heap   total 96256K, used 68741K [0x00000000c2c00000, 0x0000000100000000)
  region size 1024K, 27 young (27648K), 3 survivors (3072K)
 Metaspace       used 34163K, committed 34560K, reserved 1081344K
  class space    used 4427K, committed 4608K, reserved 1048576K
}
Event: 8.694 GC heap after
{Heap after GC invocations=22 (full 0):
 garbage-first heap   total 96256K, used 46073K [0x00000000c2c00000, 0x0000000100000000)
  region size 1024K, 3 young (3072K), 3 survivors (3072K)
 Metaspace       used 34163K, committed 34560K, reserved 1081344K
  class space    used 4427K, committed 4608K, reserved 1048576K
}
Event: 8.895 GC heap before
{Heap before GC invocations=22 (full 0):
 garbage-first heap   total 111616K, used 70649K [0x00000000c2c00000, 0x0000000100000000)
  region size 1024K, 28 young (28672K), 3 survivors (3072K)
 Metaspace       used 34163K, committed 34560K, reserved 1081344K
  class space    used 4427K, committed 4608K, reserved 1048576K
}
Event: 8.901 GC heap after
{Heap after GC invocations=23 (full 0):
 garbage-first heap   total 156672K, used 47493K [0x00000000c2c00000, 0x0000000100000000)
  region size 1024K, 3 young (3072K), 3 survivors (3072K)
 Metaspace       used 34163K, committed 34560K, reserved 1081344K
  class space    used 4427K, committed 4608K, reserved 1048576K
}
Event: 9.309 GC heap before
{Heap before GC invocations=24 (full 0):
 garbage-first heap   total 156672K, used 109957K [0x00000000c2c00000, 0x0000000100000000)
  region size 1024K, 65 young (66560K), 3 survivors (3072K)
 Metaspace       used 34163K, committed 34560K, reserved 1081344K
  class space    used 4427K, committed 4608K, reserved 1048576K
}
Event: 9.321 GC heap after
{Heap after GC invocations=25 (full 0):
 garbage-first heap   total 156672K, used 50371K [0x00000000c2c00000, 0x0000000100000000)
  region size 1024K, 6 young (6144K), 6 survivors (6144K)
 Metaspace       used 34163K, committed 34560K, reserved 1081344K
  class space    used 4427K, committed 4608K, reserved 1048576K
}
Event: 9.326 GC heap before
{Heap before GC invocations=25 (full 0):
 garbage-first heap   total 156672K, used 50371K [0x00000000c2c00000, 0x0000000100000000)
  region size 1024K, 7 young (7168K), 6 survivors (6144K)
 Metaspace       used 34163K, committed 34560K, reserved 1081344K
  class space    used 4427K, committed 4608K, reserved 1048576K
}
Event: 9.333 GC heap after
{Heap after GC invocations=26 (full 0):
 garbage-first heap   total 156672K, used 51085K [0x00000000c2c00000, 0x0000000100000000)
  region size 1024K, 1 young (1024K), 1 survivors (1024K)
 Metaspace       used 34163K, committed 34560K, reserved 1081344K
  class space    used 4427K, committed 4608K, reserved 1048576K
}
Event: 9.618 GC heap before
{Heap before GC invocations=26 (full 0):
 garbage-first heap   total 156672K, used 118669K [0x00000000c2c00000, 0x0000000100000000)
  region size 1024K, 68 young (69632K), 1 survivors (1024K)
 Metaspace       used 34163K, committed 34560K, reserved 1081344K
  class space    used 4427K, committed 4608K, reserved 1048576K
}
Event: 9.625 GC heap after
{Heap after GC invocations=27 (full 0):
 garbage-first heap   total 156672K, used 53623K [0x00000000c2c00000, 0x0000000100000000)
  region size 1024K, 4 young (4096K), 4 survivors (4096K)
 Metaspace       used 34163K, committed 34560K, reserved 1081344K
  class space    used 4427K, committed 4608K, reserved 1048576K
}
Event: 9.850 GC heap before
{Heap before GC invocations=27 (full 0):
 garbage-first heap   total 156672K, used 122231K [0x00000000c2c00000, 0x0000000100000000)
  region size 1024K, 71 young (72704K), 4 survivors (4096K)
 Metaspace       used 34217K, committed 34560K, reserved 1081344K
  class space    used 4439K, committed 4608K, reserved 1048576K
}
Event: 9.862 GC heap after
{Heap after GC invocations=28 (full 0):
 garbage-first heap   total 156672K, used 57181K [0x00000000c2c00000, 0x0000000100000000)
  region size 1024K, 7 young (7168K), 7 survivors (7168K)
 Metaspace       used 34217K, committed 34560K, reserved 1081344K
  class space    used 4439K, committed 4608K, reserved 1048576K
}
Event: 10.132 GC heap before
{Heap before GC invocations=28 (full 0):
 garbage-first heap   total 156672K, used 123741K [0x00000000c2c00000, 0x0000000100000000)
  region size 1024K, 73 young (74752K), 7 survivors (7168K)
 Metaspace       used 34217K, committed 34560K, reserved 1081344K
  class space    used 4439K, committed 4608K, reserved 1048576K
}
Event: 10.153 GC heap after
{Heap after GC invocations=29 (full 0):
 garbage-first heap   total 156672K, used 60205K [0x00000000c2c00000, 0x0000000100000000)
  region size 1024K, 7 young (7168K), 7 survivors (7168K)
 Metaspace       used 34217K, committed 34560K, reserved 1081344K
  class space    used 4439K, committed 4608K, reserved 1048576K
}
Event: 10.386 GC heap before
{Heap before GC invocations=29 (full 0):
 garbage-first heap   total 156672K, used 125741K [0x00000000c2c00000, 0x0000000100000000)
  region size 1024K, 72 young (73728K), 7 survivors (7168K)
 Metaspace       used 34217K, committed 34560K, reserved 1081344K
  class space    used 4439K, committed 4608K, reserved 1048576K
}

Deoptimization events (20 events):
Event: 3.187 Thread 0x0000018733fde580 DEOPT PACKING pc=0x00000187391a7999 sp=0x00000024cf2fd3e0
Event: 3.187 Thread 0x0000018733fde580 DEOPT UNPACKING pc=0x0000018738dd2b24 sp=0x00000024cf2fc8c0 mode 3
Event: 3.931 Thread 0x0000018733fde580 DEOPT PACKING pc=0x0000018739278f75 sp=0x00000024cf2fd0b0
Event: 3.931 Thread 0x0000018733fde580 DEOPT UNPACKING pc=0x0000018738dd2b24 sp=0x00000024cf2fc520 mode 3
Event: 5.129 Thread 0x0000018733fde580 DEOPT PACKING pc=0x000001873930d499 sp=0x00000024cf2fc8e0
Event: 5.129 Thread 0x0000018733fde580 DEOPT UNPACKING pc=0x0000018738dd2b24 sp=0x00000024cf2fbdc0 mode 3
Event: 5.317 Thread 0x0000018742662040 DEOPT PACKING pc=0x000001873935802b sp=0x00000024d06fece0
Event: 5.317 Thread 0x0000018742662040 DEOPT UNPACKING pc=0x0000018738dd2b24 sp=0x00000024d06fe228 mode 3
Event: 6.691 Thread 0x00000187429a2a70 DEOPT PACKING pc=0x000001873945fb35 sp=0x00000024d0efd8c0
Event: 6.691 Thread 0x00000187429a2a70 DEOPT UNPACKING pc=0x0000018738dd2b24 sp=0x00000024d0efcde8 mode 3
Event: 6.731 Thread 0x00000187423e0890 DEOPT PACKING pc=0x00000187393cc384 sp=0x00000024d0afe630
Event: 6.731 Thread 0x00000187423e0890 DEOPT UNPACKING pc=0x0000018738dd2b24 sp=0x00000024d0afdd80 mode 0
Event: 6.747 Thread 0x0000018742763ef0 DEOPT PACKING pc=0x00000187393cc384 sp=0x00000024d0cfecb0
Event: 6.747 Thread 0x0000018742763ef0 DEOPT UNPACKING pc=0x0000018738dd2b24 sp=0x00000024d0cfe400 mode 0
Event: 6.797 Thread 0x00000187423e03c0 DEOPT PACKING pc=0x00000187393cc384 sp=0x00000024d09fe510
Event: 6.797 Thread 0x00000187423e03c0 DEOPT UNPACKING pc=0x0000018738dd2b24 sp=0x00000024d09fdc60 mode 0
Event: 6.885 Thread 0x0000018742763480 DEOPT PACKING pc=0x00000187391a9501 sp=0x00000024d0bfed90
Event: 6.885 Thread 0x0000018742763480 DEOPT UNPACKING pc=0x0000018738dd2b24 sp=0x00000024d0bfe220 mode 3
Event: 7.633 Thread 0x00000187423e0890 DEOPT PACKING pc=0x00000187391a3617 sp=0x00000024d0afeba0
Event: 7.633 Thread 0x00000187423e0890 DEOPT UNPACKING pc=0x0000018738dd2b24 sp=0x00000024d0afdff8 mode 3

Classes unloaded (0 events):
No events

Classes redefined (0 events):
No events

Internal exceptions (20 events):
Event: 10.261 Thread 0x0000018742763ef0 Exception <a 'sun/nio/fs/WindowsException'{0x00000000ca52ab38}> (0x00000000ca52ab38) 
thrown [e:\jenkins\tmp\workspace\build\src\src\hotspot\share\prims\jni.cpp, line 516]
Event: 10.261 Thread 0x0000018742763ef0 Exception <a 'sun/nio/fs/WindowsException'{0x00000000ca52af98}> (0x00000000ca52af98) 
thrown [e:\jenkins\tmp\workspace\build\src\src\hotspot\share\prims\jni.cpp, line 516]
Event: 10.261 Thread 0x0000018742763ef0 Exception <a 'sun/nio/fs/WindowsException'{0x00000000ca542ad0}> (0x00000000ca542ad0) 
thrown [e:\jenkins\tmp\workspace\build\src\src\hotspot\share\prims\jni.cpp, line 516]
Event: 10.262 Thread 0x0000018742763ef0 Exception <a 'sun/nio/fs/WindowsException'{0x00000000ca542f50}> (0x00000000ca542f50) 
thrown [e:\jenkins\tmp\workspace\build\src\src\hotspot\share\prims\jni.cpp, line 516]
Event: 10.276 Thread 0x0000018742763480 Exception <a 'sun/nio/fs/WindowsException'{0x00000000ca1a3990}> (0x00000000ca1a3990) 
thrown [e:\jenkins\tmp\workspace\build\src\src\hotspot\share\prims\jni.cpp, line 516]
Event: 10.276 Thread 0x0000018742763480 Exception <a 'sun/nio/fs/WindowsException'{0x00000000ca1a3e10}> (0x00000000ca1a3e10) 
thrown [e:\jenkins\tmp\workspace\build\src\src\hotspot\share\prims\jni.cpp, line 516]
Event: 10.277 Thread 0x0000018742763480 Exception <a 'sun/nio/fs/WindowsException'{0x00000000ca1af998}> (0x00000000ca1af998) 
thrown [e:\jenkins\tmp\workspace\build\src\src\hotspot\share\prims\jni.cpp, line 516]
Event: 10.277 Thread 0x0000018742763480 Exception <a 'sun/nio/fs/WindowsException'{0x00000000ca1afdc8}> (0x00000000ca1afdc8) 
thrown [e:\jenkins\tmp\workspace\build\src\src\hotspot\share\prims\jni.cpp, line 516]
Event: 10.300 Thread 0x0000018742763480 Exception <a 'sun/nio/fs/WindowsException'{0x00000000c9af4d30}> (0x00000000c9af4d30) 
thrown [e:\jenkins\tmp\workspace\build\src\src\hotspot\share\prims\jni.cpp, line 516]
Event: 10.300 Thread 0x0000018742763480 Exception <a 'sun/nio/fs/WindowsException'{0x00000000c9af51e0}> (0x00000000c9af51e0) 
thrown [e:\jenkins\tmp\workspace\build\src\src\hotspot\share\prims\jni.cpp, line 516]
Event: 10.311 Thread 0x00000187423e0890 Exception <a 'sun/nio/fs/WindowsException'{0x00000000c97ecd88}> (0x00000000c97ecd88) 
thrown [e:\jenkins\tmp\workspace\build\src\src\hotspot\share\prims\jni.cpp, line 516]
Event: 10.312 Thread 0x00000187423e0890 Exception <a 'sun/nio/fs/WindowsException'{0x00000000c97ed200}> (0x00000000c97ed200) 
thrown [e:\jenkins\tmp\workspace\build\src\src\hotspot\share\prims\jni.cpp, line 516]
Event: 10.344 Thread 0x0000018742763ef0 Exception <a 'sun/nio/fs/WindowsException'{0x00000000c8c3ec20}> (0x00000000c8c3ec20) 
thrown [e:\jenkins\tmp\workspace\build\src\src\hotspot\share\prims\jni.cpp, line 516]
Event: 10.344 Thread 0x0000018742763ef0 Exception <a 'sun/nio/fs/WindowsException'{0x00000000c8c3f080}> (0x00000000c8c3f080) 
thrown [e:\jenkins\tmp\workspace\build\src\src\hotspot\share\prims\jni.cpp, line 516]
Event: 10.361 Thread 0x0000018742763ef0 Exception <a 'sun/nio/fs/WindowsException'{0x00000000c87e3ae0}> (0x00000000c87e3ae0) 
thrown [e:\jenkins\tmp\workspace\build\src\src\hotspot\share\prims\jni.cpp, line 516]
Event: 10.362 Thread 0x0000018742763ef0 Exception <a 'sun/nio/fs/WindowsException'{0x00000000c87e3f50}> (0x00000000c87e3f50) 
thrown [e:\jenkins\tmp\workspace\build\src\src\hotspot\share\prims\jni.cpp, line 516]
Event: 10.362 Thread 0x0000018742763ef0 Exception <a 'sun/nio/fs/WindowsException'{0x00000000c87fb218}> (0x00000000c87fb218) 
thrown [e:\jenkins\tmp\workspace\build\src\src\hotspot\share\prims\jni.cpp, line 516]
Event: 10.362 Thread 0x0000018742763ef0 Exception <a 'sun/nio/fs/WindowsException'{0x00000000c87fb688}> (0x00000000c87fb688) 
thrown [e:\jenkins\tmp\workspace\build\src\src\hotspot\share\prims\jni.cpp, line 516]
Event: 10.363 Thread 0x0000018742763ef0 Exception <a 'sun/nio/fs/WindowsException'{0x00000000c8613950}> (0x00000000c8613950) 
thrown [e:\jenkins\tmp\workspace\build\src\src\hotspot\share\prims\jni.cpp, line 516]
Event: 10.363 Thread 0x0000018742763ef0 Exception <a 'sun/nio/fs/WindowsException'{0x00000000c8613dd0}> (0x00000000c8613dd0) 
thrown [e:\jenkins\tmp\workspace\build\src\src\hotspot\share\prims\jni.cpp, line 516]

VM Operations (20 events):
Event: 8.696 Executing VM operation: G1CollectForAllocation done
Event: 8.789 Executing VM operation: G1Concurrent
Event: 8.800 Executing VM operation: G1Concurrent done
Event: 8.842 Executing VM operation: G1CollectForAllocation
Event: 8.903 Executing VM operation: G1CollectForAllocation done
Event: 8.907 Executing VM operation: G1Concurrent
Event: 8.907 Executing VM operation: G1Concurrent done
Event: 9.302 Executing VM operation: G1CollectForAllocation
Event: 9.309 Executing VM operation: G1CollectForAllocation done
Event: 9.309 Executing VM operation: G1CollectForAllocation
Event: 9.321 Executing VM operation: G1CollectForAllocation done
Event: 9.325 Executing VM operation: G1CollectForAllocation
Event: 9.334 Executing VM operation: G1CollectForAllocation done
Event: 9.617 Executing VM operation: G1CollectForAllocation
Event: 9.625 Executing VM operation: G1CollectForAllocation done
Event: 9.850 Executing VM operation: G1CollectForAllocation
Event: 9.863 Executing VM operation: G1CollectForAllocation done
Event: 10.129 Executing VM operation: G1CollectForAllocation
Event: 10.157 Executing VM operation: G1CollectForAllocation done
Event: 10.371 Executing VM operation: G1CollectForAllocation

Events (20 events):
Event: 7.151 loading class sun/nio/cs/StringUTF16 done
Event: 7.154 loading class java/util/WeakHashMap$EntrySet
Event: 7.154 loading class java/util/WeakHashMap$EntrySet done
Event: 7.154 loading class java/util/WeakHashMap$EntryIterator
Event: 7.154 loading class java/util/WeakHashMap$HashIterator
Event: 7.155 loading class java/util/WeakHashMap$HashIterator done
Event: 7.155 loading class java/util/WeakHashMap$EntryIterator done
Event: 7.991 loading class sun/nio/fs/WindowsChannelFactory$2
Event: 7.991 loading class sun/nio/fs/WindowsChannelFactory$2 done
Event: 9.648 loading class java/util/concurrent/CompletableFuture$UniApply
Event: 9.648 loading class java/util/concurrent/CompletableFuture$UniApply done
Event: 9.651 Thread 0x00000187429a25a0 Thread added: 0x00000187429a25a0
Event: 9.651 loading class java/util/concurrent/CompletableFuture$UniExceptionally
Event: 9.651 loading class java/util/concurrent/CompletableFuture$UniExceptionally done
Event: 9.663 loading class java/util/concurrent/CompletableFuture$UniCompose
Event: 9.663 loading class java/util/concurrent/CompletableFuture$UniCompose done
Event: 9.665 Thread 0x00000187429a0d90 Thread added: 0x00000187429a0d90
Event: 9.702 loading class java/util/concurrent/CompletableFuture$UniRelay
Event: 9.702 loading class java/util/concurrent/CompletableFuture$UniRelay done
Event: 9.702 Thread 0x00000187429a0d90 Thread exited: 0x00000187429a0d90


Dynamic libraries:
0x00007ff7dc670000 - 0x00007ff7dc67e000 	c:\Users\eliav\.vscode\extensions\redhat.java-1.8.0-win32-x64\jre\17.0.3-win32-x86_64\bin\java.exe
0x00007ffcd5070000 - 0x00007ffcd5267000 	C:\Windows\SYSTEM32\ntdll.dll
0x00007ffc9cf00000 - 0x00007ffc9cf16000 	C:\Program Files\Avast Software\Avast\aswhook.dll
0x00007ffcd3ba0000 - 0x00007ffcd3c5d000 	C:\Windows\System32\KERNEL32.DLL
0x00007ffcd2bf0000 - 0x00007ffcd2ebd000 	C:\Windows\System32\KERNELBASE.dll
0x00007ffcd2af0000 - 0x00007ffcd2bf0000 	C:\Windows\System32\ucrtbase.dll
0x00007ffcbc770000 - 0x00007ffcbc788000 	c:\Users\eliav\.vscode\extensions\redhat.java-1.8.0-win32-x64\jre\17.0.3-win32-x86_64\bin\jli.dll
0x00007ffcd4d00000 - 0x00007ffcd4ea0000 	C:\Windows\System32\USER32.dll
0x00007ffcd30a0000 - 0x00007ffcd30c2000 	C:\Windows\System32\win32u.dll
0x00007ffcd3fb0000 - 0x00007ffcd3fda000 	C:\Windows\System32\GDI32.dll
0x00007ffcd28a0000 - 0x00007ffcd29ab000 	C:\Windows\System32\gdi32full.dll
0x00007ffcd2790000 - 0x00007ffcd282d000 	C:\Windows\System32\msvcp_win.dll
0x00007ffcbc750000 - 0x00007ffcbc769000 	c:\Users\eliav\.vscode\extensions\redhat.java-1.8.0-win32-x64\jre\17.0.3-win32-x86_64\bin\VCRUNTIME140.dll
0x00007ffcb68e0000 - 0x00007ffcb6b7a000 	C:\Windows\WinSxS\amd64_microsoft.windows.common-controls_6595b64144ccf1df_6.0.19041.1110_none_60b5254171f9507e\COMCTL32.dll
0x00007ffcd4ea0000 - 0x00007ffcd4f3e000 	C:\Windows\System32\msvcrt.dll
0x00007ffcd3fe0000 - 0x00007ffcd4010000 	C:\Windows\System32\IMM32.DLL
0x00007ffcc3fe0000 - 0x00007ffcc3fec000 	c:\Users\eliav\.vscode\extensions\redhat.java-1.8.0-win32-x64\jre\17.0.3-win32-x86_64\bin\vcruntime140_1.dll
0x00007ffc92ad0000 - 0x00007ffc92b61000 	c:\Users\eliav\.vscode\extensions\redhat.java-1.8.0-win32-x64\jre\17.0.3-win32-x86_64\bin\msvcp140.dll
0x00007ffc5ea20000 - 0x00007ffc5f668000 	c:\Users\eliav\.vscode\extensions\redhat.java-1.8.0-win32-x64\jre\17.0.3-win32-x86_64\bin\server\jvm.dll
0x00007ffcd4760000 - 0x00007ffcd480e000 	C:\Windows\System32\ADVAPI32.dll
0x00007ffcd4010000 - 0x00007ffcd40ac000 	C:\Windows\System32\sechost.dll
0x00007ffcd3c60000 - 0x00007ffcd3d85000 	C:\Windows\System32\RPCRT4.dll
0x00007ffcd4120000 - 0x00007ffcd4128000 	C:\Windows\System32\PSAPI.DLL
0x00007ffcc0a20000 - 0x00007ffcc0a29000 	C:\Windows\SYSTEM32\WSOCK32.dll
0x00007ffcd4130000 - 0x00007ffcd419b000 	C:\Windows\System32\WS2_32.dll
0x00007ffc9f0c0000 - 0x00007ffc9f0e7000 	C:\Windows\SYSTEM32\WINMM.dll
0x00007ffcc9cc0000 - 0x00007ffcc9cca000 	C:\Windows\SYSTEM32\VERSION.dll
0x00007ffcd1250000 - 0x00007ffcd1262000 	C:\Windows\SYSTEM32\kernel.appcore.dll
0x00007ffcc25e0000 - 0x00007ffcc25ea000 	c:\Users\eliav\.vscode\extensions\redhat.java-1.8.0-win32-x64\jre\17.0.3-win32-x86_64\bin\jimage.dll
0x00007ffcd0d00000 - 0x00007ffcd0ee4000 	C:\Windows\SYSTEM32\DBGHELP.DLL
0x00007ffcc2850000 - 0x00007ffcc287c000 	C:\Windows\SYSTEM32\dbgcore.DLL
0x00007ffcd29b0000 - 0x00007ffcd2a32000 	C:\Windows\System32\bcryptPrimitives.dll
0x00007ffcacfb0000 - 0x00007ffcacfd5000 	c:\Users\eliav\.vscode\extensions\redhat.java-1.8.0-win32-x64\jre\17.0.3-win32-x86_64\bin\java.dll
0x00007ffcb3c40000 - 0x00007ffcb3c58000 	c:\Users\eliav\.vscode\extensions\redhat.java-1.8.0-win32-x64\jre\17.0.3-win32-x86_64\bin\zip.dll
0x00007ffcd3320000 - 0x00007ffcd3a64000 	C:\Windows\System32\SHELL32.dll
0x00007ffcd0490000 - 0x00007ffcd0c24000 	C:\Windows\SYSTEM32\windows.storage.dll
0x00007ffcd48f0000 - 0x00007ffcd4c44000 	C:\Windows\System32\combase.dll
0x00007ffcd2040000 - 0x00007ffcd206c000 	C:\Windows\SYSTEM32\Wldp.dll
0x00007ffcd4c50000 - 0x00007ffcd4cfd000 	C:\Windows\System32\SHCORE.dll
0x00007ffcd40b0000 - 0x00007ffcd4105000 	C:\Windows\System32\shlwapi.dll
0x00007ffcd26d0000 - 0x00007ffcd26ef000 	C:\Windows\SYSTEM32\profapi.dll
0x00007ffcacde0000 - 0x00007ffcacdf9000 	C:\Users\eliav\.vscode\extensions\redhat.java-1.8.0-win32-x64\jre\17.0.3-win32-x86_64\bin\net.dll
0x00007ffcc37e0000 - 0x00007ffcc38ea000 	C:\Windows\SYSTEM32\WINHTTP.dll
0x00007ffcd1e20000 - 0x00007ffcd1e8a000 	C:\Windows\system32\mswsock.dll
0x00007ffcc23a0000 - 0x00007ffcc23b5000 	C:\Users\eliav\.vscode\extensions\redhat.java-1.8.0-win32-x64\jre\17.0.3-win32-x86_64\bin\nio.dll
0x00007ffcc24b0000 - 0x00007ffcc24c0000 	c:\Users\eliav\.vscode\extensions\redhat.java-1.8.0-win32-x64\jre\17.0.3-win32-x86_64\bin\verify.dll
0x00007ffccac40000 - 0x00007ffccac49000 	C:\Users\eliav\.vscode\extensions\redhat.java-1.8.0-win32-x64\jre\17.0.3-win32-x86_64\bin\management.dll
0x00007ffcc23e0000 - 0x00007ffcc23eb000 	C:\Users\eliav\.vscode\extensions\redhat.java-1.8.0-win32-x64\jre\17.0.3-win32-x86_64\bin\management_ext.dll
0x00007ffcbcfd0000 - 0x00007ffcbcfe7000 	C:\Windows\system32\napinsp.dll
0x00007ffcbcfb0000 - 0x00007ffcbcfcb000 	C:\Windows\system32\pnrpnsp.dll
0x00007ffcb1290000 - 0x00007ffcb12a5000 	C:\Windows\system32\wshbth.dll
0x00007ffccd680000 - 0x00007ffccd69d000 	C:\Windows\system32\NLAapi.dll
0x00007ffcd1b30000 - 0x00007ffcd1b6b000 	C:\Windows\SYSTEM32\IPHLPAPI.DLL
0x00007ffcd1b70000 - 0x00007ffcd1c3b000 	C:\Windows\SYSTEM32\DNSAPI.dll
0x00007ffcd3d90000 - 0x00007ffcd3d98000 	C:\Windows\System32\NSI.dll
0x00007ffcb0ea0000 - 0x00007ffcb0eb2000 	C:\Windows\System32\winrnr.dll
0x00007ffcc2a90000 - 0x00007ffcc2a9a000 	C:\Windows\System32\rasadhlp.dll
0x00007ffcc33a0000 - 0x00007ffcc3420000 	C:\Windows\System32\fwpuclnt.dll
0x00007ffcd3070000 - 0x00007ffcd3097000 	C:\Windows\System32\bcrypt.dll
0x00007ffcd2080000 - 0x00007ffcd2098000 	C:\Windows\SYSTEM32\CRYPTSP.dll
0x00007ffcd17c0000 - 0x00007ffcd17f4000 	C:\Windows\system32\rsaenh.dll
0x00007ffcd2690000 - 0x00007ffcd26be000 	C:\Windows\SYSTEM32\USERENV.dll
0x00007ffcd1fb0000 - 0x00007ffcd1fbc000 	C:\Windows\SYSTEM32\CRYPTBASE.dll
0x00007ffcc3b90000 - 0x00007ffcc3ba7000 	C:\Windows\SYSTEM32\dhcpcsvc6.DLL
0x00007ffcc3b70000 - 0x00007ffcc3b8d000 	C:\Windows\SYSTEM32\dhcpcsvc.DLL

dbghelp: loaded successfully - version: 4.0.5 - missing functions: none
symbol engine: initialized successfully - sym options: 0x614 - pdb path: .;c:\Users\eliav\.vscode\extensions\redhat.java-1.8.0-win32-x64\jre\17.0.3-win32-x86_64\bin;C:\Windows\SYSTEM32;C:\Program Files\Avast Software\Avast;C:\Windows\WinSxS\amd64_microsoft.windows.common-controls_6595b64144ccf1df_6.0.19041.1110_none_60b5254171f9507e;c:\Users\eliav\.vscode\extensions\redhat.java-1.8.0-win32-x64\jre\17.0.3-win32-x86_64\bin\server

VM Arguments:
jvm_args: --add-modules=ALL-SYSTEM --add-exports=jdk.compiler/com.sun.tools.javac.file=ALL-UNNAMED --add-exports=jdk.compiler/com.sun.tools.javac.util=ALL-UNNAMED --add-exports=jdk.compiler/com.sun.tools.javac.comp=ALL-UNNAMED --add-exports=jdk.compiler/com.sun.tools.javac.main=ALL-UNNAMED --add-exports=jdk.compiler/com.sun.tools.javac.tree=ALL-UNNAMED --add-exports=jdk.compiler/com.sun.tools.javac.code=ALL-UNNAMED -Dsts.lsp.client=vscode -Dsts.log.file=/dev/null -XX:TieredStopAtLevel=1 -Dspring.config.location=file:c:\Users\eliav\.vscode\extensions\pivotal.vscode-spring-boot-1.36.0\language-server\BOOT-INF\classes\application.properties 
java_command: org.springframework.ide.vscode.boot.app.BootLanguageServerBootApp
java_class_path (initial): c:\Users\eliav\.vscode\extensions\pivotal.vscode-spring-boot-1.36.0\language-server\BOOT-INF\classes;c:\Users\eliav\.vscode\extensions\pivotal.vscode-spring-boot-1.36.0\language-server\BOOT-INF\lib\annotations-23.0.0.jar;c:\Users\eliav\.vscode\extensions\pivotal.vscode-spring-boot-1.36.0\language-server\BOOT-INF\lib\antlr-runtime-3.5.2.jar;c:\Users\eliav\.vscode\extensions\pivotal.vscode-spring-boot-1.36.0\language-server\BOOT-INF\lib\antlr4-4.9.3.jar;c:\Users\eliav\.vscode\extensions\pivotal.vscode-spring-boot-1.36.0\language-server\BOOT-INF\lib\antlr4-runtime-4.9.3.jar;c:\Users\eliav\.vscode\extensions\pivotal.vscode-spring-boot-1.36.0\language-server\BOOT-INF\lib\asm-9.3.jar;c:\Users\eliav\.vscode\extensions\pivotal.vscode-spring-boot-1.36.0\language-server\BOOT-INF\lib\asm-analysis-9.3.jar;c:\Users\eliav\.vscode\extensions\pivotal.vscode-spring-boot-1.36.0\language-server\BOOT-INF\lib\asm-tree-9.3.jar;c:\Users\eliav\.vscode\extensions\pivotal.vscode-spring-boot-1.36.0\language-server\BOOT-INF\lib\asm-util-9.3.jar;c:\Users\eliav\.vscode\extensions\pivotal.vscode-spring-boot-1.36.0\language-server\BOOT-INF\lib\byte-buddy-1.10.18.jar;c:\Users\eliav\.vscode\extensions\pivotal.vscode-spring-boot-1.36.0\language-server\BOOT-INF\lib\caffeine-2.8.6.jar;c:\Users\eliav\.vscode\extensions\pivotal.vscode-spring-boot-1.36.0\language-server\BOOT-INF\lib\checker-qual-3.12.0.jar;c:\Users\eliav\.vscode\extensions\pivotal.vscode-spring-boot-1.36.0\language-server\BOOT-INF\lib\classgraph-4.8.146.jar;c:\Users\eliav\.vscode\extensions\pivotal.vscode-spring-boot-1.36.0\language-server\BOOT-INF\lib\commons-codec-1.14.jar;c:\Users\eliav\.vscode\extensions\pivotal.vscode-spring-boot-1.36.0\language-server\BOOT-INF\lib\commons-compress-1.21.jar;c:\Users\eliav\.vscode\extensions\pivotal.vscode-spring-boot-1.36.0\language-server\BOOT-INF\lib\commons-exec-1.3.jar;c:\Users\eliav\.vscode\extensions\pivotal.vscode-spring-boot-1.36.0\language-server\BOOT-INF\lib\com
Launcher Type: SUN_STANDARD

[Global flags]
     intx CICompilerCount                          = 2                                         {product} {ergonomic}
     uint ConcGCThreads                            = 1                                         {product} {ergonomic}
     uint G1ConcRefinementThreads                  = 2                                         {product} {ergonomic}
   size_t G1HeapRegionSize                         = 1048576                                   {product} {ergonomic}
    uintx GCDrainStackTargetSize                   = 64                                        {product} {ergonomic}
   size_t InitialHeapSize                          = 65011712                                  {product} {ergonomic}
   size_t MarkStackSize                            = 4194304                                   {product} {ergonomic}
   size_t MaxHeapSize                              = 1027604480                                {product} {ergonomic}
   size_t MaxNewSize                               = 616562688                                 {product} {ergonomic}
   size_t MinHeapDeltaBytes                        = 1048576                                   {product} {ergonomic}
   size_t MinHeapSize                              = 8388608                                   {product} {ergonomic}
    uintx NonProfiledCodeHeapSize                  = 0                                      {pd product} {ergonomic}
     bool ProfileInterpreter                       = false                                  {pd product} {command line}
    uintx ProfiledCodeHeapSize                     = 0                                      {pd product} {ergonomic}
   size_t SoftMaxHeapSize                          = 1027604480                             {manageable} {ergonomic}
     intx TieredStopAtLevel                        = 1                                         {product} {command line}
     bool UseCompressedClassPointers               = true                           {product lp64_product} {ergonomic}
     bool UseCompressedOops                        = true                           {product lp64_product} {ergonomic}
     bool UseG1GC                                  = true                                      {product} {ergonomic}
     bool UseLargePagesIndividualAllocation        = false                                  {pd product} {ergonomic}

Logging:
Log output configuration:
 #0: stdout all=warning uptime,level,tags
 #1: stderr all=off uptime,level,tags

Environment Variables:
JAVA_HOME=C:\Program Files\Java\jdk-17.0.3.1
PATH=C:\Python310\Scripts\;C:\Python310\;C:\Program Files\Common Files\Oracle\Java\javapath;C:\Program Files (x86)\Common Files\Intel\Shared Libraries\redist\intel64\compiler;C:\Windows\system32;C:\Windows;C:\Windows\System32\Wbem;C:\Windows\System32\WindowsPowerShell\v1.0\;C:\Windows\System32\OpenSSH\;C:\Program Files\dotnet\;C:\sqlite-tools-win32-x86-3370200;C:\Windows\Microsoft.NET\Framework64\v4.0.30319;C:\Program Files\MongoDB\Server\5.0\bin;C:\Program Files\MySQL\MySQL Server 8.0\bin;C:\Program Files (x86)\dotnet\;C:\ProgramData\chocolatey\bin;C:\Users\eliav\AppData\Roaming\npm;C:\Program Files\Git\cmd;C:\Program Files\Microsoft VS Code\bin;C:\Program Files\MongoDB\Server\5.0\bin;C:\MinGW\bin;C:\MinGW\mingw64\bin;C:\MinGW\4.8.5\mingw64\bin;C:\Users\eliav\AppData\Local\Yarn\bin;C:\Program Files\Go\bin;C:\Program Files\Amazon\AWSCLIV2\;C:\Program Files\Java\jdk-17.0.3.1;C:\Program Files\nodejs;C:\Program Files\Docker\Docker\resources\bin;C:\ProgramData\DockerDesktop\version-bin;C:\Program Files\MySQL\MySQL Shell 8.0\bin\;C:\Users\eliav\AppData\Local\Microsoft\WindowsApps;C:\Users\eliav\AppData\Local\Programs\Microsoft VS Code\bin;C:\Users\eliav\.dotnet\tools;C:\Program Files\MongoDB\Server\5.0\bin;C:\Windows\Microsoft.NET\Framework64\v4.0.30319;C:\Program Files\MySQL\MySQL Server 8.0\bin;C:\Program Files\Azure Data Studio\bin;'C:\Windows\system32'cmd.exe;C:\Program Files\heroku\bin;C:\Program Files\Go\bin;C:\Users\eliav\AppData\Roaming\nvm;C:\Program Files\nodejs;%IntelliJ IDEA Community Edition%;C:\Users\eliav\go\bin;C:\Program Files\Amazon\AWSCLIV2\;C:\Users\eliav\AppData\Roaming\npm
USERNAME=eliav
OS=Windows_NT
PROCESSOR_IDENTIFIER=Intel64 Family 6 Model 122 Stepping 8, GenuineIntel



---------------  S Y S T E M  ---------------

OS:
 Windows 10 , 64 bit Build 19041 (10.0.19041.1741)
OS uptime: 2 days 8:25 hours
Hyper-V role detected

CPU: total 2 (initial active 2) (2 cores per cpu, 1 threads per core) family 6 model 122 stepping 8 microcode 0x16, cx8, cmov, fxsr, mmx, 3dnowpref, sse, sse2, sse3, ssse3, sse4.1, sse4.2, popcnt, tsc, tscinvbit, aes, erms, clmul, sha, clflush, clflushopt, hv

Memory: 4k page, system-wide physical 3916M (367M free)
TotalPageFile size 15692M (AvailPageFile size 141M)
current process WorkingSet (physical memory assigned to process): 241M, peak: 241M
current process commit charge ("private bytes"): 272M, peak: 469M

vm_info: OpenJDK 64-Bit Server VM (17.0.3+7) for windows-amd64 JRE (17.0.3+7), built on Apr 19 2022 16:55:35 by "" with MS VC++ 16.7 (VS2019)

END.
