#
# There is insufficient memory for the Java Runtime Environment to continue.
# Native memory allocation (mmap) failed to map 46137344 bytes for G1 virtual space
# Possible reasons:
#   The system is out of physical RAM or swap space
#   The process is running with CompressedOops enabled, and the Java Heap may be blocking the growth of the native heap
# Possible solutions:
#   Reduce memory load on the system
#   Increase physical memory or swap space
#   Check if swap backing store is full
#   Decrease Java heap size (-Xmx/-Xms)
#   Decrease number of Java threads
#   Decrease Java thread stack sizes (-Xss)
#   Set larger code cache with -XX:ReservedCodeCacheSize=
#   JVM is running with Unscaled Compressed Oops mode in which the Java heap is
#     placed in the first 4GB address space. The Java Heap base address is the
#     maximum limit for the native heap growth. Please use -XX:HeapBaseMinAddress
#     to set the Java Heap base and to place the Java Heap above 4GB virtual address.
# This output file may be truncated or incomplete.
#
#  Out of Memory Error (os_windows.cpp:3535), pid=12844, tid=13052
#
# JRE version: OpenJDK Runtime Environment Temurin-17.0.3+7 (17.0.3+7) (build 17.0.3+7)
# Java VM: OpenJDK 64-Bit Server VM Temurin-17.0.3+7 (17.0.3+7, mixed mode, emulated-client, tiered, compressed oops, compressed class ptrs, g1 gc, windows-amd64)
# No core dump will be written. Minidumps are not enabled by default on client versions of Windows
#

---------------  S U M M A R Y ------------

Command Line: --add-modules=ALL-SYSTEM --add-exports=jdk.compiler/com.sun.tools.javac.file=ALL-UNNAMED --add-exports=jdk.compiler/com.sun.tools.javac.util=ALL-UNNAMED --add-exports=jdk.compiler/com.sun.tools.javac.comp=ALL-UNNAMED --add-exports=jdk.compiler/com.sun.tools.javac.main=ALL-UNNAMED --add-exports=jdk.compiler/com.sun.tools.javac.tree=ALL-UNNAMED --add-exports=jdk.compiler/com.sun.tools.javac.code=ALL-UNNAMED -Dsts.lsp.client=vscode -Dsts.log.file=/dev/null -XX:TieredStopAtLevel=1 -Dspring.config.location=file:c:\Users\eliav\.vscode\extensions\pivotal.vscode-spring-boot-1.36.0\language-server\BOOT-INF\classes\application.properties org.springframework.ide.vscode.boot.app.BootLanguageServerBootApp

Host: Intel(R) Celeron(R) N4020 CPU @ 1.10GHz, 2 cores, 3G,  Windows 10 , 64 bit Build 19041 (10.0.19041.1741)
Time: Fri Jul  1 17:50:56 2022 Hora Padrão de Buenos Aires elapsed time: 11.465611 seconds (0d 0h 0m 11s)

---------------  T H R E A D  ---------------

Current thread (0x0000015f286045a0):  VMThread "VM Thread" [stack: 0x0000001d28100000,0x0000001d28200000] [id=13052]

Stack: [0x0000001d28100000,0x0000001d28200000]
Native frames: (J=compiled Java code, j=interpreted, Vv=VM code, C=native code)
V  [jvm.dll+0x675efa]
V  [jvm.dll+0x830a24]
V  [jvm.dll+0x8321ce]
V  [jvm.dll+0x832833]
V  [jvm.dll+0x2454b5]
V  [jvm.dll+0x672de9]
V  [jvm.dll+0x667732]
V  [jvm.dll+0x3043ab]
V  [jvm.dll+0x30b8f6]
V  [jvm.dll+0x35b62e]
V  [jvm.dll+0x35b85f]
V  [jvm.dll+0x2db248]
V  [jvm.dll+0x2d94fc]
V  [jvm.dll+0x2d8acc]
V  [jvm.dll+0x31ca2b]
V  [jvm.dll+0x836cdb]
V  [jvm.dll+0x837a14]
V  [jvm.dll+0x837f2c]
V  [jvm.dll+0x838304]
V  [jvm.dll+0x8383d0]
V  [jvm.dll+0x7e0cfa]
V  [jvm.dll+0x674d85]
C  [ucrtbase.dll+0x21bb2]
C  [KERNEL32.DLL+0x17034]
C  [ntdll.dll+0x52651]

VM_Operation (0x0000001d295fe120): G1CollectForAllocation, mode: safepoint, requested by thread 0x0000015f2b05aff0


---------------  P R O C E S S  ---------------

Threads class SMR info:
_java_thread_list=0x0000015f2b706c70, length=22, elements={
0x0000015f1e84b540, 0x0000015f1e84c3b0, 0x0000015f28664130, 0x0000015f28665d60,
0x0000015f28668630, 0x0000015f28668ef0, 0x0000015f28669860, 0x0000015f28692c20,
0x0000015f285dc360, 0x0000015f291fe810, 0x0000015f2aee7520, 0x0000015f2adec580,
0x0000015f2aef0ab0, 0x0000015f1c65e480, 0x0000015f2ae38730, 0x0000015f2b05c1a0,
0x0000015f2b05c670, 0x0000015f2b05aff0, 0x0000015f298a8210, 0x0000015f298a6530,
0x0000015f298a86e0, 0x0000015f298a8bb0
}

Java Threads: ( => current thread )
  0x0000015f1e84b540 JavaThread "Reference Handler" daemon [_thread_blocked, id=616, stack(0x0000001d28200000,0x0000001d28300000)]
  0x0000015f1e84c3b0 JavaThread "Finalizer" daemon [_thread_blocked, id=4816, stack(0x0000001d28300000,0x0000001d28400000)]
  0x0000015f28664130 JavaThread "Signal Dispatcher" daemon [_thread_blocked, id=5952, stack(0x0000001d28400000,0x0000001d28500000)]
  0x0000015f28665d60 JavaThread "Attach Listener" daemon [_thread_blocked, id=13608, stack(0x0000001d28500000,0x0000001d28600000)]
  0x0000015f28668630 JavaThread "Service Thread" daemon [_thread_blocked, id=11272, stack(0x0000001d28600000,0x0000001d28700000)]
  0x0000015f28668ef0 JavaThread "Monitor Deflation Thread" daemon [_thread_blocked, id=7984, stack(0x0000001d28700000,0x0000001d28800000)]
  0x0000015f28669860 JavaThread "C1 CompilerThread0" daemon [_thread_blocked, id=12980, stack(0x0000001d28800000,0x0000001d28900000)]
  0x0000015f28692c20 JavaThread "Sweeper thread" daemon [_thread_blocked, id=12396, stack(0x0000001d28900000,0x0000001d28a00000)]
  0x0000015f285dc360 JavaThread "Common-Cleaner" daemon [_thread_blocked, id=5020, stack(0x0000001d28a00000,0x0000001d28b00000)]
  0x0000015f291fe810 JavaThread "Notification Thread" daemon [_thread_blocked, id=2336, stack(0x0000001d28c00000,0x0000001d28d00000)]
  0x0000015f2aee7520 JavaThread "Thread-1" [_thread_blocked, id=2712, stack(0x0000001d28f00000,0x0000001d29000000)]
  0x0000015f2adec580 JavaThread "pool-7-thread-1" [_thread_blocked, id=7176, stack(0x0000001d29000000,0x0000001d29100000)]
  0x0000015f2aef0ab0 JavaThread "LanguageServerApp-lifecycle" [_thread_blocked, id=12704, stack(0x0000001d29100000,0x0000001d29200000)]
  0x0000015f1c65e480 JavaThread "DestroyJavaVM" [_thread_blocked, id=3076, stack(0x0000001d27b00000,0x0000001d27c00000)]
  0x0000015f2ae38730 JavaThread "ClassGraph-worker-0" daemon [_thread_blocked, id=13080, stack(0x0000001d29200000,0x0000001d29300000)]
  0x0000015f2b05c1a0 JavaThread "ClassGraph-worker-1" daemon [_thread_blocked, id=5968, stack(0x0000001d29300000,0x0000001d29400000)]
  0x0000015f2b05c670 JavaThread "ClassGraph-worker-2" daemon [_thread_blocked, id=10520, stack(0x0000001d29400000,0x0000001d29500000)]
  0x0000015f2b05aff0 JavaThread "ClassGraph-worker-3" daemon [_thread_blocked, id=8680, stack(0x0000001d29500000,0x0000001d29600000)]
  0x0000015f298a8210 JavaThread "pool-8-thread-1" [_thread_in_native, id=3892, stack(0x0000001d29600000,0x0000001d29700000)]
  0x0000015f298a6530 JavaThread "Simple-Language-Server main thread" daemon [_thread_blocked, id=12492, stack(0x0000001d29700000,0x0000001d29800000)]
  0x0000015f298a86e0 JavaThread "pool-2-thread-1" [_thread_blocked, id=12692, stack(0x0000001d29800000,0x0000001d29900000)]
  0x0000015f298a8bb0 JavaThread "parallel-1" daemon [_thread_blocked, id=11792, stack(0x0000001d29900000,0x0000001d29a00000)]

Other Threads:
=>0x0000015f286045a0 VMThread "VM Thread" [stack: 0x0000001d28100000,0x0000001d28200000] [id=13052]
  0x0000015f29200cf0 WatcherThread [stack: 0x0000001d28d00000,0x0000001d28e00000] [id=4504]
  0x0000015f1e7b9e40 GCTaskThread "GC Thread#0" [stack: 0x0000001d27c00000,0x0000001d27d00000] [id=14144]
  0x0000015f29550670 GCTaskThread "GC Thread#1" [stack: 0x0000001d28e00000,0x0000001d28f00000] [id=8336]
  0x0000015f1e7c2800 ConcurrentGCThread "G1 Main Marker" [stack: 0x0000001d27d00000,0x0000001d27e00000] [id=5228]
  0x0000015f1e7c42f0 ConcurrentGCThread "G1 Conc#0" [stack: 0x0000001d27e00000,0x0000001d27f00000] [id=4924]
  0x0000015f1e7f66b0 ConcurrentGCThread "G1 Refine#0" [stack: 0x0000001d27f00000,0x0000001d28000000] [id=8212]
  0x0000015f1e7f70d0 ConcurrentGCThread "G1 Service" [stack: 0x0000001d28000000,0x0000001d28100000] [id=13068]

Threads with active compile tasks:

VM state: at safepoint (normal execution)

VM Mutex/Monitor currently owned by a thread:  ([mutex/lock_event])
[0x0000015f1c58b5b0] Threads_lock - owner thread: 0x0000015f286045a0
[0x0000015f1e77e200] Heap_lock - owner thread: 0x0000015f2b05aff0

Heap address: 0x00000000c2c00000, size: 980 MB, Compressed Oops mode: 32-bit

CDS archive(s) not mapped
Compressed class space mapped at: 0x0000000100000000-0x0000000140000000, reserved size: 1073741824
Narrow klass base: 0x0000000000000000, Narrow klass shift: 3, Narrow klass range: 0x140000000

GC Precious Log:
 CPUs: 2 total, 2 available
 Memory: 3916M
 Large Page Support: Disabled
 NUMA Support: Disabled
 Compressed Oops: Enabled (32-bit)
 Heap Region Size: 1M
 Heap Min Capacity: 8M
 Heap Initial Capacity: 62M
 Heap Max Capacity: 980M
 Pre-touch: Disabled
 Parallel Workers: 2
 Concurrent Workers: 1
 Concurrent Refinement Workers: 2
 Periodic GC: Disabled

Heap:
 garbage-first heap   total 241664K, used 90112K [0x00000000c2c00000, 0x0000000100000000)
  region size 1024K, 12 young (12288K), 12 survivors (12288K)
 Metaspace       used 34236K, committed 34624K, reserved 1081344K
  class space    used 4433K, committed 4608K, reserved 1048576K

Heap Regions: E=young(eden), S=young(survivor), O=old, HS=humongous(starts), HC=humongous(continues), CS=collection set, F=free, OA=open archive, CA=closed archive, TAMS=top-at-mark-start (previous, next)
|   0|0x00000000c2c00000, 0x00000000c2d00000, 0x00000000c2d00000|100%| O|  |TAMS 0x00000000c2d00000, 0x00000000c2c00000| Untracked 
|   1|0x00000000c2d00000, 0x00000000c2e00000, 0x00000000c2e00000|100%| O|  |TAMS 0x00000000c2e00000, 0x00000000c2d00000| Untracked 
|   2|0x00000000c2e00000, 0x00000000c2f00000, 0x00000000c2f00000|100%| O|  |TAMS 0x00000000c2f00000, 0x00000000c2e00000| Untracked 
|   3|0x00000000c2f00000, 0x00000000c3000000, 0x00000000c3000000|100%| O|  |TAMS 0x00000000c3000000, 0x00000000c2f00000| Untracked 
|   4|0x00000000c3000000, 0x00000000c3100000, 0x00000000c3100000|100%| O|  |TAMS 0x00000000c3100000, 0x00000000c3000000| Untracked 
|   5|0x00000000c3100000, 0x00000000c3200000, 0x00000000c3200000|100%| O|  |TAMS 0x00000000c3200000, 0x00000000c3100000| Untracked 
|   6|0x00000000c3200000, 0x00000000c3300000, 0x00000000c3300000|100%| O|  |TAMS 0x00000000c3300000, 0x00000000c3200000| Untracked 
|   7|0x00000000c3300000, 0x00000000c3400000, 0x00000000c3400000|100%| O|  |TAMS 0x00000000c3400000, 0x00000000c3300000| Untracked 
|   8|0x00000000c3400000, 0x00000000c3500000, 0x00000000c3500000|100%| O|  |TAMS 0x00000000c3500000, 0x00000000c3400000| Untracked 
|   9|0x00000000c3500000, 0x00000000c3600000, 0x00000000c3600000|100%| O|  |TAMS 0x00000000c3600000, 0x00000000c3500000| Untracked 
|  10|0x00000000c3600000, 0x00000000c3700000, 0x00000000c3700000|100%| O|  |TAMS 0x00000000c3700000, 0x00000000c3600000| Untracked 
|  11|0x00000000c3700000, 0x00000000c3800000, 0x00000000c3800000|100%| O|  |TAMS 0x00000000c3800000, 0x00000000c3700000| Untracked 
|  12|0x00000000c3800000, 0x00000000c3900000, 0x00000000c3900000|100%| O|  |TAMS 0x00000000c3900000, 0x00000000c3800000| Untracked 
|  13|0x00000000c3900000, 0x00000000c3a00000, 0x00000000c3a00000|100%| O|  |TAMS 0x00000000c3a00000, 0x00000000c3900000| Untracked 
|  14|0x00000000c3a00000, 0x00000000c3b00000, 0x00000000c3b00000|100%| O|  |TAMS 0x00000000c3b00000, 0x00000000c3a00000| Untracked 
|  15|0x00000000c3b00000, 0x00000000c3c00000, 0x00000000c3c00000|100%| O|  |TAMS 0x00000000c3c00000, 0x00000000c3b00000| Untracked 
|  16|0x00000000c3c00000, 0x00000000c3d00000, 0x00000000c3d00000|100%| O|  |TAMS 0x00000000c3d00000, 0x00000000c3c00000| Untracked 
|  17|0x00000000c3d00000, 0x00000000c3e00000, 0x00000000c3e00000|100%| O|  |TAMS 0x00000000c3e00000, 0x00000000c3d00000| Untracked 
|  18|0x00000000c3e00000, 0x00000000c3f00000, 0x00000000c3f00000|100%| O|  |TAMS 0x00000000c3f00000, 0x00000000c3e00000| Untracked 
|  19|0x00000000c3f00000, 0x00000000c4000000, 0x00000000c4000000|100%| O|  |TAMS 0x00000000c4000000, 0x00000000c3f00000| Untracked 
|  20|0x00000000c4000000, 0x00000000c4100000, 0x00000000c4100000|100%| O|  |TAMS 0x00000000c4100000, 0x00000000c4000000| Untracked 
|  21|0x00000000c4100000, 0x00000000c4200000, 0x00000000c4200000|100%| O|  |TAMS 0x00000000c4200000, 0x00000000c4100000| Untracked 
|  22|0x00000000c4200000, 0x00000000c4300000, 0x00000000c4300000|100%| O|  |TAMS 0x00000000c4300000, 0x00000000c4200000| Untracked 
|  23|0x00000000c4300000, 0x00000000c4400000, 0x00000000c4400000|100%| O|  |TAMS 0x00000000c4400000, 0x00000000c4300000| Untracked 
|  24|0x00000000c4400000, 0x00000000c4500000, 0x00000000c4500000|100%| O|  |TAMS 0x00000000c4500000, 0x00000000c4400000| Untracked 
|  25|0x00000000c4500000, 0x00000000c4600000, 0x00000000c4600000|100%| O|  |TAMS 0x00000000c4600000, 0x00000000c4500000| Untracked 
|  26|0x00000000c4600000, 0x00000000c4700000, 0x00000000c4700000|100%| O|  |TAMS 0x00000000c4700000, 0x00000000c4600000| Untracked 
|  27|0x00000000c4700000, 0x00000000c4800000, 0x00000000c4800000|100%| O|  |TAMS 0x00000000c4800000, 0x00000000c4700000| Untracked 
|  28|0x00000000c4800000, 0x00000000c4900000, 0x00000000c4900000|100%| O|  |TAMS 0x00000000c4900000, 0x00000000c4800000| Untracked 
|  29|0x00000000c4900000, 0x00000000c4a00000, 0x00000000c4a00000|100%| O|  |TAMS 0x00000000c4a00000, 0x00000000c4900000| Untracked 
|  30|0x00000000c4a00000, 0x00000000c4b00000, 0x00000000c4b00000|100%| O|  |TAMS 0x00000000c4b00000, 0x00000000c4a00000| Untracked 
|  31|0x00000000c4b00000, 0x00000000c4c00000, 0x00000000c4c00000|100%| O|  |TAMS 0x00000000c4c00000, 0x00000000c4b00000| Untracked 
|  32|0x00000000c4c00000, 0x00000000c4d00000, 0x00000000c4d00000|100%| O|  |TAMS 0x00000000c4d00000, 0x00000000c4c00000| Untracked 
|  33|0x00000000c4d00000, 0x00000000c4e00000, 0x00000000c4e00000|100%| O|  |TAMS 0x00000000c4e00000, 0x00000000c4d00000| Untracked 
|  34|0x00000000c4e00000, 0x00000000c4f00000, 0x00000000c4f00000|100%| O|  |TAMS 0x00000000c4f00000, 0x00000000c4e00000| Untracked 
|  35|0x00000000c4f00000, 0x00000000c5000000, 0x00000000c5000000|100%| O|  |TAMS 0x00000000c5000000, 0x00000000c4f00000| Untracked 
|  36|0x00000000c5000000, 0x00000000c5100000, 0x00000000c5100000|100%| O|  |TAMS 0x00000000c5000000, 0x00000000c5000000| Untracked 
|  37|0x00000000c5100000, 0x00000000c5200000, 0x00000000c5200000|100%| O|  |TAMS 0x00000000c5100000, 0x00000000c5100000| Untracked 
|  38|0x00000000c5200000, 0x00000000c5300000, 0x00000000c5300000|100%| O|  |TAMS 0x00000000c5200000, 0x00000000c5200000| Untracked 
|  39|0x00000000c5300000, 0x00000000c5400000, 0x00000000c5400000|100%| O|  |TAMS 0x00000000c5300000, 0x00000000c5300000| Untracked 
|  40|0x00000000c5400000, 0x00000000c5500000, 0x00000000c5500000|100%| O|  |TAMS 0x00000000c5400000, 0x00000000c5400000| Untracked 
|  41|0x00000000c5500000, 0x00000000c5600000, 0x00000000c5600000|100%| O|  |TAMS 0x00000000c5500000, 0x00000000c5500000| Untracked 
|  42|0x00000000c5600000, 0x00000000c5700000, 0x00000000c5700000|100%| O|  |TAMS 0x00000000c5600000, 0x00000000c5600000| Untracked 
|  43|0x00000000c5700000, 0x00000000c5800000, 0x00000000c5800000|100%| O|  |TAMS 0x00000000c5700000, 0x00000000c5700000| Untracked 
|  44|0x00000000c5800000, 0x00000000c5900000, 0x00000000c5900000|100%| O|  |TAMS 0x00000000c5800000, 0x00000000c5800000| Untracked 
|  45|0x00000000c5900000, 0x00000000c5a00000, 0x00000000c5a00000|100%| O|  |TAMS 0x00000000c5900000, 0x00000000c5900000| Untracked 
|  46|0x00000000c5a00000, 0x00000000c5b00000, 0x00000000c5b00000|100%| O|  |TAMS 0x00000000c5a00000, 0x00000000c5a00000| Untracked 
|  47|0x00000000c5b00000, 0x00000000c5c00000, 0x00000000c5c00000|100%| O|  |TAMS 0x00000000c5b00000, 0x00000000c5b00000| Untracked 
|  48|0x00000000c5c00000, 0x00000000c5d00000, 0x00000000c5d00000|100%| O|  |TAMS 0x00000000c5c00000, 0x00000000c5c00000| Untracked 
|  49|0x00000000c5d00000, 0x00000000c5e00000, 0x00000000c5e00000|100%| O|  |TAMS 0x00000000c5d00000, 0x00000000c5d00000| Untracked 
|  50|0x00000000c5e00000, 0x00000000c5f00000, 0x00000000c5f00000|100%| O|  |TAMS 0x00000000c5e00000, 0x00000000c5e00000| Untracked 
|  51|0x00000000c5f00000, 0x00000000c6000000, 0x00000000c6000000|100%| O|  |TAMS 0x00000000c5f00000, 0x00000000c5f00000| Untracked 
|  52|0x00000000c6000000, 0x00000000c6100000, 0x00000000c6100000|100%| O|  |TAMS 0x00000000c6000000, 0x00000000c6000000| Untracked 
|  53|0x00000000c6100000, 0x00000000c6200000, 0x00000000c6200000|100%| O|  |TAMS 0x00000000c6100000, 0x00000000c6100000| Untracked 
|  54|0x00000000c6200000, 0x00000000c6300000, 0x00000000c6300000|100%| O|  |TAMS 0x00000000c6200000, 0x00000000c6200000| Untracked 
|  55|0x00000000c6300000, 0x00000000c6400000, 0x00000000c6400000|100%| O|  |TAMS 0x00000000c6300000, 0x00000000c6300000| Untracked 
|  56|0x00000000c6400000, 0x00000000c6500000, 0x00000000c6500000|100%| O|  |TAMS 0x00000000c6400000, 0x00000000c6400000| Untracked 
|  57|0x00000000c6500000, 0x00000000c6600000, 0x00000000c6600000|100%| O|  |TAMS 0x00000000c6500000, 0x00000000c6500000| Untracked 
|  58|0x00000000c6600000, 0x00000000c6700000, 0x00000000c6700000|100%| O|  |TAMS 0x00000000c6600000, 0x00000000c6600000| Untracked 
|  59|0x00000000c6700000, 0x00000000c6800000, 0x00000000c6800000|100%| O|  |TAMS 0x00000000c6700000, 0x00000000c6700000| Untracked 
|  60|0x00000000c6800000, 0x00000000c6900000, 0x00000000c6900000|100%| O|  |TAMS 0x00000000c6800000, 0x00000000c6800000| Untracked 
|  61|0x00000000c6900000, 0x00000000c6a00000, 0x00000000c6a00000|100%| O|  |TAMS 0x00000000c6900000, 0x00000000c6900000| Untracked 
|  62|0x00000000c6a00000, 0x00000000c6b00000, 0x00000000c6b00000|100%| O|  |TAMS 0x00000000c6a00000, 0x00000000c6a00000| Untracked 
|  63|0x00000000c6b00000, 0x00000000c6c00000, 0x00000000c6c00000|100%| O|  |TAMS 0x00000000c6b00000, 0x00000000c6b00000| Untracked 
|  64|0x00000000c6c00000, 0x00000000c6d00000, 0x00000000c6d00000|100%| O|  |TAMS 0x00000000c6c00000, 0x00000000c6c00000| Untracked 
|  65|0x00000000c6d00000, 0x00000000c6e00000, 0x00000000c6e00000|100%| O|  |TAMS 0x00000000c6d00000, 0x00000000c6d00000| Untracked 
|  66|0x00000000c6e00000, 0x00000000c6f00000, 0x00000000c6f00000|100%| O|  |TAMS 0x00000000c6e00000, 0x00000000c6e00000| Untracked 
|  67|0x00000000c6f00000, 0x00000000c7000000, 0x00000000c7000000|100%| O|  |TAMS 0x00000000c6f00000, 0x00000000c6f00000| Untracked 
|  68|0x00000000c7000000, 0x00000000c7100000, 0x00000000c7100000|100%| O|  |TAMS 0x00000000c7000000, 0x00000000c7000000| Untracked 
|  69|0x00000000c7100000, 0x00000000c7200000, 0x00000000c7200000|100%| O|  |TAMS 0x00000000c7100000, 0x00000000c7100000| Untracked 
|  70|0x00000000c7200000, 0x00000000c7300000, 0x00000000c7300000|100%| O|  |TAMS 0x00000000c7200000, 0x00000000c7200000| Untracked 
|  71|0x00000000c7300000, 0x00000000c7400000, 0x00000000c7400000|100%| O|  |TAMS 0x00000000c7300000, 0x00000000c7300000| Untracked 
|  72|0x00000000c7400000, 0x00000000c7500000, 0x00000000c7500000|100%| O|  |TAMS 0x00000000c7400000, 0x00000000c7400000| Untracked 
|  73|0x00000000c7500000, 0x00000000c7600000, 0x00000000c7600000|100%| O|  |TAMS 0x00000000c7500000, 0x00000000c7500000| Untracked 
|  74|0x00000000c7600000, 0x00000000c7700000, 0x00000000c7700000|100%| O|  |TAMS 0x00000000c7600000, 0x00000000c7600000| Untracked 
|  75|0x00000000c7700000, 0x00000000c7800000, 0x00000000c7800000|100%| O|  |TAMS 0x00000000c7700000, 0x00000000c7700000| Untracked 
|  76|0x00000000c7800000, 0x00000000c7880000, 0x00000000c7900000| 50%| O|  |TAMS 0x00000000c7800000, 0x00000000c7800000| Untracked 
|  77|0x00000000c7900000, 0x00000000c7900000, 0x00000000c7a00000|  0%| F|  |TAMS 0x00000000c7900000, 0x00000000c7900000| Untracked 
|  78|0x00000000c7a00000, 0x00000000c7a00000, 0x00000000c7b00000|  0%| F|  |TAMS 0x00000000c7a00000, 0x00000000c7a00000| Untracked 
|  79|0x00000000c7b00000, 0x00000000c7b00000, 0x00000000c7c00000|  0%| F|  |TAMS 0x00000000c7b00000, 0x00000000c7b00000| Untracked 
|  80|0x00000000c7c00000, 0x00000000c7c00000, 0x00000000c7d00000|  0%| F|  |TAMS 0x00000000c7c00000, 0x00000000c7c00000| Untracked 
|  81|0x00000000c7d00000, 0x00000000c7d00000, 0x00000000c7e00000|  0%| F|  |TAMS 0x00000000c7d00000, 0x00000000c7d00000| Untracked 
|  82|0x00000000c7e00000, 0x00000000c7e00000, 0x00000000c7f00000|  0%| F|  |TAMS 0x00000000c7e00000, 0x00000000c7e00000| Untracked 
|  83|0x00000000c7f00000, 0x00000000c7f00000, 0x00000000c8000000|  0%| F|  |TAMS 0x00000000c7f00000, 0x00000000c7f00000| Untracked 
|  84|0x00000000c8000000, 0x00000000c8000000, 0x00000000c8100000|  0%| F|  |TAMS 0x00000000c8000000, 0x00000000c8000000| Untracked 
|  85|0x00000000c8100000, 0x00000000c8100000, 0x00000000c8200000|  0%| F|  |TAMS 0x00000000c8100000, 0x00000000c8100000| Untracked 
|  86|0x00000000c8200000, 0x00000000c8200000, 0x00000000c8300000|  0%| F|  |TAMS 0x00000000c8200000, 0x00000000c8200000| Untracked 
|  87|0x00000000c8300000, 0x00000000c8300000, 0x00000000c8400000|  0%| F|  |TAMS 0x00000000c8300000, 0x00000000c8300000| Untracked 
|  88|0x00000000c8400000, 0x00000000c8400000, 0x00000000c8500000|  0%| F|  |TAMS 0x00000000c8400000, 0x00000000c8400000| Untracked 
|  89|0x00000000c8500000, 0x00000000c8500000, 0x00000000c8600000|  0%| F|  |TAMS 0x00000000c8500000, 0x00000000c8500000| Untracked 
|  90|0x00000000c8600000, 0x00000000c8600000, 0x00000000c8700000|  0%| F|  |TAMS 0x00000000c8600000, 0x00000000c8600000| Untracked 
|  91|0x00000000c8700000, 0x00000000c8700000, 0x00000000c8800000|  0%| F|  |TAMS 0x00000000c8700000, 0x00000000c8700000| Untracked 
|  92|0x00000000c8800000, 0x00000000c8800000, 0x00000000c8900000|  0%| F|  |TAMS 0x00000000c8800000, 0x00000000c8800000| Untracked 
|  93|0x00000000c8900000, 0x00000000c8900000, 0x00000000c8a00000|  0%| F|  |TAMS 0x00000000c8900000, 0x00000000c8900000| Untracked 
|  94|0x00000000c8a00000, 0x00000000c8a00000, 0x00000000c8b00000|  0%| F|  |TAMS 0x00000000c8a00000, 0x00000000c8a00000| Untracked 
|  95|0x00000000c8b00000, 0x00000000c8b00000, 0x00000000c8c00000|  0%| F|  |TAMS 0x00000000c8b00000, 0x00000000c8b00000| Untracked 
|  96|0x00000000c8c00000, 0x00000000c8c00000, 0x00000000c8d00000|  0%| F|  |TAMS 0x00000000c8c00000, 0x00000000c8c00000| Untracked 
|  97|0x00000000c8d00000, 0x00000000c8d00000, 0x00000000c8e00000|  0%| F|  |TAMS 0x00000000c8d00000, 0x00000000c8d00000| Untracked 
|  98|0x00000000c8e00000, 0x00000000c8e00000, 0x00000000c8f00000|  0%| F|  |TAMS 0x00000000c8e00000, 0x00000000c8e00000| Untracked 
|  99|0x00000000c8f00000, 0x00000000c8f80000, 0x00000000c9000000| 50%| S|CS|TAMS 0x00000000c8f00000, 0x00000000c8f00000| Complete 
| 100|0x00000000c9000000, 0x00000000c9100000, 0x00000000c9100000|100%| S|CS|TAMS 0x00000000c9000000, 0x00000000c9000000| Complete 
| 101|0x00000000c9100000, 0x00000000c9100000, 0x00000000c9200000|  0%| F|  |TAMS 0x00000000c9100000, 0x00000000c9100000| Untracked 
| 102|0x00000000c9200000, 0x00000000c9200000, 0x00000000c9300000|  0%| F|  |TAMS 0x00000000c9200000, 0x00000000c9200000| Untracked 
| 103|0x00000000c9300000, 0x00000000c9300000, 0x00000000c9400000|  0%| F|  |TAMS 0x00000000c9300000, 0x00000000c9300000| Untracked 
| 104|0x00000000c9400000, 0x00000000c9400000, 0x00000000c9500000|  0%| F|  |TAMS 0x00000000c9400000, 0x00000000c9400000| Untracked 
| 105|0x00000000c9500000, 0x00000000c9500000, 0x00000000c9600000|  0%| F|  |TAMS 0x00000000c9500000, 0x00000000c9500000| Untracked 
| 106|0x00000000c9600000, 0x00000000c9600000, 0x00000000c9700000|  0%| F|  |TAMS 0x00000000c9600000, 0x00000000c9600000| Untracked 
| 107|0x00000000c9700000, 0x00000000c9700000, 0x00000000c9800000|  0%| F|  |TAMS 0x00000000c9700000, 0x00000000c9700000| Untracked 
| 108|0x00000000c9800000, 0x00000000c9800000, 0x00000000c9900000|  0%| F|  |TAMS 0x00000000c9800000, 0x00000000c9800000| Untracked 
| 109|0x00000000c9900000, 0x00000000c9a00000, 0x00000000c9a00000|100%| S|CS|TAMS 0x00000000c9900000, 0x00000000c9900000| Complete 
| 110|0x00000000c9a00000, 0x00000000c9b00000, 0x00000000c9b00000|100%| S|CS|TAMS 0x00000000c9a00000, 0x00000000c9a00000| Complete 
| 111|0x00000000c9b00000, 0x00000000c9c00000, 0x00000000c9c00000|100%| S|CS|TAMS 0x00000000c9b00000, 0x00000000c9b00000| Complete 
| 112|0x00000000c9c00000, 0x00000000c9d00000, 0x00000000c9d00000|100%| S|CS|TAMS 0x00000000c9c00000, 0x00000000c9c00000| Complete 
| 113|0x00000000c9d00000, 0x00000000c9e00000, 0x00000000c9e00000|100%| S|CS|TAMS 0x00000000c9d00000, 0x00000000c9d00000| Complete 
| 114|0x00000000c9e00000, 0x00000000c9f00000, 0x00000000c9f00000|100%| S|CS|TAMS 0x00000000c9e00000, 0x00000000c9e00000| Complete 
| 115|0x00000000c9f00000, 0x00000000ca000000, 0x00000000ca000000|100%| S|CS|TAMS 0x00000000c9f00000, 0x00000000c9f00000| Complete 
| 116|0x00000000ca000000, 0x00000000ca000000, 0x00000000ca100000|  0%| F|  |TAMS 0x00000000ca000000, 0x00000000ca000000| Untracked 
| 117|0x00000000ca100000, 0x00000000ca100000, 0x00000000ca200000|  0%| F|  |TAMS 0x00000000ca100000, 0x00000000ca100000| Untracked 
| 118|0x00000000ca200000, 0x00000000ca300000, 0x00000000ca300000|100%| S|CS|TAMS 0x00000000ca200000, 0x00000000ca200000| Complete 
| 119|0x00000000ca300000, 0x00000000ca400000, 0x00000000ca400000|100%| S|CS|TAMS 0x00000000ca300000, 0x00000000ca300000| Complete 
| 120|0x00000000ca400000, 0x00000000ca500000, 0x00000000ca500000|100%| S|CS|TAMS 0x00000000ca400000, 0x00000000ca400000| Complete 
| 121|0x00000000ca500000, 0x00000000ca500000, 0x00000000ca600000|  0%| F|  |TAMS 0x00000000ca500000, 0x00000000ca500000| Untracked 
| 122|0x00000000ca600000, 0x00000000ca600000, 0x00000000ca700000|  0%| F|  |TAMS 0x00000000ca600000, 0x00000000ca600000| Untracked 
| 123|0x00000000ca700000, 0x00000000ca700000, 0x00000000ca800000|  0%| F|  |TAMS 0x00000000ca700000, 0x00000000ca700000| Untracked 
| 124|0x00000000ca800000, 0x00000000ca800000, 0x00000000ca900000|  0%| F|  |TAMS 0x00000000ca800000, 0x00000000ca800000| Untracked 
| 125|0x00000000ca900000, 0x00000000ca900000, 0x00000000caa00000|  0%| F|  |TAMS 0x00000000ca900000, 0x00000000ca900000| Untracked 
| 126|0x00000000caa00000, 0x00000000caa00000, 0x00000000cab00000|  0%| F|  |TAMS 0x00000000caa00000, 0x00000000caa00000| Untracked 
| 127|0x00000000cab00000, 0x00000000cab00000, 0x00000000cac00000|  0%| F|  |TAMS 0x00000000cab00000, 0x00000000cab00000| Untracked 
| 128|0x00000000cac00000, 0x00000000cac00000, 0x00000000cad00000|  0%| F|  |TAMS 0x00000000cac00000, 0x00000000cac00000| Untracked 
| 129|0x00000000cad00000, 0x00000000cad00000, 0x00000000cae00000|  0%| F|  |TAMS 0x00000000cad00000, 0x00000000cad00000| Untracked 
| 130|0x00000000cae00000, 0x00000000cae00000, 0x00000000caf00000|  0%| F|  |TAMS 0x00000000cae00000, 0x00000000cae00000| Untracked 
| 131|0x00000000caf00000, 0x00000000caf00000, 0x00000000cb000000|  0%| F|  |TAMS 0x00000000caf00000, 0x00000000caf00000| Untracked 
| 132|0x00000000cb000000, 0x00000000cb000000, 0x00000000cb100000|  0%| F|  |TAMS 0x00000000cb000000, 0x00000000cb000000| Untracked 
| 133|0x00000000cb100000, 0x00000000cb100000, 0x00000000cb200000|  0%| F|  |TAMS 0x00000000cb100000, 0x00000000cb100000| Untracked 
| 134|0x00000000cb200000, 0x00000000cb200000, 0x00000000cb300000|  0%| F|  |TAMS 0x00000000cb200000, 0x00000000cb200000| Untracked 
| 135|0x00000000cb300000, 0x00000000cb300000, 0x00000000cb400000|  0%| F|  |TAMS 0x00000000cb300000, 0x00000000cb300000| Untracked 
| 136|0x00000000cb400000, 0x00000000cb400000, 0x00000000cb500000|  0%| F|  |TAMS 0x00000000cb400000, 0x00000000cb400000| Untracked 
| 137|0x00000000cb500000, 0x00000000cb500000, 0x00000000cb600000|  0%| F|  |TAMS 0x00000000cb500000, 0x00000000cb500000| Untracked 
| 138|0x00000000cb600000, 0x00000000cb600000, 0x00000000cb700000|  0%| F|  |TAMS 0x00000000cb600000, 0x00000000cb600000| Untracked 
| 139|0x00000000cb700000, 0x00000000cb700000, 0x00000000cb800000|  0%| F|  |TAMS 0x00000000cb700000, 0x00000000cb700000| Untracked 
| 140|0x00000000cb800000, 0x00000000cb800000, 0x00000000cb900000|  0%| F|  |TAMS 0x00000000cb800000, 0x00000000cb800000| Untracked 
| 141|0x00000000cb900000, 0x00000000cb900000, 0x00000000cba00000|  0%| F|  |TAMS 0x00000000cb900000, 0x00000000cb900000| Untracked 
| 142|0x00000000cba00000, 0x00000000cba00000, 0x00000000cbb00000|  0%| F|  |TAMS 0x00000000cba00000, 0x00000000cba00000| Untracked 
| 143|0x00000000cbb00000, 0x00000000cbb00000, 0x00000000cbc00000|  0%| F|  |TAMS 0x00000000cbb00000, 0x00000000cbb00000| Untracked 
| 144|0x00000000cbc00000, 0x00000000cbc00000, 0x00000000cbd00000|  0%| F|  |TAMS 0x00000000cbc00000, 0x00000000cbc00000| Untracked 
| 145|0x00000000cbd00000, 0x00000000cbd00000, 0x00000000cbe00000|  0%| F|  |TAMS 0x00000000cbd00000, 0x00000000cbd00000| Untracked 
| 146|0x00000000cbe00000, 0x00000000cbe00000, 0x00000000cbf00000|  0%| F|  |TAMS 0x00000000cbe00000, 0x00000000cbe00000| Untracked 
| 147|0x00000000cbf00000, 0x00000000cbf00000, 0x00000000cc000000|  0%| F|  |TAMS 0x00000000cbf00000, 0x00000000cbf00000| Untracked 
| 148|0x00000000cc000000, 0x00000000cc000000, 0x00000000cc100000|  0%| F|  |TAMS 0x00000000cc000000, 0x00000000cc000000| Untracked 
| 149|0x00000000cc100000, 0x00000000cc100000, 0x00000000cc200000|  0%| F|  |TAMS 0x00000000cc100000, 0x00000000cc100000| Untracked 
| 150|0x00000000cc200000, 0x00000000cc200000, 0x00000000cc300000|  0%| F|  |TAMS 0x00000000cc200000, 0x00000000cc200000| Untracked 
| 151|0x00000000cc300000, 0x00000000cc300000, 0x00000000cc400000|  0%| F|  |TAMS 0x00000000cc300000, 0x00000000cc300000| Untracked 
| 152|0x00000000cc400000, 0x00000000cc400000, 0x00000000cc500000|  0%| F|  |TAMS 0x00000000cc400000, 0x00000000cc400000| Untracked 
| 153|0x00000000cc500000, 0x00000000cc500000, 0x00000000cc600000|  0%| F|  |TAMS 0x00000000cc500000, 0x00000000cc500000| Untracked 
| 154|0x00000000cc600000, 0x00000000cc600000, 0x00000000cc700000|  0%| F|  |TAMS 0x00000000cc600000, 0x00000000cc600000| Untracked 
| 155|0x00000000cc700000, 0x00000000cc700000, 0x00000000cc800000|  0%| F|  |TAMS 0x00000000cc700000, 0x00000000cc700000| Untracked 
| 156|0x00000000cc800000, 0x00000000cc800000, 0x00000000cc900000|  0%| F|  |TAMS 0x00000000cc800000, 0x00000000cc800000| Untracked 
| 157|0x00000000cc900000, 0x00000000cc900000, 0x00000000cca00000|  0%| F|  |TAMS 0x00000000cc900000, 0x00000000cc900000| Untracked 
| 158|0x00000000cca00000, 0x00000000cca00000, 0x00000000ccb00000|  0%| F|  |TAMS 0x00000000cca00000, 0x00000000cca00000| Untracked 
| 159|0x00000000ccb00000, 0x00000000ccb00000, 0x00000000ccc00000|  0%| F|  |TAMS 0x00000000ccb00000, 0x00000000ccb00000| Untracked 
| 160|0x00000000ccc00000, 0x00000000ccc00000, 0x00000000ccd00000|  0%| F|  |TAMS 0x00000000ccc00000, 0x00000000ccc00000| Untracked 
| 161|0x00000000ccd00000, 0x00000000ccd00000, 0x00000000cce00000|  0%| F|  |TAMS 0x00000000ccd00000, 0x00000000ccd00000| Untracked 
| 162|0x00000000cce00000, 0x00000000cce00000, 0x00000000ccf00000|  0%| F|  |TAMS 0x00000000cce00000, 0x00000000cce00000| Untracked 
| 163|0x00000000ccf00000, 0x00000000ccf00000, 0x00000000cd000000|  0%| F|  |TAMS 0x00000000ccf00000, 0x00000000ccf00000| Untracked 
| 164|0x00000000cd000000, 0x00000000cd000000, 0x00000000cd100000|  0%| F|  |TAMS 0x00000000cd000000, 0x00000000cd000000| Untracked 
| 165|0x00000000cd100000, 0x00000000cd100000, 0x00000000cd200000|  0%| F|  |TAMS 0x00000000cd100000, 0x00000000cd100000| Untracked 
| 166|0x00000000cd200000, 0x00000000cd200000, 0x00000000cd300000|  0%| F|  |TAMS 0x00000000cd200000, 0x00000000cd200000| Untracked 
| 167|0x00000000cd300000, 0x00000000cd300000, 0x00000000cd400000|  0%| F|  |TAMS 0x00000000cd300000, 0x00000000cd300000| Untracked 
| 168|0x00000000cd400000, 0x00000000cd400000, 0x00000000cd500000|  0%| F|  |TAMS 0x00000000cd400000, 0x00000000cd400000| Untracked 
| 169|0x00000000cd500000, 0x00000000cd500000, 0x00000000cd600000|  0%| F|  |TAMS 0x00000000cd500000, 0x00000000cd500000| Untracked 
| 170|0x00000000cd600000, 0x00000000cd600000, 0x00000000cd700000|  0%| F|  |TAMS 0x00000000cd600000, 0x00000000cd600000| Untracked 
| 171|0x00000000cd700000, 0x00000000cd700000, 0x00000000cd800000|  0%| F|  |TAMS 0x00000000cd700000, 0x00000000cd700000| Untracked 
| 172|0x00000000cd800000, 0x00000000cd800000, 0x00000000cd900000|  0%| F|  |TAMS 0x00000000cd800000, 0x00000000cd800000| Untracked 
| 173|0x00000000cd900000, 0x00000000cd900000, 0x00000000cda00000|  0%| F|  |TAMS 0x00000000cd900000, 0x00000000cd900000| Untracked 
| 174|0x00000000cda00000, 0x00000000cda00000, 0x00000000cdb00000|  0%| F|  |TAMS 0x00000000cda00000, 0x00000000cda00000| Untracked 
| 175|0x00000000cdb00000, 0x00000000cdb00000, 0x00000000cdc00000|  0%| F|  |TAMS 0x00000000cdb00000, 0x00000000cdb00000| Untracked 
| 176|0x00000000cdc00000, 0x00000000cdc00000, 0x00000000cdd00000|  0%| F|  |TAMS 0x00000000cdc00000, 0x00000000cdc00000| Untracked 
| 177|0x00000000cdd00000, 0x00000000cdd00000, 0x00000000cde00000|  0%| F|  |TAMS 0x00000000cdd00000, 0x00000000cdd00000| Untracked 
| 178|0x00000000cde00000, 0x00000000cde00000, 0x00000000cdf00000|  0%| F|  |TAMS 0x00000000cde00000, 0x00000000cde00000| Untracked 
| 179|0x00000000cdf00000, 0x00000000cdf00000, 0x00000000ce000000|  0%| F|  |TAMS 0x00000000cdf00000, 0x00000000cdf00000| Untracked 
| 180|0x00000000ce000000, 0x00000000ce000000, 0x00000000ce100000|  0%| F|  |TAMS 0x00000000ce000000, 0x00000000ce000000| Untracked 
| 181|0x00000000ce100000, 0x00000000ce100000, 0x00000000ce200000|  0%| F|  |TAMS 0x00000000ce100000, 0x00000000ce100000| Untracked 
| 182|0x00000000ce200000, 0x00000000ce200000, 0x00000000ce300000|  0%| F|  |TAMS 0x00000000ce200000, 0x00000000ce200000| Untracked 
| 183|0x00000000ce300000, 0x00000000ce300000, 0x00000000ce400000|  0%| F|  |TAMS 0x00000000ce300000, 0x00000000ce300000| Untracked 
| 184|0x00000000ce400000, 0x00000000ce400000, 0x00000000ce500000|  0%| F|  |TAMS 0x00000000ce400000, 0x00000000ce400000| Untracked 
| 185|0x00000000ce500000, 0x00000000ce500000, 0x00000000ce600000|  0%| F|  |TAMS 0x00000000ce500000, 0x00000000ce500000| Untracked 
| 186|0x00000000ce600000, 0x00000000ce600000, 0x00000000ce700000|  0%| F|  |TAMS 0x00000000ce600000, 0x00000000ce600000| Untracked 
| 187|0x00000000ce700000, 0x00000000ce700000, 0x00000000ce800000|  0%| F|  |TAMS 0x00000000ce700000, 0x00000000ce700000| Untracked 
| 188|0x00000000ce800000, 0x00000000ce800000, 0x00000000ce900000|  0%| F|  |TAMS 0x00000000ce800000, 0x00000000ce800000| Untracked 
| 189|0x00000000ce900000, 0x00000000ce900000, 0x00000000cea00000|  0%| F|  |TAMS 0x00000000ce900000, 0x00000000ce900000| Untracked 
| 190|0x00000000cea00000, 0x00000000cea00000, 0x00000000ceb00000|  0%| F|  |TAMS 0x00000000cea00000, 0x00000000cea00000| Untracked 
| 191|0x00000000ceb00000, 0x00000000ceb00000, 0x00000000cec00000|  0%| F|  |TAMS 0x00000000ceb00000, 0x00000000ceb00000| Untracked 
| 192|0x00000000cec00000, 0x00000000cec00000, 0x00000000ced00000|  0%| F|  |TAMS 0x00000000cec00000, 0x00000000cec00000| Untracked 
| 193|0x00000000ced00000, 0x00000000ced00000, 0x00000000cee00000|  0%| F|  |TAMS 0x00000000ced00000, 0x00000000ced00000| Untracked 
| 194|0x00000000cee00000, 0x00000000cee00000, 0x00000000cef00000|  0%| F|  |TAMS 0x00000000cee00000, 0x00000000cee00000| Untracked 
| 195|0x00000000cef00000, 0x00000000cef00000, 0x00000000cf000000|  0%| F|  |TAMS 0x00000000cef00000, 0x00000000cef00000| Untracked 
| 196|0x00000000cf000000, 0x00000000cf000000, 0x00000000cf100000|  0%| F|  |TAMS 0x00000000cf000000, 0x00000000cf000000| Untracked 
| 197|0x00000000cf100000, 0x00000000cf100000, 0x00000000cf200000|  0%| F|  |TAMS 0x00000000cf100000, 0x00000000cf100000| Untracked 
| 198|0x00000000cf200000, 0x00000000cf200000, 0x00000000cf300000|  0%| F|  |TAMS 0x00000000cf200000, 0x00000000cf200000| Untracked 
| 199|0x00000000cf300000, 0x00000000cf300000, 0x00000000cf400000|  0%| F|  |TAMS 0x00000000cf300000, 0x00000000cf300000| Untracked 
| 200|0x00000000cf400000, 0x00000000cf400000, 0x00000000cf500000|  0%| F|  |TAMS 0x00000000cf400000, 0x00000000cf400000| Untracked 
| 201|0x00000000cf500000, 0x00000000cf500000, 0x00000000cf600000|  0%| F|  |TAMS 0x00000000cf500000, 0x00000000cf500000| Untracked 
| 202|0x00000000cf600000, 0x00000000cf600000, 0x00000000cf700000|  0%| F|  |TAMS 0x00000000cf600000, 0x00000000cf600000| Untracked 
| 203|0x00000000cf700000, 0x00000000cf700000, 0x00000000cf800000|  0%| F|  |TAMS 0x00000000cf700000, 0x00000000cf700000| Untracked 
| 204|0x00000000cf800000, 0x00000000cf800000, 0x00000000cf900000|  0%| F|  |TAMS 0x00000000cf800000, 0x00000000cf800000| Untracked 
| 205|0x00000000cf900000, 0x00000000cf900000, 0x00000000cfa00000|  0%| F|  |TAMS 0x00000000cf900000, 0x00000000cf900000| Untracked 
| 206|0x00000000cfa00000, 0x00000000cfa00000, 0x00000000cfb00000|  0%| F|  |TAMS 0x00000000cfa00000, 0x00000000cfa00000| Untracked 
| 207|0x00000000cfb00000, 0x00000000cfb00000, 0x00000000cfc00000|  0%| F|  |TAMS 0x00000000cfb00000, 0x00000000cfb00000| Untracked 
| 208|0x00000000cfc00000, 0x00000000cfc00000, 0x00000000cfd00000|  0%| F|  |TAMS 0x00000000cfc00000, 0x00000000cfc00000| Untracked 
| 209|0x00000000cfd00000, 0x00000000cfd00000, 0x00000000cfe00000|  0%| F|  |TAMS 0x00000000cfd00000, 0x00000000cfd00000| Untracked 
| 210|0x00000000cfe00000, 0x00000000cfe00000, 0x00000000cff00000|  0%| F|  |TAMS 0x00000000cfe00000, 0x00000000cfe00000| Untracked 
| 211|0x00000000cff00000, 0x00000000cff00000, 0x00000000d0000000|  0%| F|  |TAMS 0x00000000cff00000, 0x00000000cff00000| Untracked 
| 212|0x00000000d0000000, 0x00000000d0000000, 0x00000000d0100000|  0%| F|  |TAMS 0x00000000d0000000, 0x00000000d0000000| Untracked 
| 213|0x00000000d0100000, 0x00000000d0100000, 0x00000000d0200000|  0%| F|  |TAMS 0x00000000d0100000, 0x00000000d0100000| Untracked 
| 214|0x00000000d0200000, 0x00000000d0200000, 0x00000000d0300000|  0%| F|  |TAMS 0x00000000d0200000, 0x00000000d0200000| Untracked 
| 215|0x00000000d0300000, 0x00000000d0300000, 0x00000000d0400000|  0%| F|  |TAMS 0x00000000d0300000, 0x00000000d0300000| Untracked 
| 216|0x00000000d0400000, 0x00000000d0400000, 0x00000000d0500000|  0%| F|  |TAMS 0x00000000d0400000, 0x00000000d0400000| Untracked 
| 217|0x00000000d0500000, 0x00000000d0500000, 0x00000000d0600000|  0%| F|  |TAMS 0x00000000d0500000, 0x00000000d0500000| Untracked 
| 218|0x00000000d0600000, 0x00000000d0600000, 0x00000000d0700000|  0%| F|  |TAMS 0x00000000d0600000, 0x00000000d0600000| Untracked 
| 219|0x00000000d0700000, 0x00000000d0700000, 0x00000000d0800000|  0%| F|  |TAMS 0x00000000d0700000, 0x00000000d0700000| Untracked 
| 220|0x00000000d0800000, 0x00000000d0800000, 0x00000000d0900000|  0%| F|  |TAMS 0x00000000d0800000, 0x00000000d0800000| Untracked 
| 221|0x00000000d0900000, 0x00000000d0900000, 0x00000000d0a00000|  0%| F|  |TAMS 0x00000000d0900000, 0x00000000d0900000| Untracked 
| 222|0x00000000d0a00000, 0x00000000d0a00000, 0x00000000d0b00000|  0%| F|  |TAMS 0x00000000d0a00000, 0x00000000d0a00000| Untracked 
| 223|0x00000000d0b00000, 0x00000000d0b00000, 0x00000000d0c00000|  0%| F|  |TAMS 0x00000000d0b00000, 0x00000000d0b00000| Untracked 
| 224|0x00000000d0c00000, 0x00000000d0c00000, 0x00000000d0d00000|  0%| F|  |TAMS 0x00000000d0c00000, 0x00000000d0c00000| Untracked 
| 225|0x00000000d0d00000, 0x00000000d0d00000, 0x00000000d0e00000|  0%| F|  |TAMS 0x00000000d0d00000, 0x00000000d0d00000| Untracked 
| 226|0x00000000d0e00000, 0x00000000d0e00000, 0x00000000d0f00000|  0%| F|  |TAMS 0x00000000d0e00000, 0x00000000d0e00000| Untracked 
| 227|0x00000000d0f00000, 0x00000000d0f00000, 0x00000000d1000000|  0%| F|  |TAMS 0x00000000d0f00000, 0x00000000d0f00000| Untracked 
| 228|0x00000000d1000000, 0x00000000d1000000, 0x00000000d1100000|  0%| F|  |TAMS 0x00000000d1000000, 0x00000000d1000000| Untracked 
| 229|0x00000000d1100000, 0x00000000d1100000, 0x00000000d1200000|  0%| F|  |TAMS 0x00000000d1100000, 0x00000000d1100000| Untracked 
| 230|0x00000000d1200000, 0x00000000d1200000, 0x00000000d1300000|  0%| F|  |TAMS 0x00000000d1200000, 0x00000000d1200000| Untracked 
| 231|0x00000000d1300000, 0x00000000d1300000, 0x00000000d1400000|  0%| F|  |TAMS 0x00000000d1300000, 0x00000000d1300000| Untracked 
| 232|0x00000000d1400000, 0x00000000d1400000, 0x00000000d1500000|  0%| F|  |TAMS 0x00000000d1400000, 0x00000000d1400000| Untracked 
| 233|0x00000000d1500000, 0x00000000d1500000, 0x00000000d1600000|  0%| F|  |TAMS 0x00000000d1500000, 0x00000000d1500000| Untracked 
| 234|0x00000000d1600000, 0x00000000d1600000, 0x00000000d1700000|  0%| F|  |TAMS 0x00000000d1600000, 0x00000000d1600000| Untracked 
| 235|0x00000000d1700000, 0x00000000d1700000, 0x00000000d1800000|  0%| F|  |TAMS 0x00000000d1700000, 0x00000000d1700000| Untracked 

Card table byte_map: [0x0000015f1e360000,0x0000015f1e550000] _byte_map_base: 0x0000015f1dd4a000

Marking Bits (Prev, Next): (CMBitMap*) 0x0000015f1e7ba450, (CMBitMap*) 0x0000015f1e7ba490
 Prev Bits: [0x0000015f24400000, 0x0000015f25350000)
 Next Bits: [0x0000015f25350000, 0x0000015f262a0000)

Polling page: 0x0000015f1c6b0000

Metaspace:

Usage:
  Non-class:     29.10 MB used.
      Class:      4.33 MB used.
       Both:     33.43 MB used.

Virtual space:
  Non-class space:       32.00 MB reserved,      29.31 MB ( 92%) committed,  4 nodes.
      Class space:        1.00 GB reserved,       4.50 MB ( <1%) committed,  1 nodes.
             Both:        1.03 GB reserved,      33.81 MB (  3%) committed. 

Chunk freelists:
   Non-Class:  2.05 MB
       Class:  3.55 MB
        Both:  5.59 MB

MaxMetaspaceSize: unlimited
CompressedClassSpaceSize: 1.00 GB
Initial GC threshold: 21.00 MB
Current GC threshold: 56.38 MB
CDS: off
MetaspaceReclaimPolicy: balanced
 - commit_granule_bytes: 65536.
 - commit_granule_words: 8192.
 - virtual_space_node_default_size: 1048576.
 - enlarge_chunks_in_place: 1.
 - new_chunks_are_fully_committed: 0.
 - uncommit_free_chunks: 1.
 - use_allocation_guard: 0.
 - handle_deallocations: 1.


Internal statistics:

num_allocs_failed_limit: 5.
num_arena_births: 298.
num_arena_deaths: 0.
num_vsnodes_births: 5.
num_vsnodes_deaths: 0.
num_space_committed: 541.
num_space_uncommitted: 0.
num_chunks_returned_to_freelist: 5.
num_chunks_taken_from_freelist: 1273.
num_chunk_merges: 5.
num_chunk_splits: 864.
num_chunks_enlarged: 674.
num_purges: 0.
num_inconsistent_stats: 0.

CodeCache: size=49152Kb used=7201Kb max_used=7753Kb free=41950Kb
 bounds [0x0000015f21400000, 0x0000015f21ba0000, 0x0000015f24400000]
 total_blobs=4096 nmethods=3580 adapters=444
 compilation: enabled
              stopped_count=0, restarted_count=0
 full_count=0

Compilation events (20 events):
Event: 9.640 Thread 0x0000015f29187a40 3571       1       io.github.classgraph.ObjectTypedValueWrapper::instantiateOrGet (416 bytes)
Event: 9.642 Thread 0x0000015f29187a40 nmethod 3571 0x0000015f21b8db90 code [0x0000015f21b8de60, 0x0000015f21b8e768]
Event: 9.642 Thread 0x0000015f28669860 3572       1       io.github.classgraph.Classfile::extendScanningUpwardsFromAnnotationParameterValues (166 bytes)
Event: 9.643 Thread 0x0000015f28669860 nmethod 3572 0x0000015f21b8ea10 code [0x0000015f21b8eca0, 0x0000015f21b8f448]
Event: 9.643 Thread 0x0000015f29187a40 3573       1       io.github.classgraph.AnnotationParameterValue::getValue (19 bytes)
Event: 9.644 Thread 0x0000015f29187a40 nmethod 3573 0x0000015f21b8f990 code [0x0000015f21b8fb20, 0x0000015f21b8fc48]
Event: 9.689 Thread 0x0000015f28669860 3574       1       java.util.concurrent.ConcurrentHashMap::resizeStamp (9 bytes)
Event: 9.689 Thread 0x0000015f28669860 nmethod 3574 0x0000015f21b8fd10 code [0x0000015f21b8fea0, 0x0000015f21b8ff68]
Event: 9.693 Thread 0x0000015f29187a40 3575       1       java.util.concurrent.ConcurrentHashMap::helpTransfer (123 bytes)
Event: 9.693 Thread 0x0000015f29187a40 nmethod 3575 0x0000015f21b90010 code [0x0000015f21b901c0, 0x0000015f21b90438]
Event: 9.838 Thread 0x0000015f28669860 3576       1       io.github.classgraph.MethodInfoList::<init> (5 bytes)
Event: 9.839 Thread 0x0000015f28669860 nmethod 3576 0x0000015f21b90590 code [0x0000015f21b90720, 0x0000015f21b90858]
Event: 10.013 Thread 0x0000015f29187a40 3577   !   1       sun.nio.fs.WindowsDirectoryStream::<init> (175 bytes)
Event: 10.015 Thread 0x0000015f29187a40 nmethod 3577 0x0000015f21b90910 code [0x0000015f21b90be0, 0x0000015f21b91768]
Event: 10.821 Thread 0x0000015f28669860 3578       1       java.nio.file.Path::resolve (21 bytes)
Event: 10.821 Thread 0x0000015f28669860 nmethod 3578 0x0000015f21b92090 code [0x0000015f21b92240, 0x0000015f21b92428]
Event: 10.822 Thread 0x0000015f28669860 3579       1       sun.nio.fs.WindowsPath::resolve (6 bytes)
Event: 10.822 Thread 0x0000015f28669860 nmethod 3579 0x0000015f215cc610 code [0x0000015f215cc7a0, 0x0000015f215cc888]
Event: 10.822 Thread 0x0000015f28669860 3580       1       sun.nio.fs.WindowsPath::resolve (393 bytes)
Event: 10.826 Thread 0x0000015f28669860 nmethod 3580 0x0000015f215c9c10 code [0x0000015f215ca0c0, 0x0000015f215cb908]

GC Heap History (20 events):
Event: 8.319 GC heap after
{Heap after GC invocations=19 (full 0):
 garbage-first heap   total 112640K, used 47101K [0x00000000c2c00000, 0x0000000100000000)
  region size 1024K, 4 young (4096K), 4 survivors (4096K)
 Metaspace       used 34236K, committed 34624K, reserved 1081344K
  class space    used 4433K, committed 4608K, reserved 1048576K
}
Event: 8.446 GC heap before
{Heap before GC invocations=19 (full 0):
 garbage-first heap   total 112640K, used 88061K [0x00000000c2c00000, 0x0000000100000000)
  region size 1024K, 45 young (46080K), 4 survivors (4096K)
 Metaspace       used 34236K, committed 34624K, reserved 1081344K
  class space    used 4433K, committed 4608K, reserved 1048576K
}
Event: 8.453 GC heap after
{Heap after GC invocations=20 (full 0):
 garbage-first heap   total 112640K, used 49266K [0x00000000c2c00000, 0x0000000100000000)
  region size 1024K, 5 young (5120K), 5 survivors (5120K)
 Metaspace       used 34236K, committed 34624K, reserved 1081344K
  class space    used 4433K, committed 4608K, reserved 1048576K
}
Event: 8.562 GC heap before
{Heap before GC invocations=20 (full 0):
 garbage-first heap   total 112640K, used 89202K [0x00000000c2c00000, 0x0000000100000000)
  region size 1024K, 45 young (46080K), 5 survivors (5120K)
 Metaspace       used 34236K, committed 34624K, reserved 1081344K
  class space    used 4433K, committed 4608K, reserved 1048576K
}
Event: 8.571 GC heap after
{Heap after GC invocations=21 (full 0):
 garbage-first heap   total 174080K, used 51419K [0x00000000c2c00000, 0x0000000100000000)
  region size 1024K, 5 young (5120K), 5 survivors (5120K)
 Metaspace       used 34236K, committed 34624K, reserved 1081344K
  class space    used 4433K, committed 4608K, reserved 1048576K
}
Event: 8.817 GC heap before
{Heap before GC invocations=21 (full 0):
 garbage-first heap   total 174080K, used 137435K [0x00000000c2c00000, 0x0000000100000000)
  region size 1024K, 89 young (91136K), 5 survivors (5120K)
 Metaspace       used 34236K, committed 34624K, reserved 1081344K
  class space    used 4433K, committed 4608K, reserved 1048576K
}
Event: 8.828 GC heap after
{Heap after GC invocations=22 (full 0):
 garbage-first heap   total 174080K, used 55121K [0x00000000c2c00000, 0x0000000100000000)
  region size 1024K, 8 young (8192K), 8 survivors (8192K)
 Metaspace       used 34236K, committed 34624K, reserved 1081344K
  class space    used 4433K, committed 4608K, reserved 1048576K
}
Event: 9.044 GC heap before
{Heap before GC invocations=22 (full 0):
 garbage-first heap   total 174080K, used 139089K [0x00000000c2c00000, 0x0000000100000000)
  region size 1024K, 91 young (93184K), 8 survivors (8192K)
 Metaspace       used 34236K, committed 34624K, reserved 1081344K
  class space    used 4433K, committed 4608K, reserved 1048576K
}
Event: 9.057 GC heap after
{Heap after GC invocations=23 (full 0):
 garbage-first heap   total 174080K, used 59207K [0x00000000c2c00000, 0x0000000100000000)
  region size 1024K, 10 young (10240K), 10 survivors (10240K)
 Metaspace       used 34236K, committed 34624K, reserved 1081344K
  class space    used 4433K, committed 4608K, reserved 1048576K
}
Event: 9.272 GC heap before
{Heap before GC invocations=23 (full 0):
 garbage-first heap   total 174080K, used 141127K [0x00000000c2c00000, 0x0000000100000000)
  region size 1024K, 90 young (92160K), 10 survivors (10240K)
 Metaspace       used 34236K, committed 34624K, reserved 1081344K
  class space    used 4433K, committed 4608K, reserved 1048576K
}
Event: 9.286 GC heap after
{Heap after GC invocations=24 (full 0):
 garbage-first heap   total 174080K, used 63106K [0x00000000c2c00000, 0x0000000100000000)
  region size 1024K, 8 young (8192K), 8 survivors (8192K)
 Metaspace       used 34236K, committed 34624K, reserved 1081344K
  class space    used 4433K, committed 4608K, reserved 1048576K
}
Event: 9.499 GC heap before
{Heap before GC invocations=24 (full 0):
 garbage-first heap   total 174080K, used 141954K [0x00000000c2c00000, 0x0000000100000000)
  region size 1024K, 86 young (88064K), 8 survivors (8192K)
 Metaspace       used 34236K, committed 34624K, reserved 1081344K
  class space    used 4433K, committed 4608K, reserved 1048576K
}
Event: 9.511 GC heap after
{Heap after GC invocations=25 (full 0):
 garbage-first heap   total 241664K, used 67584K [0x00000000c2c00000, 0x0000000100000000)
  region size 1024K, 8 young (8192K), 8 survivors (8192K)
 Metaspace       used 34236K, committed 34624K, reserved 1081344K
  class space    used 4433K, committed 4608K, reserved 1048576K
}
Event: 10.066 GC heap before
{Heap before GC invocations=25 (full 0):
 garbage-first heap   total 241664K, used 197632K [0x00000000c2c00000, 0x0000000100000000)
  region size 1024K, 135 young (138240K), 8 survivors (8192K)
 Metaspace       used 34236K, committed 34624K, reserved 1081344K
  class space    used 4433K, committed 4608K, reserved 1048576K
}
Event: 10.101 GC heap after
{Heap after GC invocations=26 (full 0):
 garbage-first heap   total 241664K, used 73728K [0x00000000c2c00000, 0x0000000100000000)
  region size 1024K, 14 young (14336K), 14 survivors (14336K)
 Metaspace       used 34236K, committed 34624K, reserved 1081344K
  class space    used 4433K, committed 4608K, reserved 1048576K
}
Event: 10.494 GC heap before
{Heap before GC invocations=26 (full 0):
 garbage-first heap   total 241664K, used 196608K [0x00000000c2c00000, 0x0000000100000000)
  region size 1024K, 134 young (137216K), 14 survivors (14336K)
 Metaspace       used 34236K, committed 34624K, reserved 1081344K
  class space    used 4433K, committed 4608K, reserved 1048576K
}
Event: 10.512 GC heap after
{Heap after GC invocations=27 (full 0):
 garbage-first heap   total 241664K, used 78455K [0x00000000c2c00000, 0x0000000100000000)
  region size 1024K, 11 young (11264K), 11 survivors (11264K)
 Metaspace       used 34236K, committed 34624K, reserved 1081344K
  class space    used 4433K, committed 4608K, reserved 1048576K
}
Event: 10.919 GC heap before
{Heap before GC invocations=27 (full 0):
 garbage-first heap   total 241664K, used 198263K [0x00000000c2c00000, 0x0000000100000000)
  region size 1024K, 129 young (132096K), 11 survivors (11264K)
 Metaspace       used 34236K, committed 34624K, reserved 1081344K
  class space    used 4433K, committed 4608K, reserved 1048576K
}
Event: 10.955 GC heap after
{Heap after GC invocations=28 (full 0):
 garbage-first heap   total 241664K, used 83456K [0x00000000c2c00000, 0x0000000100000000)
  region size 1024K, 10 young (10240K), 10 survivors (10240K)
 Metaspace       used 34236K, committed 34624K, reserved 1081344K
  class space    used 4433K, committed 4608K, reserved 1048576K
}
Event: 11.445 GC heap before
{Heap before GC invocations=28 (full 0):
 garbage-first heap   total 241664K, used 200192K [0x00000000c2c00000, 0x0000000100000000)
  region size 1024K, 125 young (128000K), 10 survivors (10240K)
 Metaspace       used 34236K, committed 34624K, reserved 1081344K
  class space    used 4433K, committed 4608K, reserved 1048576K
}

Deoptimization events (18 events):
Event: 1.581 Thread 0x0000015f1c65e480 DEOPT PACKING pc=0x0000015f2170da75 sp=0x0000001d27bfd8b0
Event: 1.581 Thread 0x0000015f1c65e480 DEOPT UNPACKING pc=0x0000015f21452b24 sp=0x0000001d27bfcd20 mode 3
Event: 2.848 Thread 0x0000015f1c65e480 DEOPT PACKING pc=0x0000015f2182a199 sp=0x0000001d27bfd3d0
Event: 2.848 Thread 0x0000015f1c65e480 DEOPT UNPACKING pc=0x0000015f21452b24 sp=0x0000001d27bfc8b0 mode 3
Event: 3.781 Thread 0x0000015f1c65e480 DEOPT PACKING pc=0x0000015f218ff8f5 sp=0x0000001d27bfcdf0
Event: 3.781 Thread 0x0000015f1c65e480 DEOPT UNPACKING pc=0x0000015f21452b24 sp=0x0000001d27bfc260 mode 3
Event: 5.295 Thread 0x0000015f1c65e480 DEOPT PACKING pc=0x0000015f21996899 sp=0x0000001d27bfc620
Event: 5.295 Thread 0x0000015f1c65e480 DEOPT UNPACKING pc=0x0000015f21452b24 sp=0x0000001d27bfbb00 mode 3
Event: 5.489 Thread 0x0000015f2aee7520 DEOPT PACKING pc=0x0000015f219ddfab sp=0x0000001d28ffec20
Event: 5.489 Thread 0x0000015f2aee7520 DEOPT UNPACKING pc=0x0000015f21452b24 sp=0x0000001d28ffe168 mode 3
Event: 6.571 Thread 0x0000015f298a6530 DEOPT PACKING pc=0x0000015f21adf735 sp=0x0000001d297fd8a0
Event: 6.571 Thread 0x0000015f298a6530 DEOPT UNPACKING pc=0x0000015f21452b24 sp=0x0000001d297fcdc8 mode 3
Event: 6.802 Thread 0x0000015f2b05aff0 DEOPT PACKING pc=0x0000015f21a4bc04 sp=0x0000001d295fe690
Event: 6.802 Thread 0x0000015f2b05aff0 DEOPT UNPACKING pc=0x0000015f21452b24 sp=0x0000001d295fdde0 mode 0
Event: 6.803 Thread 0x0000015f2b05aff0 DEOPT PACKING pc=0x0000015f2182c001 sp=0x0000001d295fead0
Event: 6.803 Thread 0x0000015f2b05aff0 DEOPT UNPACKING pc=0x0000015f21452b24 sp=0x0000001d295fdf60 mode 3
Event: 6.890 Thread 0x0000015f2b05c1a0 DEOPT PACKING pc=0x0000015f21825497 sp=0x0000001d293fed20
Event: 6.890 Thread 0x0000015f2b05c1a0 DEOPT UNPACKING pc=0x0000015f21452b24 sp=0x0000001d293fe178 mode 3

Classes unloaded (0 events):
No events

Classes redefined (0 events):
No events

Internal exceptions (20 events):
Event: 10.712 Thread 0x0000015f2b05aff0 Exception <a 'sun/nio/fs/WindowsException'{0x00000000ce8f4118}> (0x00000000ce8f4118) 
thrown [e:\jenkins\tmp\workspace\build\src\src\hotspot\share\prims\jni.cpp, line 516]
Event: 10.712 Thread 0x0000015f2b05aff0 Exception <a 'sun/nio/fs/WindowsException'{0x00000000ce8f4538}> (0x00000000ce8f4538) 
thrown [e:\jenkins\tmp\workspace\build\src\src\hotspot\share\prims\jni.cpp, line 516]
Event: 10.721 Thread 0x0000015f2ae38730 Exception <a 'sun/nio/fs/WindowsException'{0x00000000cd530078}> (0x00000000cd530078) 
thrown [e:\jenkins\tmp\workspace\build\src\src\hotspot\share\prims\jni.cpp, line 516]
Event: 10.721 Thread 0x0000015f2ae38730 Exception <a 'sun/nio/fs/WindowsException'{0x00000000cd5304e0}> (0x00000000cd5304e0) 
thrown [e:\jenkins\tmp\workspace\build\src\src\hotspot\share\prims\jni.cpp, line 516]
Event: 10.726 Thread 0x0000015f2ae38730 Exception <a 'sun/nio/fs/WindowsException'{0x00000000cd4c7f28}> (0x00000000cd4c7f28) 
thrown [e:\jenkins\tmp\workspace\build\src\src\hotspot\share\prims\jni.cpp, line 516]
Event: 10.726 Thread 0x0000015f2ae38730 Exception <a 'sun/nio/fs/WindowsException'{0x00000000cd4c83c0}> (0x00000000cd4c83c0) 
thrown [e:\jenkins\tmp\workspace\build\src\src\hotspot\share\prims\jni.cpp, line 516]
Event: 10.731 Thread 0x0000015f2ae38730 Exception <a 'sun/nio/fs/WindowsException'{0x00000000cd3ac398}> (0x00000000cd3ac398) 
thrown [e:\jenkins\tmp\workspace\build\src\src\hotspot\share\prims\jni.cpp, line 516]
Event: 10.731 Thread 0x0000015f2ae38730 Exception <a 'sun/nio/fs/WindowsException'{0x00000000cd3ac7d0}> (0x00000000cd3ac7d0) 
thrown [e:\jenkins\tmp\workspace\build\src\src\hotspot\share\prims\jni.cpp, line 516]
Event: 10.815 Thread 0x0000015f2b05aff0 Exception <a 'sun/nio/fs/WindowsException'{0x00000000cbc336b0}> (0x00000000cbc336b0) 
thrown [e:\jenkins\tmp\workspace\build\src\src\hotspot\share\prims\jni.cpp, line 516]
Event: 10.815 Thread 0x0000015f2b05aff0 Exception <a 'sun/nio/fs/WindowsException'{0x00000000cbc33ad0}> (0x00000000cbc33ad0) 
thrown [e:\jenkins\tmp\workspace\build\src\src\hotspot\share\prims\jni.cpp, line 516]
Event: 10.827 Thread 0x0000015f2b05aff0 Exception <a 'sun/nio/fs/WindowsException'{0x00000000cbbe8e80}> (0x00000000cbbe8e80) 
thrown [e:\jenkins\tmp\workspace\build\src\src\hotspot\share\prims\jni.cpp, line 516]
Event: 10.827 Thread 0x0000015f2b05aff0 Exception <a 'sun/nio/fs/WindowsException'{0x00000000cbbe92b0}> (0x00000000cbbe92b0) 
thrown [e:\jenkins\tmp\workspace\build\src\src\hotspot\share\prims\jni.cpp, line 516]
Event: 10.854 Thread 0x0000015f2b05c670 Exception <a 'sun/nio/fs/WindowsException'{0x00000000cb4f01b8}> (0x00000000cb4f01b8) 
thrown [e:\jenkins\tmp\workspace\build\src\src\hotspot\share\prims\jni.cpp, line 516]
Event: 10.854 Thread 0x0000015f2b05c670 Exception <a 'sun/nio/fs/WindowsException'{0x00000000cb4f0638}> (0x00000000cb4f0638) 
thrown [e:\jenkins\tmp\workspace\build\src\src\hotspot\share\prims\jni.cpp, line 516]
Event: 10.855 Thread 0x0000015f2b05c670 Exception <a 'sun/nio/fs/WindowsException'{0x00000000cb4fbe08}> (0x00000000cb4fbe08) 
thrown [e:\jenkins\tmp\workspace\build\src\src\hotspot\share\prims\jni.cpp, line 516]
Event: 10.855 Thread 0x0000015f2b05c670 Exception <a 'sun/nio/fs/WindowsException'{0x00000000cb4fc228}> (0x00000000cb4fc228) 
thrown [e:\jenkins\tmp\workspace\build\src\src\hotspot\share\prims\jni.cpp, line 516]
Event: 10.857 Thread 0x0000015f2b05c1a0 Exception <a 'sun/nio/fs/WindowsException'{0x00000000cb417f98}> (0x00000000cb417f98) 
thrown [e:\jenkins\tmp\workspace\build\src\src\hotspot\share\prims\jni.cpp, line 516]
Event: 10.857 Thread 0x0000015f2b05c1a0 Exception <a 'sun/nio/fs/WindowsException'{0x00000000cb4183e0}> (0x00000000cb4183e0) 
thrown [e:\jenkins\tmp\workspace\build\src\src\hotspot\share\prims\jni.cpp, line 516]
Event: 11.054 Thread 0x0000015f2b05aff0 Exception <a 'sun/nio/fs/WindowsException'{0x00000000cf5e2370}> (0x00000000cf5e2370) 
thrown [e:\jenkins\tmp\workspace\build\src\src\hotspot\share\prims\jni.cpp, line 516]
Event: 11.054 Thread 0x0000015f2b05aff0 Exception <a 'sun/nio/fs/WindowsException'{0x00000000cf5e27c0}> (0x00000000cf5e27c0) 
thrown [e:\jenkins\tmp\workspace\build\src\src\hotspot\share\prims\jni.cpp, line 516]

VM Operations (20 events):
Event: 8.453 Executing VM operation: G1CollectForAllocation done
Event: 8.562 Executing VM operation: G1CollectForAllocation
Event: 8.571 Executing VM operation: G1CollectForAllocation done
Event: 8.817 Executing VM operation: G1CollectForAllocation
Event: 8.829 Executing VM operation: G1CollectForAllocation done
Event: 9.044 Executing VM operation: G1CollectForAllocation
Event: 9.057 Executing VM operation: G1CollectForAllocation done
Event: 9.272 Executing VM operation: G1CollectForAllocation
Event: 9.286 Executing VM operation: G1CollectForAllocation done
Event: 9.498 Executing VM operation: G1CollectForAllocation
Event: 9.498 Executing VM operation: G1CollectForAllocation done
Event: 9.498 Executing VM operation: G1CollectForAllocation
Event: 9.512 Executing VM operation: G1CollectForAllocation done
Event: 10.065 Executing VM operation: G1CollectForAllocation
Event: 10.108 Executing VM operation: G1CollectForAllocation done
Event: 10.494 Executing VM operation: G1CollectForAllocation
Event: 10.512 Executing VM operation: G1CollectForAllocation done
Event: 10.919 Executing VM operation: G1CollectForAllocation
Event: 10.955 Executing VM operation: G1CollectForAllocation done
Event: 11.444 Executing VM operation: G1CollectForAllocation

Events (20 events):
Event: 6.803 loading class java/util/concurrent/locks/AbstractQueuedSynchronizer$ExclusiveNode done
Event: 6.807 loading class java/util/concurrent/CompletableFuture$UniApply
Event: 6.808 loading class java/util/concurrent/CompletableFuture$UniApply done
Event: 6.810 Thread 0x0000015f298a86e0 Thread added: 0x0000015f298a86e0
Event: 6.810 loading class java/util/concurrent/CompletableFuture$UniExceptionally
Event: 6.811 loading class java/util/concurrent/CompletableFuture$UniExceptionally done
Event: 6.967 Thread 0x0000015f298a8bb0 Thread added: 0x0000015f298a8bb0
Event: 6.975 loading class java/util/concurrent/CompletionException
Event: 6.975 loading class java/util/concurrent/CompletionException done
Event: 6.990 loading class sun/nio/cs/StringUTF16
Event: 6.990 loading class sun/nio/cs/StringUTF16 done
Event: 6.994 loading class java/util/WeakHashMap$EntrySet
Event: 6.994 loading class java/util/WeakHashMap$EntrySet done
Event: 6.995 loading class java/util/WeakHashMap$EntryIterator
Event: 6.995 loading class java/util/WeakHashMap$HashIterator
Event: 6.995 loading class java/util/WeakHashMap$HashIterator done
Event: 6.995 loading class java/util/WeakHashMap$EntryIterator done
Event: 7.561 loading class sun/nio/fs/WindowsChannelFactory$2
Event: 7.561 loading class sun/nio/fs/WindowsChannelFactory$2 done
Event: 10.821 Thread 0x0000015f29187a40 Thread exited: 0x0000015f29187a40


Dynamic libraries:
0x00007ff767910000 - 0x00007ff76791e000 	c:\Users\eliav\.vscode\extensions\redhat.java-1.8.0-win32-x64\jre\17.0.3-win32-x86_64\bin\java.exe
0x00007ffcd5070000 - 0x00007ffcd5267000 	C:\Windows\SYSTEM32\ntdll.dll
0x00007ffc9cf00000 - 0x00007ffc9cf16000 	C:\Program Files\Avast Software\Avast\aswhook.dll
0x00007ffcd3ba0000 - 0x00007ffcd3c5d000 	C:\Windows\System32\KERNEL32.DLL
0x00007ffcd2bf0000 - 0x00007ffcd2ebd000 	C:\Windows\System32\KERNELBASE.dll
0x00007ffcd2af0000 - 0x00007ffcd2bf0000 	C:\Windows\System32\ucrtbase.dll
0x00007ffccb3d0000 - 0x00007ffccb3e8000 	c:\Users\eliav\.vscode\extensions\redhat.java-1.8.0-win32-x64\jre\17.0.3-win32-x86_64\bin\jli.dll
0x00007ffcd4d00000 - 0x00007ffcd4ea0000 	C:\Windows\System32\USER32.dll
0x00007ffcd30a0000 - 0x00007ffcd30c2000 	C:\Windows\System32\win32u.dll
0x00007ffcd3fb0000 - 0x00007ffcd3fda000 	C:\Windows\System32\GDI32.dll
0x00007ffcd28a0000 - 0x00007ffcd29ab000 	C:\Windows\System32\gdi32full.dll
0x00007ffcd2790000 - 0x00007ffcd282d000 	C:\Windows\System32\msvcp_win.dll
0x00007ffcc23a0000 - 0x00007ffcc23b9000 	c:\Users\eliav\.vscode\extensions\redhat.java-1.8.0-win32-x64\jre\17.0.3-win32-x86_64\bin\VCRUNTIME140.dll
0x00007ffcb68e0000 - 0x00007ffcb6b7a000 	C:\Windows\WinSxS\amd64_microsoft.windows.common-controls_6595b64144ccf1df_6.0.19041.1110_none_60b5254171f9507e\COMCTL32.dll
0x00007ffcd4ea0000 - 0x00007ffcd4f3e000 	C:\Windows\System32\msvcrt.dll
0x00007ffcd3fe0000 - 0x00007ffcd4010000 	C:\Windows\System32\IMM32.DLL
0x00007ffcc3fe0000 - 0x00007ffcc3fec000 	c:\Users\eliav\.vscode\extensions\redhat.java-1.8.0-win32-x64\jre\17.0.3-win32-x86_64\bin\vcruntime140_1.dll
0x00007ffc97ec0000 - 0x00007ffc97f51000 	c:\Users\eliav\.vscode\extensions\redhat.java-1.8.0-win32-x64\jre\17.0.3-win32-x86_64\bin\msvcp140.dll
0x00007ffc666c0000 - 0x00007ffc67308000 	c:\Users\eliav\.vscode\extensions\redhat.java-1.8.0-win32-x64\jre\17.0.3-win32-x86_64\bin\server\jvm.dll
0x00007ffcd4760000 - 0x00007ffcd480e000 	C:\Windows\System32\ADVAPI32.dll
0x00007ffcd4010000 - 0x00007ffcd40ac000 	C:\Windows\System32\sechost.dll
0x00007ffcd3c60000 - 0x00007ffcd3d85000 	C:\Windows\System32\RPCRT4.dll
0x00007ffcd4120000 - 0x00007ffcd4128000 	C:\Windows\System32\PSAPI.DLL
0x00007ffcc0a20000 - 0x00007ffcc0a29000 	C:\Windows\SYSTEM32\WSOCK32.dll
0x00007ffcd4130000 - 0x00007ffcd419b000 	C:\Windows\System32\WS2_32.dll
0x00007ffc9f0c0000 - 0x00007ffc9f0e7000 	C:\Windows\SYSTEM32\WINMM.dll
0x00007ffcc9cc0000 - 0x00007ffcc9cca000 	C:\Windows\SYSTEM32\VERSION.dll
0x00007ffcd1250000 - 0x00007ffcd1262000 	C:\Windows\SYSTEM32\kernel.appcore.dll
0x00007ffcc2540000 - 0x00007ffcc254a000 	c:\Users\eliav\.vscode\extensions\redhat.java-1.8.0-win32-x64\jre\17.0.3-win32-x86_64\bin\jimage.dll
0x00007ffcd0d00000 - 0x00007ffcd0ee4000 	C:\Windows\SYSTEM32\DBGHELP.DLL
0x00007ffcc2850000 - 0x00007ffcc287c000 	C:\Windows\SYSTEM32\dbgcore.DLL
0x00007ffcd29b0000 - 0x00007ffcd2a32000 	C:\Windows\System32\bcryptPrimitives.dll
0x00007ffcacdd0000 - 0x00007ffcacdf5000 	c:\Users\eliav\.vscode\extensions\redhat.java-1.8.0-win32-x64\jre\17.0.3-win32-x86_64\bin\java.dll
0x00007ffcbca40000 - 0x00007ffcbca58000 	c:\Users\eliav\.vscode\extensions\redhat.java-1.8.0-win32-x64\jre\17.0.3-win32-x86_64\bin\zip.dll
0x00007ffcd3320000 - 0x00007ffcd3a64000 	C:\Windows\System32\SHELL32.dll
0x00007ffcd0490000 - 0x00007ffcd0c24000 	C:\Windows\SYSTEM32\windows.storage.dll
0x00007ffcd48f0000 - 0x00007ffcd4c44000 	C:\Windows\System32\combase.dll
0x00007ffcd2040000 - 0x00007ffcd206c000 	C:\Windows\SYSTEM32\Wldp.dll
0x00007ffcd4c50000 - 0x00007ffcd4cfd000 	C:\Windows\System32\SHCORE.dll
0x00007ffcd40b0000 - 0x00007ffcd4105000 	C:\Windows\System32\shlwapi.dll
0x00007ffcd26d0000 - 0x00007ffcd26ef000 	C:\Windows\SYSTEM32\profapi.dll
0x00007ffcb3c40000 - 0x00007ffcb3c59000 	C:\Users\eliav\.vscode\extensions\redhat.java-1.8.0-win32-x64\jre\17.0.3-win32-x86_64\bin\net.dll
0x00007ffcc37e0000 - 0x00007ffcc38ea000 	C:\Windows\SYSTEM32\WINHTTP.dll
0x00007ffcd1e20000 - 0x00007ffcd1e8a000 	C:\Windows\system32\mswsock.dll
0x00007ffca88c0000 - 0x00007ffca88d5000 	C:\Users\eliav\.vscode\extensions\redhat.java-1.8.0-win32-x64\jre\17.0.3-win32-x86_64\bin\nio.dll
0x00007ffcc24b0000 - 0x00007ffcc24c0000 	c:\Users\eliav\.vscode\extensions\redhat.java-1.8.0-win32-x64\jre\17.0.3-win32-x86_64\bin\verify.dll
0x00007ffcc23e0000 - 0x00007ffcc23e9000 	C:\Users\eliav\.vscode\extensions\redhat.java-1.8.0-win32-x64\jre\17.0.3-win32-x86_64\bin\management.dll
0x00007ffcc2290000 - 0x00007ffcc229b000 	C:\Users\eliav\.vscode\extensions\redhat.java-1.8.0-win32-x64\jre\17.0.3-win32-x86_64\bin\management_ext.dll
0x00007ffcbcfd0000 - 0x00007ffcbcfe7000 	C:\Windows\system32\napinsp.dll
0x00007ffcbcfb0000 - 0x00007ffcbcfcb000 	C:\Windows\system32\pnrpnsp.dll
0x00007ffcb1290000 - 0x00007ffcb12a5000 	C:\Windows\system32\wshbth.dll
0x00007ffccd680000 - 0x00007ffccd69d000 	C:\Windows\system32\NLAapi.dll
0x00007ffcd1b30000 - 0x00007ffcd1b6b000 	C:\Windows\SYSTEM32\IPHLPAPI.DLL
0x00007ffcd1b70000 - 0x00007ffcd1c3b000 	C:\Windows\SYSTEM32\DNSAPI.dll
0x00007ffcd3d90000 - 0x00007ffcd3d98000 	C:\Windows\System32\NSI.dll
0x00007ffcb0ea0000 - 0x00007ffcb0eb2000 	C:\Windows\System32\winrnr.dll
0x00007ffcc2a90000 - 0x00007ffcc2a9a000 	C:\Windows\System32\rasadhlp.dll
0x00007ffcc33a0000 - 0x00007ffcc3420000 	C:\Windows\System32\fwpuclnt.dll
0x00007ffcd3070000 - 0x00007ffcd3097000 	C:\Windows\System32\bcrypt.dll
0x00007ffcd2080000 - 0x00007ffcd2098000 	C:\Windows\SYSTEM32\CRYPTSP.dll
0x00007ffcd17c0000 - 0x00007ffcd17f4000 	C:\Windows\system32\rsaenh.dll
0x00007ffcd2690000 - 0x00007ffcd26be000 	C:\Windows\SYSTEM32\USERENV.dll
0x00007ffcd1fb0000 - 0x00007ffcd1fbc000 	C:\Windows\SYSTEM32\CRYPTBASE.dll
0x00007ffcc3b90000 - 0x00007ffcc3ba7000 	C:\Windows\SYSTEM32\dhcpcsvc6.DLL
0x00007ffcc3b70000 - 0x00007ffcc3b8d000 	C:\Windows\SYSTEM32\dhcpcsvc.DLL

dbghelp: loaded successfully - version: 4.0.5 - missing functions: none
symbol engine: initialized successfully - sym options: 0x614 - pdb path: .;c:\Users\eliav\.vscode\extensions\redhat.java-1.8.0-win32-x64\jre\17.0.3-win32-x86_64\bin;C:\Windows\SYSTEM32;C:\Program Files\Avast Software\Avast;C:\Windows\WinSxS\amd64_microsoft.windows.common-controls_6595b64144ccf1df_6.0.19041.1110_none_60b5254171f9507e;c:\Users\eliav\.vscode\extensions\redhat.java-1.8.0-win32-x64\jre\17.0.3-win32-x86_64\bin\server

VM Arguments:
jvm_args: --add-modules=ALL-SYSTEM --add-exports=jdk.compiler/com.sun.tools.javac.file=ALL-UNNAMED --add-exports=jdk.compiler/com.sun.tools.javac.util=ALL-UNNAMED --add-exports=jdk.compiler/com.sun.tools.javac.comp=ALL-UNNAMED --add-exports=jdk.compiler/com.sun.tools.javac.main=ALL-UNNAMED --add-exports=jdk.compiler/com.sun.tools.javac.tree=ALL-UNNAMED --add-exports=jdk.compiler/com.sun.tools.javac.code=ALL-UNNAMED -Dsts.lsp.client=vscode -Dsts.log.file=/dev/null -XX:TieredStopAtLevel=1 -Dspring.config.location=file:c:\Users\eliav\.vscode\extensions\pivotal.vscode-spring-boot-1.36.0\language-server\BOOT-INF\classes\application.properties 
java_command: org.springframework.ide.vscode.boot.app.BootLanguageServerBootApp
java_class_path (initial): c:\Users\eliav\.vscode\extensions\pivotal.vscode-spring-boot-1.36.0\language-server\BOOT-INF\classes;c:\Users\eliav\.vscode\extensions\pivotal.vscode-spring-boot-1.36.0\language-server\BOOT-INF\lib\annotations-23.0.0.jar;c:\Users\eliav\.vscode\extensions\pivotal.vscode-spring-boot-1.36.0\language-server\BOOT-INF\lib\antlr-runtime-3.5.2.jar;c:\Users\eliav\.vscode\extensions\pivotal.vscode-spring-boot-1.36.0\language-server\BOOT-INF\lib\antlr4-4.9.3.jar;c:\Users\eliav\.vscode\extensions\pivotal.vscode-spring-boot-1.36.0\language-server\BOOT-INF\lib\antlr4-runtime-4.9.3.jar;c:\Users\eliav\.vscode\extensions\pivotal.vscode-spring-boot-1.36.0\language-server\BOOT-INF\lib\asm-9.3.jar;c:\Users\eliav\.vscode\extensions\pivotal.vscode-spring-boot-1.36.0\language-server\BOOT-INF\lib\asm-analysis-9.3.jar;c:\Users\eliav\.vscode\extensions\pivotal.vscode-spring-boot-1.36.0\language-server\BOOT-INF\lib\asm-tree-9.3.jar;c:\Users\eliav\.vscode\extensions\pivotal.vscode-spring-boot-1.36.0\language-server\BOOT-INF\lib\asm-util-9.3.jar;c:\Users\eliav\.vscode\extensions\pivotal.vscode-spring-boot-1.36.0\language-server\BOOT-INF\lib\byte-buddy-1.10.18.jar;c:\Users\eliav\.vscode\extensions\pivotal.vscode-spring-boot-1.36.0\language-server\BOOT-INF\lib\caffeine-2.8.6.jar;c:\Users\eliav\.vscode\extensions\pivotal.vscode-spring-boot-1.36.0\language-server\BOOT-INF\lib\checker-qual-3.12.0.jar;c:\Users\eliav\.vscode\extensions\pivotal.vscode-spring-boot-1.36.0\language-server\BOOT-INF\lib\classgraph-4.8.146.jar;c:\Users\eliav\.vscode\extensions\pivotal.vscode-spring-boot-1.36.0\language-server\BOOT-INF\lib\commons-codec-1.14.jar;c:\Users\eliav\.vscode\extensions\pivotal.vscode-spring-boot-1.36.0\language-server\BOOT-INF\lib\commons-compress-1.21.jar;c:\Users\eliav\.vscode\extensions\pivotal.vscode-spring-boot-1.36.0\language-server\BOOT-INF\lib\commons-exec-1.3.jar;c:\Users\eliav\.vscode\extensions\pivotal.vscode-spring-boot-1.36.0\language-server\BOOT-INF\lib\com
Launcher Type: SUN_STANDARD

[Global flags]
     intx CICompilerCount                          = 2                                         {product} {ergonomic}
     uint ConcGCThreads                            = 1                                         {product} {ergonomic}
     uint G1ConcRefinementThreads                  = 2                                         {product} {ergonomic}
   size_t G1HeapRegionSize                         = 1048576                                   {product} {ergonomic}
    uintx GCDrainStackTargetSize                   = 64                                        {product} {ergonomic}
   size_t InitialHeapSize                          = 65011712                                  {product} {ergonomic}
   size_t MarkStackSize                            = 4194304                                   {product} {ergonomic}
   size_t MaxHeapSize                              = 1027604480                                {product} {ergonomic}
   size_t MaxNewSize                               = 616562688                                 {product} {ergonomic}
   size_t MinHeapDeltaBytes                        = 1048576                                   {product} {ergonomic}
   size_t MinHeapSize                              = 8388608                                   {product} {ergonomic}
    uintx NonProfiledCodeHeapSize                  = 0                                      {pd product} {ergonomic}
     bool ProfileInterpreter                       = false                                  {pd product} {command line}
    uintx ProfiledCodeHeapSize                     = 0                                      {pd product} {ergonomic}
   size_t SoftMaxHeapSize                          = 1027604480                             {manageable} {ergonomic}
     intx TieredStopAtLevel                        = 1                                         {product} {command line}
     bool UseCompressedClassPointers               = true                           {product lp64_product} {ergonomic}
     bool UseCompressedOops                        = true                           {product lp64_product} {ergonomic}
     bool UseG1GC                                  = true                                      {product} {ergonomic}
     bool UseLargePagesIndividualAllocation        = false                                  {pd product} {ergonomic}

Logging:
Log output configuration:
 #0: stdout all=warning uptime,level,tags
 #1: stderr all=off uptime,level,tags

Environment Variables:
JAVA_HOME=C:\Program Files\Java\jdk-17.0.3.1
PATH=C:\Python310\Scripts\;C:\Python310\;C:\Program Files\Common Files\Oracle\Java\javapath;C:\Program Files (x86)\Common Files\Intel\Shared Libraries\redist\intel64\compiler;C:\Windows\system32;C:\Windows;C:\Windows\System32\Wbem;C:\Windows\System32\WindowsPowerShell\v1.0\;C:\Windows\System32\OpenSSH\;C:\Program Files\dotnet\;C:\sqlite-tools-win32-x86-3370200;C:\Windows\Microsoft.NET\Framework64\v4.0.30319;C:\Program Files\MongoDB\Server\5.0\bin;C:\Program Files\MySQL\MySQL Server 8.0\bin;C:\Program Files (x86)\dotnet\;C:\ProgramData\chocolatey\bin;C:\Users\eliav\AppData\Roaming\npm;C:\Program Files\Git\cmd;C:\Program Files\Microsoft VS Code\bin;C:\Program Files\MongoDB\Server\5.0\bin;C:\MinGW\bin;C:\MinGW\mingw64\bin;C:\MinGW\4.8.5\mingw64\bin;C:\Users\eliav\AppData\Local\Yarn\bin;C:\Program Files\Go\bin;C:\Program Files\Amazon\AWSCLIV2\;C:\Program Files\Java\jdk-17.0.3.1;C:\Program Files\nodejs;C:\Program Files\Docker\Docker\resources\bin;C:\ProgramData\DockerDesktop\version-bin;C:\Program Files\MySQL\MySQL Shell 8.0\bin\;C:\Users\eliav\AppData\Local\Microsoft\WindowsApps;C:\Users\eliav\AppData\Local\Programs\Microsoft VS Code\bin;C:\Users\eliav\.dotnet\tools;C:\Program Files\MongoDB\Server\5.0\bin;C:\Windows\Microsoft.NET\Framework64\v4.0.30319;C:\Program Files\MySQL\MySQL Server 8.0\bin;C:\Program Files\Azure Data Studio\bin;'C:\Windows\system32'cmd.exe;C:\Program Files\heroku\bin;C:\Program Files\Go\bin;C:\Users\eliav\AppData\Roaming\nvm;C:\Program Files\nodejs;%IntelliJ IDEA Community Edition%;C:\Users\eliav\go\bin;C:\Program Files\Amazon\AWSCLIV2\;C:\Users\eliav\AppData\Roaming\npm
USERNAME=eliav
OS=Windows_NT
PROCESSOR_IDENTIFIER=Intel64 Family 6 Model 122 Stepping 8, GenuineIntel



---------------  S Y S T E M  ---------------

OS:
 Windows 10 , 64 bit Build 19041 (10.0.19041.1741)
OS uptime: 2 days 8:15 hours
Hyper-V role detected

CPU: total 2 (initial active 2) (2 cores per cpu, 1 threads per core) family 6 model 122 stepping 8 microcode 0x16, cx8, cmov, fxsr, mmx, 3dnowpref, sse, sse2, sse3, ssse3, sse4.1, sse4.2, popcnt, tsc, tscinvbit, aes, erms, clmul, sha, clflush, clflushopt, hv

Memory: 4k page, system-wide physical 3916M (251M free)
TotalPageFile size 15692M (AvailPageFile size 45M)
current process WorkingSet (physical memory assigned to process): 325M, peak: 330M
current process commit charge ("private bytes"): 355M, peak: 399M

vm_info: OpenJDK 64-Bit Server VM (17.0.3+7) for windows-amd64 JRE (17.0.3+7), built on Apr 19 2022 16:55:35 by "" with MS VC++ 16.7 (VS2019)

END.
