#
# There is insufficient memory for the Java Runtime Environment to continue.
# Native memory allocation (mmap) failed to map 150994944 bytes for G1 virtual space
# Possible reasons:
#   The system is out of physical RAM or swap space
#   The process is running with CompressedOops enabled, and the Java Heap may be blocking the growth of the native heap
# Possible solutions:
#   Reduce memory load on the system
#   Increase physical memory or swap space
#   Check if swap backing store is full
#   Decrease Java heap size (-Xmx/-Xms)
#   Decrease number of Java threads
#   Decrease Java thread stack sizes (-Xss)
#   Set larger code cache with -XX:ReservedCodeCacheSize=
#   JVM is running with Unscaled Compressed Oops mode in which the Java heap is
#     placed in the first 4GB address space. The Java Heap base address is the
#     maximum limit for the native heap growth. Please use -XX:HeapBaseMinAddress
#     to set the Java Heap base and to place the Java Heap above 4GB virtual address.
# This output file may be truncated or incomplete.
#
#  Out of Memory Error (os_windows.cpp:3535), pid=10032, tid=12664
#
# JRE version: OpenJDK Runtime Environment Temurin-17.0.3+7 (17.0.3+7) (build 17.0.3+7)
# Java VM: OpenJDK 64-Bit Server VM Temurin-17.0.3+7 (17.0.3+7, mixed mode, emulated-client, tiered, compressed oops, compressed class ptrs, g1 gc, windows-amd64)
# No core dump will be written. Minidumps are not enabled by default on client versions of Windows
#

---------------  S U M M A R Y ------------

Command Line: --add-modules=ALL-SYSTEM --add-exports=jdk.compiler/com.sun.tools.javac.file=ALL-UNNAMED --add-exports=jdk.compiler/com.sun.tools.javac.util=ALL-UNNAMED --add-exports=jdk.compiler/com.sun.tools.javac.comp=ALL-UNNAMED --add-exports=jdk.compiler/com.sun.tools.javac.main=ALL-UNNAMED --add-exports=jdk.compiler/com.sun.tools.javac.tree=ALL-UNNAMED --add-exports=jdk.compiler/com.sun.tools.javac.code=ALL-UNNAMED -Dsts.lsp.client=vscode -Dsts.log.file=/dev/null -XX:TieredStopAtLevel=1 -Dspring.config.location=file:c:\Users\eliav\.vscode\extensions\pivotal.vscode-spring-boot-1.36.0\language-server\BOOT-INF\classes\application.properties org.springframework.ide.vscode.boot.app.BootLanguageServerBootApp

Host: Intel(R) Celeron(R) N4020 CPU @ 1.10GHz, 2 cores, 3G,  Windows 10 , 64 bit Build 19041 (10.0.19041.1741)
Time: Fri Jul  1 18:01:09 2022 Hora Padrão de Buenos Aires elapsed time: 11.951628 seconds (0d 0h 0m 11s)

---------------  T H R E A D  ---------------

Current thread (0x00000275c65727a0):  VMThread "VM Thread" [stack: 0x000000c636c00000,0x000000c636d00000] [id=12664]

Stack: [0x000000c636c00000,0x000000c636d00000]
Native frames: (J=compiled Java code, j=interpreted, Vv=VM code, C=native code)
V  [jvm.dll+0x675efa]
V  [jvm.dll+0x830a24]
V  [jvm.dll+0x8321ce]
V  [jvm.dll+0x832833]
V  [jvm.dll+0x2454b5]
V  [jvm.dll+0x672de9]
V  [jvm.dll+0x667732]
V  [jvm.dll+0x3043ab]
V  [jvm.dll+0x30b8f6]
V  [jvm.dll+0x35b62e]
V  [jvm.dll+0x35b85f]
V  [jvm.dll+0x2db248]
V  [jvm.dll+0x2d94fc]
V  [jvm.dll+0x2d8acc]
V  [jvm.dll+0x31ca2b]
V  [jvm.dll+0x836cdb]
V  [jvm.dll+0x837a14]
V  [jvm.dll+0x837f2c]
V  [jvm.dll+0x838304]
V  [jvm.dll+0x8383d0]
V  [jvm.dll+0x7e0cfa]
V  [jvm.dll+0x674d85]
C  [ucrtbase.dll+0x21bb2]
C  [KERNEL32.DLL+0x17034]
C  [ntdll.dll+0x52651]

VM_Operation (0x000000c6381fe0c0): G1CollectForAllocation, mode: safepoint, requested by thread 0x00000275c704d270


---------------  P R O C E S S  ---------------

Threads class SMR info:
_java_thread_list=0x00000275c92aafb0, length=22, elements={
0x00000275c6588740, 0x00000275c658adb0, 0x00000275bc6cd4d0, 0x00000275c65c7030,
0x00000275c65c78f0, 0x00000275c65c91c0, 0x00000275c65c9a80, 0x00000275c65cab20,
0x00000275c653c980, 0x00000275c71ff450, 0x00000275c8e603d0, 0x00000275c8c21890,
0x00000275c8c21ff0, 0x00000275bc600f10, 0x00000275c78aa380, 0x00000275c78aa850,
0x00000275c704cda0, 0x00000275c70fa010, 0x00000275c704d270, 0x00000275c78d3f10,
0x00000275c78d5250, 0x00000275c78d43e0
}

Java Threads: ( => current thread )
  0x00000275c6588740 JavaThread "Reference Handler" daemon [_thread_blocked, id=8272, stack(0x000000c636d00000,0x000000c636e00000)]
  0x00000275c658adb0 JavaThread "Finalizer" daemon [_thread_blocked, id=12420, stack(0x000000c636e00000,0x000000c636f00000)]
  0x00000275bc6cd4d0 JavaThread "Signal Dispatcher" daemon [_thread_blocked, id=6980, stack(0x000000c636f00000,0x000000c637000000)]
  0x00000275c65c7030 JavaThread "Attach Listener" daemon [_thread_blocked, id=10156, stack(0x000000c637000000,0x000000c637100000)]
  0x00000275c65c78f0 JavaThread "Service Thread" daemon [_thread_blocked, id=7388, stack(0x000000c637100000,0x000000c637200000)]
  0x00000275c65c91c0 JavaThread "Monitor Deflation Thread" daemon [_thread_blocked, id=8732, stack(0x000000c637200000,0x000000c637300000)]
  0x00000275c65c9a80 JavaThread "C1 CompilerThread0" daemon [_thread_blocked, id=2580, stack(0x000000c637300000,0x000000c637400000)]
  0x00000275c65cab20 JavaThread "Sweeper thread" daemon [_thread_blocked, id=4560, stack(0x000000c637400000,0x000000c637500000)]
  0x00000275c653c980 JavaThread "Common-Cleaner" daemon [_thread_blocked, id=11152, stack(0x000000c637500000,0x000000c637600000)]
  0x00000275c71ff450 JavaThread "Notification Thread" daemon [_thread_blocked, id=7780, stack(0x000000c637700000,0x000000c637800000)]
  0x00000275c8e603d0 JavaThread "Thread-1" [_thread_blocked, id=11636, stack(0x000000c637a00000,0x000000c637b00000)]
  0x00000275c8c21890 JavaThread "pool-7-thread-1" [_thread_blocked, id=9352, stack(0x000000c637b00000,0x000000c637c00000)]
  0x00000275c8c21ff0 JavaThread "LanguageServerApp-lifecycle" [_thread_blocked, id=4160, stack(0x000000c637c00000,0x000000c637d00000)]
  0x00000275bc600f10 JavaThread "DestroyJavaVM" [_thread_blocked, id=7984, stack(0x000000c636600000,0x000000c636700000)]
  0x00000275c78aa380 JavaThread "pool-8-thread-1" [_thread_in_native, id=7368, stack(0x000000c637d00000,0x000000c637e00000)]
  0x00000275c78aa850 JavaThread "ClassGraph-worker-0" daemon [_thread_blocked, id=4820, stack(0x000000c637e00000,0x000000c637f00000)]
  0x00000275c704cda0 JavaThread "ClassGraph-worker-1" daemon [_thread_blocked, id=9064, stack(0x000000c637f00000,0x000000c638000000)]
  0x00000275c70fa010 JavaThread "ClassGraph-worker-2" daemon [_thread_blocked, id=5976, stack(0x000000c638000000,0x000000c638100000)]
  0x00000275c704d270 JavaThread "ClassGraph-worker-3" daemon [_thread_blocked, id=1628, stack(0x000000c638100000,0x000000c638200000)]
  0x00000275c78d3f10 JavaThread "Simple-Language-Server main thread" daemon [_thread_blocked, id=7816, stack(0x000000c638200000,0x000000c638300000)]
  0x00000275c78d5250 JavaThread "parallel-1" daemon [_thread_blocked, id=7880, stack(0x000000c638300000,0x000000c638400000)]
  0x00000275c78d43e0 JavaThread "pool-2-thread-1" [_thread_blocked, id=13428, stack(0x000000c638400000,0x000000c638500000)]

Other Threads:
=>0x00000275c65727a0 VMThread "VM Thread" [stack: 0x000000c636c00000,0x000000c636d00000] [id=12664]
  0x00000275c7201930 WatcherThread [stack: 0x000000c637800000,0x000000c637900000] [id=8444]
  0x00000275bc63d0a0 GCTaskThread "GC Thread#0" [stack: 0x000000c636700000,0x000000c636800000] [id=472]
  0x00000275c7550670 GCTaskThread "GC Thread#1" [stack: 0x000000c637900000,0x000000c637a00000] [id=9156]
  0x00000275bc645a60 ConcurrentGCThread "G1 Main Marker" [stack: 0x000000c636800000,0x000000c636900000] [id=10396]
  0x00000275bc647480 ConcurrentGCThread "G1 Conc#0" [stack: 0x000000c636900000,0x000000c636a00000] [id=6336]
  0x00000275bc679c40 ConcurrentGCThread "G1 Refine#0" [stack: 0x000000c636a00000,0x000000c636b00000] [id=11064]
  0x00000275bc67a660 ConcurrentGCThread "G1 Service" [stack: 0x000000c636b00000,0x000000c636c00000] [id=8856]

Threads with active compile tasks:

VM state: at safepoint (normal execution)

VM Mutex/Monitor currently owned by a thread:  ([mutex/lock_event])
[0x00000275ba4acd80] Threads_lock - owner thread: 0x00000275c65727a0
[0x00000275bc5ff340] Heap_lock - owner thread: 0x00000275c704d270

Heap address: 0x00000000c2c00000, size: 980 MB, Compressed Oops mode: 32-bit

CDS archive(s) not mapped
Compressed class space mapped at: 0x0000000100000000-0x0000000140000000, reserved size: 1073741824
Narrow klass base: 0x0000000000000000, Narrow klass shift: 3, Narrow klass range: 0x140000000

GC Precious Log:
 CPUs: 2 total, 2 available
 Memory: 3916M
 Large Page Support: Disabled
 NUMA Support: Disabled
 Compressed Oops: Enabled (32-bit)
 Heap Region Size: 1M
 Heap Min Capacity: 8M
 Heap Initial Capacity: 62M
 Heap Max Capacity: 980M
 Pre-touch: Disabled
 Parallel Workers: 2
 Concurrent Workers: 1
 Concurrent Refinement Workers: 2
 Periodic GC: Disabled

Heap:
 garbage-first heap   total 147456K, used 55555K [0x00000000c2c00000, 0x0000000100000000)
  region size 1024K, 6 young (6144K), 6 survivors (6144K)
 Metaspace       used 34223K, committed 34560K, reserved 1081344K
  class space    used 4440K, committed 4608K, reserved 1048576K

Heap Regions: E=young(eden), S=young(survivor), O=old, HS=humongous(starts), HC=humongous(continues), CS=collection set, F=free, OA=open archive, CA=closed archive, TAMS=top-at-mark-start (previous, next)
|   0|0x00000000c2c00000, 0x00000000c2d00000, 0x00000000c2d00000|100%| O|  |TAMS 0x00000000c2d00000, 0x00000000c2c00000| Untracked 
|   1|0x00000000c2d00000, 0x00000000c2e00000, 0x00000000c2e00000|100%| O|  |TAMS 0x00000000c2e00000, 0x00000000c2d00000| Untracked 
|   2|0x00000000c2e00000, 0x00000000c2f00000, 0x00000000c2f00000|100%| O|  |TAMS 0x00000000c2f00000, 0x00000000c2e00000| Untracked 
|   3|0x00000000c2f00000, 0x00000000c3000000, 0x00000000c3000000|100%| O|  |TAMS 0x00000000c3000000, 0x00000000c2f00000| Untracked 
|   4|0x00000000c3000000, 0x00000000c3100000, 0x00000000c3100000|100%| O|  |TAMS 0x00000000c3100000, 0x00000000c3000000| Untracked 
|   5|0x00000000c3100000, 0x00000000c3200000, 0x00000000c3200000|100%| O|  |TAMS 0x00000000c3200000, 0x00000000c3100000| Untracked 
|   6|0x00000000c3200000, 0x00000000c3300000, 0x00000000c3300000|100%| O|  |TAMS 0x00000000c3300000, 0x00000000c3200000| Untracked 
|   7|0x00000000c3300000, 0x00000000c3400000, 0x00000000c3400000|100%| O|  |TAMS 0x00000000c3400000, 0x00000000c3300000| Untracked 
|   8|0x00000000c3400000, 0x00000000c3500000, 0x00000000c3500000|100%| O|  |TAMS 0x00000000c3500000, 0x00000000c3400000| Untracked 
|   9|0x00000000c3500000, 0x00000000c3600000, 0x00000000c3600000|100%| O|  |TAMS 0x00000000c3600000, 0x00000000c3500000| Untracked 
|  10|0x00000000c3600000, 0x00000000c3700000, 0x00000000c3700000|100%| O|  |TAMS 0x00000000c3600000, 0x00000000c3600000| Untracked 
|  11|0x00000000c3700000, 0x00000000c3800000, 0x00000000c3800000|100%| O|  |TAMS 0x00000000c3800000, 0x00000000c3700000| Untracked 
|  12|0x00000000c3800000, 0x00000000c3900000, 0x00000000c3900000|100%| O|  |TAMS 0x00000000c3900000, 0x00000000c3800000| Untracked 
|  13|0x00000000c3900000, 0x00000000c3a00000, 0x00000000c3a00000|100%| O|  |TAMS 0x00000000c3a00000, 0x00000000c3900000| Untracked 
|  14|0x00000000c3a00000, 0x00000000c3b00000, 0x00000000c3b00000|100%| O|  |TAMS 0x00000000c3b00000, 0x00000000c3a00000| Untracked 
|  15|0x00000000c3b00000, 0x00000000c3c00000, 0x00000000c3c00000|100%| O|  |TAMS 0x00000000c3c00000, 0x00000000c3b00000| Untracked 
|  16|0x00000000c3c00000, 0x00000000c3d00000, 0x00000000c3d00000|100%| O|  |TAMS 0x00000000c3d00000, 0x00000000c3c00000| Untracked 
|  17|0x00000000c3d00000, 0x00000000c3e00000, 0x00000000c3e00000|100%| O|  |TAMS 0x00000000c3e00000, 0x00000000c3d00000| Untracked 
|  18|0x00000000c3e00000, 0x00000000c3f00000, 0x00000000c3f00000|100%| O|  |TAMS 0x00000000c3f00000, 0x00000000c3e00000| Untracked 
|  19|0x00000000c3f00000, 0x00000000c4000000, 0x00000000c4000000|100%| O|  |TAMS 0x00000000c4000000, 0x00000000c3f00000| Untracked 
|  20|0x00000000c4000000, 0x00000000c4100000, 0x00000000c4100000|100%| O|  |TAMS 0x00000000c4100000, 0x00000000c4000000| Untracked 
|  21|0x00000000c4100000, 0x00000000c4200000, 0x00000000c4200000|100%| O|  |TAMS 0x00000000c4200000, 0x00000000c4100000| Untracked 
|  22|0x00000000c4200000, 0x00000000c4300000, 0x00000000c4300000|100%| O|  |TAMS 0x00000000c4300000, 0x00000000c4200000| Untracked 
|  23|0x00000000c4300000, 0x00000000c4400000, 0x00000000c4400000|100%| O|  |TAMS 0x00000000c4400000, 0x00000000c4300000| Untracked 
|  24|0x00000000c4400000, 0x00000000c4500000, 0x00000000c4500000|100%| O|  |TAMS 0x00000000c4500000, 0x00000000c4400000| Untracked 
|  25|0x00000000c4500000, 0x00000000c4600000, 0x00000000c4600000|100%| O|  |TAMS 0x00000000c4600000, 0x00000000c4500000| Untracked 
|  26|0x00000000c4600000, 0x00000000c4700000, 0x00000000c4700000|100%| O|  |TAMS 0x00000000c4700000, 0x00000000c4600000| Untracked 
|  27|0x00000000c4700000, 0x00000000c4800000, 0x00000000c4800000|100%| O|  |TAMS 0x00000000c4800000, 0x00000000c4700000| Untracked 
|  28|0x00000000c4800000, 0x00000000c4900000, 0x00000000c4900000|100%| O|  |TAMS 0x00000000c4900000, 0x00000000c4800000| Untracked 
|  29|0x00000000c4900000, 0x00000000c4a00000, 0x00000000c4a00000|100%| O|  |TAMS 0x00000000c4a00000, 0x00000000c4900000| Untracked 
|  30|0x00000000c4a00000, 0x00000000c4b00000, 0x00000000c4b00000|100%| O|  |TAMS 0x00000000c4b00000, 0x00000000c4a00000| Untracked 
|  31|0x00000000c4b00000, 0x00000000c4c00000, 0x00000000c4c00000|100%| O|  |TAMS 0x00000000c4c00000, 0x00000000c4b00000| Untracked 
|  32|0x00000000c4c00000, 0x00000000c4d00000, 0x00000000c4d00000|100%| O|  |TAMS 0x00000000c4d00000, 0x00000000c4c00000| Untracked 
|  33|0x00000000c4d00000, 0x00000000c4e00000, 0x00000000c4e00000|100%| O|  |TAMS 0x00000000c4e00000, 0x00000000c4d00000| Untracked 
|  34|0x00000000c4e00000, 0x00000000c4f00000, 0x00000000c4f00000|100%| O|  |TAMS 0x00000000c4f00000, 0x00000000c4e00000| Untracked 
|  35|0x00000000c4f00000, 0x00000000c5000000, 0x00000000c5000000|100%| O|  |TAMS 0x00000000c5000000, 0x00000000c4f00000| Untracked 
|  36|0x00000000c5000000, 0x00000000c5100000, 0x00000000c5100000|100%| O|  |TAMS 0x00000000c5100000, 0x00000000c5000000| Untracked 
|  37|0x00000000c5100000, 0x00000000c5200000, 0x00000000c5200000|100%| O|  |TAMS 0x00000000c5200000, 0x00000000c5100000| Untracked 
|  38|0x00000000c5200000, 0x00000000c5300000, 0x00000000c5300000|100%| O|  |TAMS 0x00000000c52a1000, 0x00000000c5200000| Untracked 
|  39|0x00000000c5300000, 0x00000000c5400000, 0x00000000c5400000|100%| O|  |TAMS 0x00000000c5300000, 0x00000000c5300000| Untracked 
|  40|0x00000000c5400000, 0x00000000c5500000, 0x00000000c5500000|100%| O|  |TAMS 0x00000000c5400000, 0x00000000c5400000| Untracked 
|  41|0x00000000c5500000, 0x00000000c5600000, 0x00000000c5600000|100%| O|  |TAMS 0x00000000c5500000, 0x00000000c5500000| Untracked 
|  42|0x00000000c5600000, 0x00000000c5700000, 0x00000000c5700000|100%| O|  |TAMS 0x00000000c5600000, 0x00000000c5600000| Untracked 
|  43|0x00000000c5700000, 0x00000000c5800000, 0x00000000c5800000|100%| O|  |TAMS 0x00000000c5700000, 0x00000000c5700000| Untracked 
|  44|0x00000000c5800000, 0x00000000c5900000, 0x00000000c5900000|100%| O|  |TAMS 0x00000000c5800000, 0x00000000c5800000| Untracked 
|  45|0x00000000c5900000, 0x00000000c5a00000, 0x00000000c5a00000|100%| O|  |TAMS 0x00000000c5900000, 0x00000000c5900000| Untracked 
|  46|0x00000000c5a00000, 0x00000000c5b00000, 0x00000000c5b00000|100%| O|  |TAMS 0x00000000c5a00000, 0x00000000c5a00000| Untracked 
|  47|0x00000000c5b00000, 0x00000000c5c00000, 0x00000000c5c00000|100%| O|  |TAMS 0x00000000c5b00000, 0x00000000c5b00000| Untracked 
|  48|0x00000000c5c00000, 0x00000000c5c40e00, 0x00000000c5d00000| 25%| O|  |TAMS 0x00000000c5c00000, 0x00000000c5c00000| Untracked 
|  49|0x00000000c5d00000, 0x00000000c5d00000, 0x00000000c5e00000|  0%| F|  |TAMS 0x00000000c5d00000, 0x00000000c5d00000| Untracked 
|  50|0x00000000c5e00000, 0x00000000c5e00000, 0x00000000c5f00000|  0%| F|  |TAMS 0x00000000c5e00000, 0x00000000c5e00000| Untracked 
|  51|0x00000000c5f00000, 0x00000000c5f00000, 0x00000000c6000000|  0%| F|  |TAMS 0x00000000c5f00000, 0x00000000c5f00000| Untracked 
|  52|0x00000000c6000000, 0x00000000c6000000, 0x00000000c6100000|  0%| F|  |TAMS 0x00000000c6000000, 0x00000000c6000000| Untracked 
|  53|0x00000000c6100000, 0x00000000c6100000, 0x00000000c6200000|  0%| F|  |TAMS 0x00000000c6100000, 0x00000000c6100000| Untracked 
|  54|0x00000000c6200000, 0x00000000c6200000, 0x00000000c6300000|  0%| F|  |TAMS 0x00000000c6200000, 0x00000000c6200000| Untracked 
|  55|0x00000000c6300000, 0x00000000c6300000, 0x00000000c6400000|  0%| F|  |TAMS 0x00000000c6300000, 0x00000000c6300000| Untracked 
|  56|0x00000000c6400000, 0x00000000c6400000, 0x00000000c6500000|  0%| F|  |TAMS 0x00000000c6400000, 0x00000000c6400000| Untracked 
|  57|0x00000000c6500000, 0x00000000c6500000, 0x00000000c6600000|  0%| F|  |TAMS 0x00000000c6500000, 0x00000000c6500000| Untracked 
|  58|0x00000000c6600000, 0x00000000c6600000, 0x00000000c6700000|  0%| F|  |TAMS 0x00000000c6600000, 0x00000000c6600000| Untracked 
|  59|0x00000000c6700000, 0x00000000c6700000, 0x00000000c6800000|  0%| F|  |TAMS 0x00000000c6700000, 0x00000000c6700000| Untracked 
|  60|0x00000000c6800000, 0x00000000c6800000, 0x00000000c6900000|  0%| F|  |TAMS 0x00000000c6800000, 0x00000000c6800000| Untracked 
|  61|0x00000000c6900000, 0x00000000c6900000, 0x00000000c6a00000|  0%| F|  |TAMS 0x00000000c6900000, 0x00000000c6900000| Untracked 
|  62|0x00000000c6a00000, 0x00000000c6a00000, 0x00000000c6b00000|  0%| F|  |TAMS 0x00000000c6a00000, 0x00000000c6a00000| Untracked 
|  63|0x00000000c6b00000, 0x00000000c6b00000, 0x00000000c6c00000|  0%| F|  |TAMS 0x00000000c6b00000, 0x00000000c6b00000| Untracked 
|  64|0x00000000c6c00000, 0x00000000c6c00000, 0x00000000c6d00000|  0%| F|  |TAMS 0x00000000c6c00000, 0x00000000c6c00000| Untracked 
|  65|0x00000000c6d00000, 0x00000000c6d00000, 0x00000000c6e00000|  0%| F|  |TAMS 0x00000000c6d00000, 0x00000000c6d00000| Untracked 
|  66|0x00000000c6e00000, 0x00000000c6e00000, 0x00000000c6f00000|  0%| F|  |TAMS 0x00000000c6e00000, 0x00000000c6e00000| Untracked 
|  67|0x00000000c6f00000, 0x00000000c6f00000, 0x00000000c7000000|  0%| F|  |TAMS 0x00000000c6f00000, 0x00000000c6f00000| Untracked 
|  68|0x00000000c7000000, 0x00000000c7000000, 0x00000000c7100000|  0%| F|  |TAMS 0x00000000c7000000, 0x00000000c7000000| Untracked 
|  69|0x00000000c7100000, 0x00000000c7100000, 0x00000000c7200000|  0%| F|  |TAMS 0x00000000c7100000, 0x00000000c7100000| Untracked 
|  70|0x00000000c7200000, 0x00000000c7200000, 0x00000000c7300000|  0%| F|  |TAMS 0x00000000c7200000, 0x00000000c7200000| Untracked 
|  71|0x00000000c7300000, 0x00000000c7300000, 0x00000000c7400000|  0%| F|  |TAMS 0x00000000c7300000, 0x00000000c7300000| Untracked 
|  72|0x00000000c7400000, 0x00000000c7400000, 0x00000000c7500000|  0%| F|  |TAMS 0x00000000c7400000, 0x00000000c7400000| Untracked 
|  73|0x00000000c7500000, 0x00000000c7500000, 0x00000000c7600000|  0%| F|  |TAMS 0x00000000c7500000, 0x00000000c7500000| Untracked 
|  74|0x00000000c7600000, 0x00000000c7700000, 0x00000000c7700000|100%| S|CS|TAMS 0x00000000c7600000, 0x00000000c7600000| Complete 
|  75|0x00000000c7700000, 0x00000000c7800000, 0x00000000c7800000|100%| S|CS|TAMS 0x00000000c7700000, 0x00000000c7700000| Complete 
|  76|0x00000000c7800000, 0x00000000c7900000, 0x00000000c7900000|100%| S|CS|TAMS 0x00000000c7800000, 0x00000000c7800000| Complete 
|  77|0x00000000c7900000, 0x00000000c7a00000, 0x00000000c7a00000|100%| S|CS|TAMS 0x00000000c7900000, 0x00000000c7900000| Complete 
|  78|0x00000000c7a00000, 0x00000000c7b00000, 0x00000000c7b00000|100%| S|CS|TAMS 0x00000000c7a00000, 0x00000000c7a00000| Complete 
|  79|0x00000000c7b00000, 0x00000000c7b00000, 0x00000000c7c00000|  0%| F|  |TAMS 0x00000000c7b00000, 0x00000000c7b00000| Untracked 
|  80|0x00000000c7c00000, 0x00000000c7c00000, 0x00000000c7d00000|  0%| F|  |TAMS 0x00000000c7c00000, 0x00000000c7c00000| Untracked 
|  81|0x00000000c7d00000, 0x00000000c7d00000, 0x00000000c7e00000|  0%| F|  |TAMS 0x00000000c7d00000, 0x00000000c7d00000| Untracked 
|  82|0x00000000c7e00000, 0x00000000c7f00000, 0x00000000c7f00000|100%| S|CS|TAMS 0x00000000c7e00000, 0x00000000c7e00000| Complete 
|  83|0x00000000c7f00000, 0x00000000c7f00000, 0x00000000c8000000|  0%| F|  |TAMS 0x00000000c7f00000, 0x00000000c7f00000| Untracked 
|  84|0x00000000c8000000, 0x00000000c8000000, 0x00000000c8100000|  0%| F|  |TAMS 0x00000000c8000000, 0x00000000c8000000| Untracked 
|  85|0x00000000c8100000, 0x00000000c8100000, 0x00000000c8200000|  0%| F|  |TAMS 0x00000000c8100000, 0x00000000c8100000| Untracked 
|  86|0x00000000c8200000, 0x00000000c8200000, 0x00000000c8300000|  0%| F|  |TAMS 0x00000000c8200000, 0x00000000c8200000| Untracked 
|  87|0x00000000c8300000, 0x00000000c8300000, 0x00000000c8400000|  0%| F|  |TAMS 0x00000000c8300000, 0x00000000c8300000| Untracked 
|  88|0x00000000c8400000, 0x00000000c8400000, 0x00000000c8500000|  0%| F|  |TAMS 0x00000000c8400000, 0x00000000c8400000| Untracked 
|  89|0x00000000c8500000, 0x00000000c8500000, 0x00000000c8600000|  0%| F|  |TAMS 0x00000000c8500000, 0x00000000c8500000| Untracked 
|  90|0x00000000c8600000, 0x00000000c8600000, 0x00000000c8700000|  0%| F|  |TAMS 0x00000000c8600000, 0x00000000c8600000| Untracked 
|  91|0x00000000c8700000, 0x00000000c8700000, 0x00000000c8800000|  0%| F|  |TAMS 0x00000000c8700000, 0x00000000c8700000| Untracked 
|  92|0x00000000c8800000, 0x00000000c8800000, 0x00000000c8900000|  0%| F|  |TAMS 0x00000000c8800000, 0x00000000c8800000| Untracked 
|  93|0x00000000c8900000, 0x00000000c8900000, 0x00000000c8a00000|  0%| F|  |TAMS 0x00000000c8900000, 0x00000000c8900000| Untracked 
|  94|0x00000000c8a00000, 0x00000000c8a00000, 0x00000000c8b00000|  0%| F|  |TAMS 0x00000000c8a00000, 0x00000000c8a00000| Untracked 
|  95|0x00000000c8b00000, 0x00000000c8b00000, 0x00000000c8c00000|  0%| F|  |TAMS 0x00000000c8b00000, 0x00000000c8b00000| Untracked 
|  96|0x00000000c8c00000, 0x00000000c8c00000, 0x00000000c8d00000|  0%| F|  |TAMS 0x00000000c8c00000, 0x00000000c8c00000| Untracked 
|  97|0x00000000c8d00000, 0x00000000c8d00000, 0x00000000c8e00000|  0%| F|  |TAMS 0x00000000c8d00000, 0x00000000c8d00000| Untracked 
|  98|0x00000000c8e00000, 0x00000000c8e00000, 0x00000000c8f00000|  0%| F|  |TAMS 0x00000000c8e00000, 0x00000000c8e00000| Untracked 
|  99|0x00000000c8f00000, 0x00000000c8f00000, 0x00000000c9000000|  0%| F|  |TAMS 0x00000000c8f00000, 0x00000000c8f00000| Untracked 
| 100|0x00000000c9000000, 0x00000000c9000000, 0x00000000c9100000|  0%| F|  |TAMS 0x00000000c9000000, 0x00000000c9000000| Untracked 
| 101|0x00000000c9100000, 0x00000000c9100000, 0x00000000c9200000|  0%| F|  |TAMS 0x00000000c9100000, 0x00000000c9100000| Untracked 
| 102|0x00000000c9200000, 0x00000000c9200000, 0x00000000c9300000|  0%| F|  |TAMS 0x00000000c9200000, 0x00000000c9200000| Untracked 
| 103|0x00000000c9300000, 0x00000000c9300000, 0x00000000c9400000|  0%| F|  |TAMS 0x00000000c9300000, 0x00000000c9300000| Untracked 
| 104|0x00000000c9400000, 0x00000000c9400000, 0x00000000c9500000|  0%| F|  |TAMS 0x00000000c9400000, 0x00000000c9400000| Untracked 
| 105|0x00000000c9500000, 0x00000000c9500000, 0x00000000c9600000|  0%| F|  |TAMS 0x00000000c9500000, 0x00000000c9500000| Untracked 
| 106|0x00000000c9600000, 0x00000000c9600000, 0x00000000c9700000|  0%| F|  |TAMS 0x00000000c9600000, 0x00000000c9600000| Untracked 
| 107|0x00000000c9700000, 0x00000000c9700000, 0x00000000c9800000|  0%| F|  |TAMS 0x00000000c9700000, 0x00000000c9700000| Untracked 
| 108|0x00000000c9800000, 0x00000000c9800000, 0x00000000c9900000|  0%| F|  |TAMS 0x00000000c9800000, 0x00000000c9800000| Untracked 
| 109|0x00000000c9900000, 0x00000000c9900000, 0x00000000c9a00000|  0%| F|  |TAMS 0x00000000c9900000, 0x00000000c9900000| Untracked 
| 110|0x00000000c9a00000, 0x00000000c9a00000, 0x00000000c9b00000|  0%| F|  |TAMS 0x00000000c9a00000, 0x00000000c9a00000| Untracked 
| 111|0x00000000c9b00000, 0x00000000c9b00000, 0x00000000c9c00000|  0%| F|  |TAMS 0x00000000c9b00000, 0x00000000c9b00000| Untracked 
| 112|0x00000000c9c00000, 0x00000000c9c00000, 0x00000000c9d00000|  0%| F|  |TAMS 0x00000000c9c00000, 0x00000000c9c00000| Untracked 
| 113|0x00000000c9d00000, 0x00000000c9d00000, 0x00000000c9e00000|  0%| F|  |TAMS 0x00000000c9d00000, 0x00000000c9d00000| Untracked 
| 114|0x00000000c9e00000, 0x00000000c9e00000, 0x00000000c9f00000|  0%| F|  |TAMS 0x00000000c9e00000, 0x00000000c9e00000| Untracked 
| 115|0x00000000c9f00000, 0x00000000c9f00000, 0x00000000ca000000|  0%| F|  |TAMS 0x00000000c9f00000, 0x00000000c9f00000| Untracked 
| 116|0x00000000ca000000, 0x00000000ca000000, 0x00000000ca100000|  0%| F|  |TAMS 0x00000000ca000000, 0x00000000ca000000| Untracked 
| 117|0x00000000ca100000, 0x00000000ca100000, 0x00000000ca200000|  0%| F|  |TAMS 0x00000000ca100000, 0x00000000ca100000| Untracked 
| 118|0x00000000ca200000, 0x00000000ca200000, 0x00000000ca300000|  0%| F|  |TAMS 0x00000000ca200000, 0x00000000ca200000| Untracked 
| 119|0x00000000ca300000, 0x00000000ca300000, 0x00000000ca400000|  0%| F|  |TAMS 0x00000000ca300000, 0x00000000ca300000| Untracked 
| 120|0x00000000ca400000, 0x00000000ca400000, 0x00000000ca500000|  0%| F|  |TAMS 0x00000000ca400000, 0x00000000ca400000| Untracked 
| 121|0x00000000ca500000, 0x00000000ca500000, 0x00000000ca600000|  0%| F|  |TAMS 0x00000000ca500000, 0x00000000ca500000| Untracked 
| 122|0x00000000ca600000, 0x00000000ca600000, 0x00000000ca700000|  0%| F|  |TAMS 0x00000000ca600000, 0x00000000ca600000| Untracked 
| 123|0x00000000ca700000, 0x00000000ca700000, 0x00000000ca800000|  0%| F|  |TAMS 0x00000000ca700000, 0x00000000ca700000| Untracked 
| 124|0x00000000ca800000, 0x00000000ca800000, 0x00000000ca900000|  0%| F|  |TAMS 0x00000000ca800000, 0x00000000ca800000| Untracked 
| 125|0x00000000ca900000, 0x00000000ca900000, 0x00000000caa00000|  0%| F|  |TAMS 0x00000000ca900000, 0x00000000ca900000| Untracked 
| 126|0x00000000caa00000, 0x00000000caa00000, 0x00000000cab00000|  0%| F|  |TAMS 0x00000000caa00000, 0x00000000caa00000| Untracked 
| 127|0x00000000cab00000, 0x00000000cab00000, 0x00000000cac00000|  0%| F|  |TAMS 0x00000000cab00000, 0x00000000cab00000| Untracked 
| 128|0x00000000cac00000, 0x00000000cac00000, 0x00000000cad00000|  0%| F|  |TAMS 0x00000000cac00000, 0x00000000cac00000| Untracked 
| 129|0x00000000cad00000, 0x00000000cad00000, 0x00000000cae00000|  0%| F|  |TAMS 0x00000000cad00000, 0x00000000cad00000| Untracked 
| 130|0x00000000cae00000, 0x00000000cae00000, 0x00000000caf00000|  0%| F|  |TAMS 0x00000000cae00000, 0x00000000cae00000| Untracked 
| 131|0x00000000caf00000, 0x00000000caf00000, 0x00000000cb000000|  0%| F|  |TAMS 0x00000000caf00000, 0x00000000caf00000| Untracked 
| 132|0x00000000cb000000, 0x00000000cb000000, 0x00000000cb100000|  0%| F|  |TAMS 0x00000000cb000000, 0x00000000cb000000| Untracked 
| 133|0x00000000cb100000, 0x00000000cb100000, 0x00000000cb200000|  0%| F|  |TAMS 0x00000000cb100000, 0x00000000cb100000| Untracked 
| 134|0x00000000cb200000, 0x00000000cb200000, 0x00000000cb300000|  0%| F|  |TAMS 0x00000000cb200000, 0x00000000cb200000| Untracked 
| 135|0x00000000cb300000, 0x00000000cb300000, 0x00000000cb400000|  0%| F|  |TAMS 0x00000000cb300000, 0x00000000cb300000| Untracked 
| 136|0x00000000cb400000, 0x00000000cb400000, 0x00000000cb500000|  0%| F|  |TAMS 0x00000000cb400000, 0x00000000cb400000| Untracked 
| 137|0x00000000cb500000, 0x00000000cb500000, 0x00000000cb600000|  0%| F|  |TAMS 0x00000000cb500000, 0x00000000cb500000| Untracked 
| 138|0x00000000cb600000, 0x00000000cb600000, 0x00000000cb700000|  0%| F|  |TAMS 0x00000000cb600000, 0x00000000cb600000| Untracked 
| 139|0x00000000cb700000, 0x00000000cb700000, 0x00000000cb800000|  0%| F|  |TAMS 0x00000000cb700000, 0x00000000cb700000| Untracked 
| 140|0x00000000cb800000, 0x00000000cb800000, 0x00000000cb900000|  0%| F|  |TAMS 0x00000000cb800000, 0x00000000cb800000| Untracked 
| 141|0x00000000cb900000, 0x00000000cb900000, 0x00000000cba00000|  0%| F|  |TAMS 0x00000000cb900000, 0x00000000cb900000| Untracked 
| 142|0x00000000cba00000, 0x00000000cba00000, 0x00000000cbb00000|  0%| F|  |TAMS 0x00000000cba00000, 0x00000000cba00000| Untracked 
| 143|0x00000000cbb00000, 0x00000000cbb00000, 0x00000000cbc00000|  0%| F|  |TAMS 0x00000000cbb00000, 0x00000000cbb00000| Untracked 

Card table byte_map: [0x00000275bc240000,0x00000275bc430000] _byte_map_base: 0x00000275bbc2a000

Marking Bits (Prev, Next): (CMBitMap*) 0x00000275bc63d6b0, (CMBitMap*) 0x00000275bc63d6f0
 Prev Bits: [0x00000275c2470000, 0x00000275c33c0000)
 Next Bits: [0x00000275c33c0000, 0x00000275c4310000)

Polling page: 0x00000275ba5d0000

Metaspace:

Usage:
  Non-class:     29.08 MB used.
      Class:      4.34 MB used.
       Both:     33.42 MB used.

Virtual space:
  Non-class space:       32.00 MB reserved,      29.25 MB ( 91%) committed,  4 nodes.
      Class space:        1.00 GB reserved,       4.50 MB ( <1%) committed,  1 nodes.
             Both:        1.03 GB reserved,      33.75 MB (  3%) committed. 

Chunk freelists:
   Non-Class:  2.08 MB
       Class:  3.53 MB
        Both:  5.61 MB

MaxMetaspaceSize: unlimited
CompressedClassSpaceSize: 1.00 GB
Initial GC threshold: 21.00 MB
Current GC threshold: 56.25 MB
CDS: off
MetaspaceReclaimPolicy: balanced
 - commit_granule_bytes: 65536.
 - commit_granule_words: 8192.
 - virtual_space_node_default_size: 1048576.
 - enlarge_chunks_in_place: 1.
 - new_chunks_are_fully_committed: 0.
 - uncommit_free_chunks: 1.
 - use_allocation_guard: 0.
 - handle_deallocations: 1.


Internal statistics:

num_allocs_failed_limit: 3.
num_arena_births: 298.
num_arena_deaths: 0.
num_vsnodes_births: 5.
num_vsnodes_deaths: 0.
num_space_committed: 540.
num_space_uncommitted: 0.
num_chunks_returned_to_freelist: 3.
num_chunks_taken_from_freelist: 1269.
num_chunk_merges: 3.
num_chunk_splits: 865.
num_chunks_enlarged: 675.
num_purges: 0.
num_inconsistent_stats: 0.

CodeCache: size=49152Kb used=7184Kb max_used=7741Kb free=41968Kb
 bounds [0x00000275bf280000, 0x00000275bfa10000, 0x00000275c2280000]
 total_blobs=4087 nmethods=3571 adapters=444
 compilation: enabled
              stopped_count=0, restarted_count=0
 full_count=0

Compilation events (20 events):
Event: 10.637 Thread 0x00000275c71b3200 3562   !   1       io.github.classgraph.ClasspathElementZip$1::open (79 bytes)
Event: 10.639 Thread 0x00000275c71b3200 nmethod 3562 0x00000275bfa0d210 code [0x00000275bfa0d460, 0x00000275bfa0dd18]
Event: 10.651 Thread 0x00000275c65c9a80 3563       1       nonapi.io.github.classgraph.fileslice.reader.ClassfileReader::<init> (29 bytes)
Event: 10.651 Thread 0x00000275c65c9a80 nmethod 3563 0x00000275bfa0e290 code [0x00000275bfa0e420, 0x00000275bfa0e698]
Event: 10.677 Thread 0x00000275c71b3200 3564       1       java.lang.Throwable::<init> (34 bytes)
Event: 10.677 Thread 0x00000275c71b3200 nmethod 3564 0x00000275bfa0e710 code [0x00000275bfa0e8c0, 0x00000275bfa0eb48]
Event: 11.033 Thread 0x00000275c65c9a80 3565       1       java.lang.Exception::<init> (6 bytes)
Event: 11.034 Thread 0x00000275c65c9a80 nmethod 3565 0x00000275bfa0ec10 code [0x00000275bfa0edc0, 0x00000275bfa0f048]
Event: 11.372 Thread 0x00000275c65c9a80 3566       1       io.github.classgraph.ScanResultObject::<init> (5 bytes)
Event: 11.373 Thread 0x00000275c65c9a80 nmethod 3566 0x00000275bfa0f110 code [0x00000275bfa0f2a0, 0x00000275bfa0f358]
Event: 11.669 Thread 0x00000275c65c9a80 3567       1       sun.nio.fs.WindowsPath::getPathForExceptionMessage (5 bytes)
Event: 11.670 Thread 0x00000275c65c9a80 nmethod 3567 0x00000275bf44e590 code [0x00000275bf44e720, 0x00000275bf44e7f8]
Event: 11.844 Thread 0x00000275c65c9a80 3568       1       java.util.ArrayList::<init> (12 bytes)
Event: 11.844 Thread 0x00000275c65c9a80 nmethod 3568 0x00000275bf44e210 code [0x00000275bf44e3a0, 0x00000275bf44e4d8]
Event: 11.845 Thread 0x00000275c65c9a80 3569       1       io.github.classgraph.PotentiallyUnmodifiableList::add (23 bytes)
Event: 11.846 Thread 0x00000275c65c9a80 nmethod 3569 0x00000275bf44dc10 code [0x00000275bf44ddc0, 0x00000275bf44e098]
Event: 11.847 Thread 0x00000275c65c9a80 3570       1       nonapi.io.github.classgraph.types.Parser::peek (30 bytes)
Event: 11.847 Thread 0x00000275c65c9a80 nmethod 3570 0x00000275bf44d690 code [0x00000275bf44d840, 0x00000275bf44da58]
Event: 11.873 Thread 0x00000275c65c9a80 3571       1       io.github.classgraph.MethodInfo::<init> (89 bytes)
Event: 11.874 Thread 0x00000275c65c9a80 nmethod 3571 0x00000275bf44cf10 code [0x00000275bf44d0e0, 0x00000275bf44d5e8]

GC Heap History (20 events):
Event: 10.088 GC heap after
{Heap after GC invocations=17 (full 0):
 garbage-first heap   total 71680K, used 38019K [0x00000000c2c00000, 0x0000000100000000)
  region size 1024K, 2 young (2048K), 2 survivors (2048K)
 Metaspace       used 33947K, committed 34240K, reserved 1081344K
  class space    used 4408K, committed 4544K, reserved 1048576K
}
Event: 10.506 GC heap before
{Heap before GC invocations=18 (full 0):
 garbage-first heap   total 71680K, used 50307K [0x00000000c2c00000, 0x0000000100000000)
  region size 1024K, 15 young (15360K), 2 survivors (2048K)
 Metaspace       used 33996K, committed 34304K, reserved 1081344K
  class space    used 4419K, committed 4544K, reserved 1048576K
}
Event: 10.520 GC heap after
{Heap after GC invocations=19 (full 0):
 garbage-first heap   total 71680K, used 41196K [0x00000000c2c00000, 0x0000000100000000)
  region size 1024K, 2 young (2048K), 2 survivors (2048K)
 Metaspace       used 33996K, committed 34304K, reserved 1081344K
  class space    used 4419K, committed 4544K, reserved 1048576K
}
Event: 10.609 GC heap before
{Heap before GC invocations=19 (full 0):
 garbage-first heap   total 71680K, used 51436K [0x00000000c2c00000, 0x0000000100000000)
  region size 1024K, 13 young (13312K), 2 survivors (2048K)
 Metaspace       used 34223K, committed 34560K, reserved 1081344K
  class space    used 4440K, committed 4608K, reserved 1048576K
}
Event: 10.619 GC heap after
{Heap after GC invocations=20 (full 0):
 garbage-first heap   total 71680K, used 42283K [0x00000000c2c00000, 0x0000000100000000)
  region size 1024K, 1 young (1024K), 1 survivors (1024K)
 Metaspace       used 34223K, committed 34560K, reserved 1081344K
  class space    used 4440K, committed 4608K, reserved 1048576K
}
Event: 10.667 GC heap before
{Heap before GC invocations=20 (full 0):
 garbage-first heap   total 71680K, used 53547K [0x00000000c2c00000, 0x0000000100000000)
  region size 1024K, 13 young (13312K), 1 survivors (1024K)
 Metaspace       used 34223K, committed 34560K, reserved 1081344K
  class space    used 4440K, committed 4608K, reserved 1048576K
}
Event: 10.670 GC heap after
{Heap after GC invocations=21 (full 0):
 garbage-first heap   total 71680K, used 42558K [0x00000000c2c00000, 0x0000000100000000)
  region size 1024K, 2 young (2048K), 2 survivors (2048K)
 Metaspace       used 34223K, committed 34560K, reserved 1081344K
  class space    used 4440K, committed 4608K, reserved 1048576K
}
Event: 10.710 GC heap before
{Heap before GC invocations=21 (full 0):
 garbage-first heap   total 71680K, used 53822K [0x00000000c2c00000, 0x0000000100000000)
  region size 1024K, 14 young (14336K), 2 survivors (2048K)
 Metaspace       used 34223K, committed 34560K, reserved 1081344K
  class space    used 4440K, committed 4608K, reserved 1048576K
}
Event: 10.713 GC heap after
{Heap after GC invocations=22 (full 0):
 garbage-first heap   total 71680K, used 43208K [0x00000000c2c00000, 0x0000000100000000)
  region size 1024K, 2 young (2048K), 2 survivors (2048K)
 Metaspace       used 34223K, committed 34560K, reserved 1081344K
  class space    used 4440K, committed 4608K, reserved 1048576K
}
Event: 10.792 GC heap before
{Heap before GC invocations=23 (full 0):
 garbage-first heap   total 78848K, used 54472K [0x00000000c2c00000, 0x0000000100000000)
  region size 1024K, 14 young (14336K), 2 survivors (2048K)
 Metaspace       used 34223K, committed 34560K, reserved 1081344K
  class space    used 4440K, committed 4608K, reserved 1048576K
}
Event: 10.796 GC heap after
{Heap after GC invocations=24 (full 0):
 garbage-first heap   total 78848K, used 43856K [0x00000000c2c00000, 0x0000000100000000)
  region size 1024K, 2 young (2048K), 2 survivors (2048K)
 Metaspace       used 34223K, committed 34560K, reserved 1081344K
  class space    used 4440K, committed 4608K, reserved 1048576K
}
Event: 10.801 GC heap before
{Heap before GC invocations=24 (full 0):
 garbage-first heap   total 78848K, used 44880K [0x00000000c2c00000, 0x0000000100000000)
  region size 1024K, 3 young (3072K), 2 survivors (2048K)
 Metaspace       used 34223K, committed 34560K, reserved 1081344K
  class space    used 4440K, committed 4608K, reserved 1048576K
}
Event: 10.805 GC heap after
{Heap after GC invocations=25 (full 0):
 garbage-first heap   total 147456K, used 44005K [0x00000000c2c00000, 0x0000000100000000)
  region size 1024K, 1 young (1024K), 1 survivors (1024K)
 Metaspace       used 34223K, committed 34560K, reserved 1081344K
  class space    used 4440K, committed 4608K, reserved 1048576K
}
Event: 10.989 GC heap before
{Heap before GC invocations=25 (full 0):
 garbage-first heap   total 147456K, used 96229K [0x00000000c2c00000, 0x0000000100000000)
  region size 1024K, 53 young (54272K), 1 survivors (1024K)
 Metaspace       used 34223K, committed 34560K, reserved 1081344K
  class space    used 4440K, committed 4608K, reserved 1048576K
}
Event: 10.994 GC heap after
{Heap after GC invocations=26 (full 0):
 garbage-first heap   total 147456K, used 46285K [0x00000000c2c00000, 0x0000000100000000)
  region size 1024K, 3 young (3072K), 3 survivors (3072K)
 Metaspace       used 34223K, committed 34560K, reserved 1081344K
  class space    used 4440K, committed 4608K, reserved 1048576K
}
Event: 11.229 GC heap before
{Heap before GC invocations=26 (full 0):
 garbage-first heap   total 147456K, used 108749K [0x00000000c2c00000, 0x0000000100000000)
  region size 1024K, 65 young (66560K), 3 survivors (3072K)
 Metaspace       used 34223K, committed 34560K, reserved 1081344K
  class space    used 4440K, committed 4608K, reserved 1048576K
}
Event: 11.237 GC heap after
{Heap after GC invocations=27 (full 0):
 garbage-first heap   total 147456K, used 49491K [0x00000000c2c00000, 0x0000000100000000)
  region size 1024K, 6 young (6144K), 6 survivors (6144K)
 Metaspace       used 34223K, committed 34560K, reserved 1081344K
  class space    used 4440K, committed 4608K, reserved 1048576K
}
Event: 11.707 GC heap before
{Heap before GC invocations=27 (full 0):
 garbage-first heap   total 147456K, used 111955K [0x00000000c2c00000, 0x0000000100000000)
  region size 1024K, 68 young (69632K), 6 survivors (6144K)
 Metaspace       used 34223K, committed 34560K, reserved 1081344K
  class space    used 4440K, committed 4608K, reserved 1048576K
}
Event: 11.721 GC heap after
{Heap after GC invocations=28 (full 0):
 garbage-first heap   total 147456K, used 53167K [0x00000000c2c00000, 0x0000000100000000)
  region size 1024K, 7 young (7168K), 7 survivors (7168K)
 Metaspace       used 34223K, committed 34560K, reserved 1081344K
  class space    used 4440K, committed 4608K, reserved 1048576K
}
Event: 11.935 GC heap before
{Heap before GC invocations=28 (full 0):
 garbage-first heap   total 147456K, used 114607K [0x00000000c2c00000, 0x0000000100000000)
  region size 1024K, 68 young (69632K), 7 survivors (7168K)
 Metaspace       used 34223K, committed 34560K, reserved 1081344K
  class space    used 4440K, committed 4608K, reserved 1048576K
}

Deoptimization events (20 events):
Event: 4.783 Thread 0x00000275bc600f10 DEOPT PACKING pc=0x00000275bf783ff5 sp=0x000000c6366fcd10
Event: 4.783 Thread 0x00000275bc600f10 DEOPT UNPACKING pc=0x00000275bf2d2b24 sp=0x000000c6366fc180 mode 3
Event: 6.521 Thread 0x00000275bc600f10 DEOPT PACKING pc=0x00000275bf819899 sp=0x000000c6366fc540
Event: 6.521 Thread 0x00000275bc600f10 DEOPT UNPACKING pc=0x00000275bf2d2b24 sp=0x000000c6366fba20 mode 3
Event: 7.332 Thread 0x00000275c8e603d0 DEOPT PACKING pc=0x00000275bf87292b sp=0x000000c637afe6a0
Event: 7.332 Thread 0x00000275c8e603d0 DEOPT UNPACKING pc=0x00000275bf2d2b24 sp=0x000000c637afdbe8 mode 3
Event: 8.538 Thread 0x00000275c78d3f10 DEOPT PACKING pc=0x00000275bf93b635 sp=0x000000c6382fdaf0
Event: 8.538 Thread 0x00000275c78d3f10 DEOPT UNPACKING pc=0x00000275bf2d2b24 sp=0x000000c6382fd018 mode 3
Event: 8.595 Thread 0x00000275c704d270 DEOPT PACKING pc=0x00000275bf902784 sp=0x000000c6381fe630
Event: 8.595 Thread 0x00000275c78aa850 DEOPT PACKING pc=0x00000275bf902784 sp=0x000000c637efea60
Event: 8.595 Thread 0x00000275c78aa850 DEOPT UNPACKING pc=0x00000275bf2d2b24 sp=0x000000c637efe1b0 mode 0
Event: 8.595 Thread 0x00000275c704d270 DEOPT UNPACKING pc=0x00000275bf2d2b24 sp=0x000000c6381fdd80 mode 0
Event: 8.603 Thread 0x00000275c70fa010 DEOPT PACKING pc=0x00000275bf902914 sp=0x000000c6380fe710
Event: 8.603 Thread 0x00000275c70fa010 DEOPT UNPACKING pc=0x00000275bf2d2b24 sp=0x000000c6380fdec8 mode 0
Event: 8.608 Thread 0x00000275c704cda0 DEOPT PACKING pc=0x00000275bf9024ec sp=0x000000c637ffecc0
Event: 8.608 Thread 0x00000275c704cda0 DEOPT UNPACKING pc=0x00000275bf2d2b24 sp=0x000000c637ffe480 mode 0
Event: 9.164 Thread 0x00000275c78aa850 DEOPT PACKING pc=0x00000275bf6ab901 sp=0x000000c637efeea0
Event: 9.164 Thread 0x00000275c78aa850 DEOPT UNPACKING pc=0x00000275bf2d2b24 sp=0x000000c637efe330 mode 3
Event: 9.254 Thread 0x00000275c704d270 DEOPT PACKING pc=0x00000275bf6a5097 sp=0x000000c6381fea10
Event: 9.254 Thread 0x00000275c704d270 DEOPT UNPACKING pc=0x00000275bf2d2b24 sp=0x000000c6381fde68 mode 3

Classes unloaded (0 events):
No events

Classes redefined (0 events):
No events

Internal exceptions (20 events):
Event: 11.883 Thread 0x00000275c70fa010 Exception <a 'sun/nio/fs/WindowsException'{0x00000000c8f8b798}> (0x00000000c8f8b798) 
thrown [e:\jenkins\tmp\workspace\build\src\src\hotspot\share\prims\jni.cpp, line 516]
Event: 11.883 Thread 0x00000275c70fa010 Exception <a 'sun/nio/fs/WindowsException'{0x00000000c8f8bbb8}> (0x00000000c8f8bbb8) 
thrown [e:\jenkins\tmp\workspace\build\src\src\hotspot\share\prims\jni.cpp, line 516]
Event: 11.890 Thread 0x00000275c704cda0 Exception <a 'sun/nio/fs/WindowsException'{0x00000000c8b77560}> (0x00000000c8b77560) 
thrown [e:\jenkins\tmp\workspace\build\src\src\hotspot\share\prims\jni.cpp, line 516]
Event: 11.890 Thread 0x00000275c704cda0 Exception <a 'sun/nio/fs/WindowsException'{0x00000000c8b779a0}> (0x00000000c8b779a0) 
thrown [e:\jenkins\tmp\workspace\build\src\src\hotspot\share\prims\jni.cpp, line 516]
Event: 11.898 Thread 0x00000275c704cda0 Exception <a 'sun/nio/fs/WindowsException'{0x00000000c8810ff0}> (0x00000000c8810ff0) 
thrown [e:\jenkins\tmp\workspace\build\src\src\hotspot\share\prims\jni.cpp, line 516]
Event: 11.898 Thread 0x00000275c704cda0 Exception <a 'sun/nio/fs/WindowsException'{0x00000000c8811490}> (0x00000000c8811490) 
thrown [e:\jenkins\tmp\workspace\build\src\src\hotspot\share\prims\jni.cpp, line 516]
Event: 11.902 Thread 0x00000275c78aa850 Exception <a 'sun/nio/fs/WindowsException'{0x00000000c873ee70}> (0x00000000c873ee70) 
thrown [e:\jenkins\tmp\workspace\build\src\src\hotspot\share\prims\jni.cpp, line 516]
Event: 11.902 Thread 0x00000275c78aa850 Exception <a 'sun/nio/fs/WindowsException'{0x00000000c873f290}> (0x00000000c873f290) 
thrown [e:\jenkins\tmp\workspace\build\src\src\hotspot\share\prims\jni.cpp, line 516]
Event: 11.904 Thread 0x00000275c704cda0 Exception <a 'sun/nio/fs/WindowsException'{0x00000000c881ccc8}> (0x00000000c881ccc8) 
thrown [e:\jenkins\tmp\workspace\build\src\src\hotspot\share\prims\jni.cpp, line 516]
Event: 11.904 Thread 0x00000275c704cda0 Exception <a 'sun/nio/fs/WindowsException'{0x00000000c881d148}> (0x00000000c881d148) 
thrown [e:\jenkins\tmp\workspace\build\src\src\hotspot\share\prims\jni.cpp, line 516]
Event: 11.908 Thread 0x00000275c70fa010 Exception <a 'sun/nio/fs/WindowsException'{0x00000000c86c5b80}> (0x00000000c86c5b80) 
thrown [e:\jenkins\tmp\workspace\build\src\src\hotspot\share\prims\jni.cpp, line 516]
Event: 11.908 Thread 0x00000275c70fa010 Exception <a 'sun/nio/fs/WindowsException'{0x00000000c86c6000}> (0x00000000c86c6000) 
thrown [e:\jenkins\tmp\workspace\build\src\src\hotspot\share\prims\jni.cpp, line 516]
Event: 11.917 Thread 0x00000275c70fa010 Exception <a 'sun/nio/fs/WindowsException'{0x00000000c84d65b8}> (0x00000000c84d65b8) 
thrown [e:\jenkins\tmp\workspace\build\src\src\hotspot\share\prims\jni.cpp, line 516]
Event: 11.917 Thread 0x00000275c70fa010 Exception <a 'sun/nio/fs/WindowsException'{0x00000000c84d6a08}> (0x00000000c84d6a08) 
thrown [e:\jenkins\tmp\workspace\build\src\src\hotspot\share\prims\jni.cpp, line 516]
Event: 11.921 Thread 0x00000275c704cda0 Exception <a 'sun/nio/fs/WindowsException'{0x00000000c83ee848}> (0x00000000c83ee848) 
thrown [e:\jenkins\tmp\workspace\build\src\src\hotspot\share\prims\jni.cpp, line 516]
Event: 11.921 Thread 0x00000275c704cda0 Exception <a 'sun/nio/fs/WindowsException'{0x00000000c83eec88}> (0x00000000c83eec88) 
thrown [e:\jenkins\tmp\workspace\build\src\src\hotspot\share\prims\jni.cpp, line 516]
Event: 11.923 Thread 0x00000275c70fa010 Exception <a 'sun/nio/fs/WindowsException'{0x00000000c84e2290}> (0x00000000c84e2290) 
thrown [e:\jenkins\tmp\workspace\build\src\src\hotspot\share\prims\jni.cpp, line 516]
Event: 11.923 Thread 0x00000275c70fa010 Exception <a 'sun/nio/fs/WindowsException'{0x00000000c84e26e0}> (0x00000000c84e26e0) 
thrown [e:\jenkins\tmp\workspace\build\src\src\hotspot\share\prims\jni.cpp, line 516]
Event: 11.934 Thread 0x00000275c78aa850 Exception <a 'sun/nio/fs/WindowsException'{0x00000000c7f68b18}> (0x00000000c7f68b18) 
thrown [e:\jenkins\tmp\workspace\build\src\src\hotspot\share\prims\jni.cpp, line 516]
Event: 11.934 Thread 0x00000275c78aa850 Exception <a 'sun/nio/fs/WindowsException'{0x00000000c7f68f48}> (0x00000000c7f68f48) 
thrown [e:\jenkins\tmp\workspace\build\src\src\hotspot\share\prims\jni.cpp, line 516]

VM Operations (20 events):
Event: 10.622 Executing VM operation: G1CollectForAllocation done
Event: 10.667 Executing VM operation: G1CollectForAllocation
Event: 10.670 Executing VM operation: G1CollectForAllocation done
Event: 10.710 Executing VM operation: G1CollectForAllocation
Event: 10.713 Executing VM operation: G1CollectForAllocation done
Event: 10.717 Executing VM operation: G1Concurrent
Event: 10.722 Executing VM operation: G1Concurrent done
Event: 10.765 Executing VM operation: G1Concurrent
Event: 10.765 Executing VM operation: G1Concurrent done
Event: 10.792 Executing VM operation: G1CollectForAllocation
Event: 10.797 Executing VM operation: G1CollectForAllocation done
Event: 10.801 Executing VM operation: G1CollectForAllocation
Event: 10.807 Executing VM operation: G1CollectForAllocation done
Event: 10.988 Executing VM operation: G1CollectForAllocation
Event: 10.994 Executing VM operation: G1CollectForAllocation done
Event: 11.229 Executing VM operation: G1CollectForAllocation
Event: 11.237 Executing VM operation: G1CollectForAllocation done
Event: 11.707 Executing VM operation: G1CollectForAllocation
Event: 11.721 Executing VM operation: G1CollectForAllocation done
Event: 11.935 Executing VM operation: G1CollectForAllocation

Events (20 events):
Event: 8.950 loading class java/util/WeakHashMap$EntryIterator
Event: 8.950 loading class java/util/WeakHashMap$HashIterator
Event: 8.950 loading class java/util/WeakHashMap$HashIterator done
Event: 8.950 loading class java/util/WeakHashMap$EntryIterator done
Event: 9.164 loading class java/util/concurrent/locks/AbstractQueuedSynchronizer$ExclusiveNode
Event: 9.164 loading class java/util/concurrent/locks/AbstractQueuedSynchronizer$ExclusiveNode done
Event: 9.375 loading class java/util/concurrent/CompletableFuture$UniApply
Event: 9.375 loading class java/util/concurrent/CompletableFuture$UniApply done
Event: 9.377 Thread 0x00000275c78d43e0 Thread added: 0x00000275c78d43e0
Event: 9.377 loading class java/util/concurrent/CompletableFuture$UniExceptionally
Event: 9.377 loading class java/util/concurrent/CompletableFuture$UniExceptionally done
Event: 9.391 loading class java/util/concurrent/CompletableFuture$UniCompose
Event: 9.391 loading class java/util/concurrent/CompletableFuture$UniCompose done
Event: 9.393 Thread 0x00000275c78d6a60 Thread added: 0x00000275c78d6a60
Event: 9.452 loading class java/util/concurrent/CompletableFuture$UniRelay
Event: 9.452 loading class java/util/concurrent/CompletableFuture$UniRelay done
Event: 9.452 Thread 0x00000275c78d6a60 Thread exited: 0x00000275c78d6a60
Event: 10.144 loading class sun/nio/fs/WindowsChannelFactory$2
Event: 10.144 loading class sun/nio/fs/WindowsChannelFactory$2 done
Event: 11.373 Thread 0x00000275c71b3200 Thread exited: 0x00000275c71b3200


Dynamic libraries:
0x00007ff7dc670000 - 0x00007ff7dc67e000 	c:\Users\eliav\.vscode\extensions\redhat.java-1.8.0-win32-x64\jre\17.0.3-win32-x86_64\bin\java.exe
0x00007ffcd5070000 - 0x00007ffcd5267000 	C:\Windows\SYSTEM32\ntdll.dll
0x00007ffc9cf00000 - 0x00007ffc9cf16000 	C:\Program Files\Avast Software\Avast\aswhook.dll
0x00007ffcd3ba0000 - 0x00007ffcd3c5d000 	C:\Windows\System32\KERNEL32.DLL
0x00007ffcd2bf0000 - 0x00007ffcd2ebd000 	C:\Windows\System32\KERNELBASE.dll
0x00007ffcd2af0000 - 0x00007ffcd2bf0000 	C:\Windows\System32\ucrtbase.dll
0x00007ffcbc750000 - 0x00007ffcbc769000 	c:\Users\eliav\.vscode\extensions\redhat.java-1.8.0-win32-x64\jre\17.0.3-win32-x86_64\bin\VCRUNTIME140.dll
0x00007ffcbc770000 - 0x00007ffcbc788000 	c:\Users\eliav\.vscode\extensions\redhat.java-1.8.0-win32-x64\jre\17.0.3-win32-x86_64\bin\jli.dll
0x00007ffcd4d00000 - 0x00007ffcd4ea0000 	C:\Windows\System32\USER32.dll
0x00007ffcd30a0000 - 0x00007ffcd30c2000 	C:\Windows\System32\win32u.dll
0x00007ffcd3fb0000 - 0x00007ffcd3fda000 	C:\Windows\System32\GDI32.dll
0x00007ffcb68e0000 - 0x00007ffcb6b7a000 	C:\Windows\WinSxS\amd64_microsoft.windows.common-controls_6595b64144ccf1df_6.0.19041.1110_none_60b5254171f9507e\COMCTL32.dll
0x00007ffcd28a0000 - 0x00007ffcd29ab000 	C:\Windows\System32\gdi32full.dll
0x00007ffcd4ea0000 - 0x00007ffcd4f3e000 	C:\Windows\System32\msvcrt.dll
0x00007ffcd2790000 - 0x00007ffcd282d000 	C:\Windows\System32\msvcp_win.dll
0x00007ffcd3fe0000 - 0x00007ffcd4010000 	C:\Windows\System32\IMM32.DLL
0x00007ffcc3fe0000 - 0x00007ffcc3fec000 	c:\Users\eliav\.vscode\extensions\redhat.java-1.8.0-win32-x64\jre\17.0.3-win32-x86_64\bin\vcruntime140_1.dll
0x00007ffc92ad0000 - 0x00007ffc92b61000 	c:\Users\eliav\.vscode\extensions\redhat.java-1.8.0-win32-x64\jre\17.0.3-win32-x86_64\bin\msvcp140.dll
0x00007ffc5ea20000 - 0x00007ffc5f668000 	c:\Users\eliav\.vscode\extensions\redhat.java-1.8.0-win32-x64\jre\17.0.3-win32-x86_64\bin\server\jvm.dll
0x00007ffcd4760000 - 0x00007ffcd480e000 	C:\Windows\System32\ADVAPI32.dll
0x00007ffcd4010000 - 0x00007ffcd40ac000 	C:\Windows\System32\sechost.dll
0x00007ffcd3c60000 - 0x00007ffcd3d85000 	C:\Windows\System32\RPCRT4.dll
0x00007ffcd4120000 - 0x00007ffcd4128000 	C:\Windows\System32\PSAPI.DLL
0x00007ffcc0a20000 - 0x00007ffcc0a29000 	C:\Windows\SYSTEM32\WSOCK32.dll
0x00007ffcd4130000 - 0x00007ffcd419b000 	C:\Windows\System32\WS2_32.dll
0x00007ffc9f0c0000 - 0x00007ffc9f0e7000 	C:\Windows\SYSTEM32\WINMM.dll
0x00007ffcc9cc0000 - 0x00007ffcc9cca000 	C:\Windows\SYSTEM32\VERSION.dll
0x00007ffcd1250000 - 0x00007ffcd1262000 	C:\Windows\SYSTEM32\kernel.appcore.dll
0x00007ffcc25e0000 - 0x00007ffcc25ea000 	c:\Users\eliav\.vscode\extensions\redhat.java-1.8.0-win32-x64\jre\17.0.3-win32-x86_64\bin\jimage.dll
0x00007ffcd0d00000 - 0x00007ffcd0ee4000 	C:\Windows\SYSTEM32\DBGHELP.DLL
0x00007ffcc2850000 - 0x00007ffcc287c000 	C:\Windows\SYSTEM32\dbgcore.DLL
0x00007ffcd29b0000 - 0x00007ffcd2a32000 	C:\Windows\System32\bcryptPrimitives.dll
0x00007ffcacfb0000 - 0x00007ffcacfd5000 	c:\Users\eliav\.vscode\extensions\redhat.java-1.8.0-win32-x64\jre\17.0.3-win32-x86_64\bin\java.dll
0x00007ffcb3c40000 - 0x00007ffcb3c58000 	c:\Users\eliav\.vscode\extensions\redhat.java-1.8.0-win32-x64\jre\17.0.3-win32-x86_64\bin\zip.dll
0x00007ffcd3320000 - 0x00007ffcd3a64000 	C:\Windows\System32\SHELL32.dll
0x00007ffcd0490000 - 0x00007ffcd0c24000 	C:\Windows\SYSTEM32\windows.storage.dll
0x00007ffcd48f0000 - 0x00007ffcd4c44000 	C:\Windows\System32\combase.dll
0x00007ffcd2040000 - 0x00007ffcd206c000 	C:\Windows\SYSTEM32\Wldp.dll
0x00007ffcd4c50000 - 0x00007ffcd4cfd000 	C:\Windows\System32\SHCORE.dll
0x00007ffcd40b0000 - 0x00007ffcd4105000 	C:\Windows\System32\shlwapi.dll
0x00007ffcd26d0000 - 0x00007ffcd26ef000 	C:\Windows\SYSTEM32\profapi.dll
0x00007ffcacde0000 - 0x00007ffcacdf9000 	C:\Users\eliav\.vscode\extensions\redhat.java-1.8.0-win32-x64\jre\17.0.3-win32-x86_64\bin\net.dll
0x00007ffcc37e0000 - 0x00007ffcc38ea000 	C:\Windows\SYSTEM32\WINHTTP.dll
0x00007ffcd1e20000 - 0x00007ffcd1e8a000 	C:\Windows\system32\mswsock.dll
0x00007ffcc23a0000 - 0x00007ffcc23b5000 	C:\Users\eliav\.vscode\extensions\redhat.java-1.8.0-win32-x64\jre\17.0.3-win32-x86_64\bin\nio.dll
0x00007ffcc24b0000 - 0x00007ffcc24c0000 	c:\Users\eliav\.vscode\extensions\redhat.java-1.8.0-win32-x64\jre\17.0.3-win32-x86_64\bin\verify.dll
0x00007ffccac40000 - 0x00007ffccac49000 	C:\Users\eliav\.vscode\extensions\redhat.java-1.8.0-win32-x64\jre\17.0.3-win32-x86_64\bin\management.dll
0x00007ffcc23e0000 - 0x00007ffcc23eb000 	C:\Users\eliav\.vscode\extensions\redhat.java-1.8.0-win32-x64\jre\17.0.3-win32-x86_64\bin\management_ext.dll
0x00007ffcbcfd0000 - 0x00007ffcbcfe7000 	C:\Windows\system32\napinsp.dll
0x00007ffcbcfb0000 - 0x00007ffcbcfcb000 	C:\Windows\system32\pnrpnsp.dll
0x00007ffcb1290000 - 0x00007ffcb12a5000 	C:\Windows\system32\wshbth.dll
0x00007ffccd680000 - 0x00007ffccd69d000 	C:\Windows\system32\NLAapi.dll
0x00007ffcd1b30000 - 0x00007ffcd1b6b000 	C:\Windows\SYSTEM32\IPHLPAPI.DLL
0x00007ffcd1b70000 - 0x00007ffcd1c3b000 	C:\Windows\SYSTEM32\DNSAPI.dll
0x00007ffcd3d90000 - 0x00007ffcd3d98000 	C:\Windows\System32\NSI.dll
0x00007ffcb0ea0000 - 0x00007ffcb0eb2000 	C:\Windows\System32\winrnr.dll
0x00007ffcc2a90000 - 0x00007ffcc2a9a000 	C:\Windows\System32\rasadhlp.dll
0x00007ffcc33a0000 - 0x00007ffcc3420000 	C:\Windows\System32\fwpuclnt.dll
0x00007ffcd3070000 - 0x00007ffcd3097000 	C:\Windows\System32\bcrypt.dll
0x00007ffcd2080000 - 0x00007ffcd2098000 	C:\Windows\SYSTEM32\CRYPTSP.dll
0x00007ffcd17c0000 - 0x00007ffcd17f4000 	C:\Windows\system32\rsaenh.dll
0x00007ffcd2690000 - 0x00007ffcd26be000 	C:\Windows\SYSTEM32\USERENV.dll
0x00007ffcd1fb0000 - 0x00007ffcd1fbc000 	C:\Windows\SYSTEM32\CRYPTBASE.dll
0x00007ffcc3b90000 - 0x00007ffcc3ba7000 	C:\Windows\SYSTEM32\dhcpcsvc6.DLL
0x00007ffcc3b70000 - 0x00007ffcc3b8d000 	C:\Windows\SYSTEM32\dhcpcsvc.DLL

dbghelp: loaded successfully - version: 4.0.5 - missing functions: none
symbol engine: initialized successfully - sym options: 0x614 - pdb path: .;c:\Users\eliav\.vscode\extensions\redhat.java-1.8.0-win32-x64\jre\17.0.3-win32-x86_64\bin;C:\Windows\SYSTEM32;C:\Program Files\Avast Software\Avast;C:\Windows\WinSxS\amd64_microsoft.windows.common-controls_6595b64144ccf1df_6.0.19041.1110_none_60b5254171f9507e;c:\Users\eliav\.vscode\extensions\redhat.java-1.8.0-win32-x64\jre\17.0.3-win32-x86_64\bin\server

VM Arguments:
jvm_args: --add-modules=ALL-SYSTEM --add-exports=jdk.compiler/com.sun.tools.javac.file=ALL-UNNAMED --add-exports=jdk.compiler/com.sun.tools.javac.util=ALL-UNNAMED --add-exports=jdk.compiler/com.sun.tools.javac.comp=ALL-UNNAMED --add-exports=jdk.compiler/com.sun.tools.javac.main=ALL-UNNAMED --add-exports=jdk.compiler/com.sun.tools.javac.tree=ALL-UNNAMED --add-exports=jdk.compiler/com.sun.tools.javac.code=ALL-UNNAMED -Dsts.lsp.client=vscode -Dsts.log.file=/dev/null -XX:TieredStopAtLevel=1 -Dspring.config.location=file:c:\Users\eliav\.vscode\extensions\pivotal.vscode-spring-boot-1.36.0\language-server\BOOT-INF\classes\application.properties 
java_command: org.springframework.ide.vscode.boot.app.BootLanguageServerBootApp
java_class_path (initial): c:\Users\eliav\.vscode\extensions\pivotal.vscode-spring-boot-1.36.0\language-server\BOOT-INF\classes;c:\Users\eliav\.vscode\extensions\pivotal.vscode-spring-boot-1.36.0\language-server\BOOT-INF\lib\annotations-23.0.0.jar;c:\Users\eliav\.vscode\extensions\pivotal.vscode-spring-boot-1.36.0\language-server\BOOT-INF\lib\antlr-runtime-3.5.2.jar;c:\Users\eliav\.vscode\extensions\pivotal.vscode-spring-boot-1.36.0\language-server\BOOT-INF\lib\antlr4-4.9.3.jar;c:\Users\eliav\.vscode\extensions\pivotal.vscode-spring-boot-1.36.0\language-server\BOOT-INF\lib\antlr4-runtime-4.9.3.jar;c:\Users\eliav\.vscode\extensions\pivotal.vscode-spring-boot-1.36.0\language-server\BOOT-INF\lib\asm-9.3.jar;c:\Users\eliav\.vscode\extensions\pivotal.vscode-spring-boot-1.36.0\language-server\BOOT-INF\lib\asm-analysis-9.3.jar;c:\Users\eliav\.vscode\extensions\pivotal.vscode-spring-boot-1.36.0\language-server\BOOT-INF\lib\asm-tree-9.3.jar;c:\Users\eliav\.vscode\extensions\pivotal.vscode-spring-boot-1.36.0\language-server\BOOT-INF\lib\asm-util-9.3.jar;c:\Users\eliav\.vscode\extensions\pivotal.vscode-spring-boot-1.36.0\language-server\BOOT-INF\lib\byte-buddy-1.10.18.jar;c:\Users\eliav\.vscode\extensions\pivotal.vscode-spring-boot-1.36.0\language-server\BOOT-INF\lib\caffeine-2.8.6.jar;c:\Users\eliav\.vscode\extensions\pivotal.vscode-spring-boot-1.36.0\language-server\BOOT-INF\lib\checker-qual-3.12.0.jar;c:\Users\eliav\.vscode\extensions\pivotal.vscode-spring-boot-1.36.0\language-server\BOOT-INF\lib\classgraph-4.8.146.jar;c:\Users\eliav\.vscode\extensions\pivotal.vscode-spring-boot-1.36.0\language-server\BOOT-INF\lib\commons-codec-1.14.jar;c:\Users\eliav\.vscode\extensions\pivotal.vscode-spring-boot-1.36.0\language-server\BOOT-INF\lib\commons-compress-1.21.jar;c:\Users\eliav\.vscode\extensions\pivotal.vscode-spring-boot-1.36.0\language-server\BOOT-INF\lib\commons-exec-1.3.jar;c:\Users\eliav\.vscode\extensions\pivotal.vscode-spring-boot-1.36.0\language-server\BOOT-INF\lib\com
Launcher Type: SUN_STANDARD

[Global flags]
     intx CICompilerCount                          = 2                                         {product} {ergonomic}
     uint ConcGCThreads                            = 1                                         {product} {ergonomic}
     uint G1ConcRefinementThreads                  = 2                                         {product} {ergonomic}
   size_t G1HeapRegionSize                         = 1048576                                   {product} {ergonomic}
    uintx GCDrainStackTargetSize                   = 64                                        {product} {ergonomic}
   size_t InitialHeapSize                          = 65011712                                  {product} {ergonomic}
   size_t MarkStackSize                            = 4194304                                   {product} {ergonomic}
   size_t MaxHeapSize                              = 1027604480                                {product} {ergonomic}
   size_t MaxNewSize                               = 616562688                                 {product} {ergonomic}
   size_t MinHeapDeltaBytes                        = 1048576                                   {product} {ergonomic}
   size_t MinHeapSize                              = 8388608                                   {product} {ergonomic}
    uintx NonProfiledCodeHeapSize                  = 0                                      {pd product} {ergonomic}
     bool ProfileInterpreter                       = false                                  {pd product} {command line}
    uintx ProfiledCodeHeapSize                     = 0                                      {pd product} {ergonomic}
   size_t SoftMaxHeapSize                          = 1027604480                             {manageable} {ergonomic}
     intx TieredStopAtLevel                        = 1                                         {product} {command line}
     bool UseCompressedClassPointers               = true                           {product lp64_product} {ergonomic}
     bool UseCompressedOops                        = true                           {product lp64_product} {ergonomic}
     bool UseG1GC                                  = true                                      {product} {ergonomic}
     bool UseLargePagesIndividualAllocation        = false                                  {pd product} {ergonomic}

Logging:
Log output configuration:
 #0: stdout all=warning uptime,level,tags
 #1: stderr all=off uptime,level,tags

Environment Variables:
JAVA_HOME=C:\Program Files\Java\jdk-17.0.3.1
PATH=C:\Python310\Scripts\;C:\Python310\;C:\Program Files\Common Files\Oracle\Java\javapath;C:\Program Files (x86)\Common Files\Intel\Shared Libraries\redist\intel64\compiler;C:\Windows\system32;C:\Windows;C:\Windows\System32\Wbem;C:\Windows\System32\WindowsPowerShell\v1.0\;C:\Windows\System32\OpenSSH\;C:\Program Files\dotnet\;C:\sqlite-tools-win32-x86-3370200;C:\Windows\Microsoft.NET\Framework64\v4.0.30319;C:\Program Files\MongoDB\Server\5.0\bin;C:\Program Files\MySQL\MySQL Server 8.0\bin;C:\Program Files (x86)\dotnet\;C:\ProgramData\chocolatey\bin;C:\Users\eliav\AppData\Roaming\npm;C:\Program Files\Git\cmd;C:\Program Files\Microsoft VS Code\bin;C:\Program Files\MongoDB\Server\5.0\bin;C:\MinGW\bin;C:\MinGW\mingw64\bin;C:\MinGW\4.8.5\mingw64\bin;C:\Users\eliav\AppData\Local\Yarn\bin;C:\Program Files\Go\bin;C:\Program Files\Amazon\AWSCLIV2\;C:\Program Files\Java\jdk-17.0.3.1;C:\Program Files\nodejs;C:\Program Files\Docker\Docker\resources\bin;C:\ProgramData\DockerDesktop\version-bin;C:\Program Files\MySQL\MySQL Shell 8.0\bin\;C:\Users\eliav\AppData\Local\Microsoft\WindowsApps;C:\Users\eliav\AppData\Local\Programs\Microsoft VS Code\bin;C:\Users\eliav\.dotnet\tools;C:\Program Files\MongoDB\Server\5.0\bin;C:\Windows\Microsoft.NET\Framework64\v4.0.30319;C:\Program Files\MySQL\MySQL Server 8.0\bin;C:\Program Files\Azure Data Studio\bin;'C:\Windows\system32'cmd.exe;C:\Program Files\heroku\bin;C:\Program Files\Go\bin;C:\Users\eliav\AppData\Roaming\nvm;C:\Program Files\nodejs;%IntelliJ IDEA Community Edition%;C:\Users\eliav\go\bin;C:\Program Files\Amazon\AWSCLIV2\;C:\Users\eliav\AppData\Roaming\npm
USERNAME=eliav
OS=Windows_NT
PROCESSOR_IDENTIFIER=Intel64 Family 6 Model 122 Stepping 8, GenuineIntel



---------------  S Y S T E M  ---------------

OS:
 Windows 10 , 64 bit Build 19041 (10.0.19041.1741)
OS uptime: 2 days 8:25 hours
Hyper-V role detected

CPU: total 2 (initial active 2) (2 cores per cpu, 1 threads per core) family 6 model 122 stepping 8 microcode 0x16, cx8, cmov, fxsr, mmx, 3dnowpref, sse, sse2, sse3, ssse3, sse4.1, sse4.2, popcnt, tsc, tscinvbit, aes, erms, clmul, sha, clflush, clflushopt, hv

Memory: 4k page, system-wide physical 3916M (360M free)
TotalPageFile size 15692M (AvailPageFile size 60M)
current process WorkingSet (physical memory assigned to process): 232M, peak: 232M
current process commit charge ("private bytes"): 259M, peak: 403M

vm_info: OpenJDK 64-Bit Server VM (17.0.3+7) for windows-amd64 JRE (17.0.3+7), built on Apr 19 2022 16:55:35 by "" with MS VC++ 16.7 (VS2019)

END.
