#
# There is insufficient memory for the Java Runtime Environment to continue.
# Native memory allocation (mmap) failed to map 153092096 bytes for G1 virtual space
# Possible reasons:
#   The system is out of physical RAM or swap space
#   The process is running with CompressedOops enabled, and the Java Heap may be blocking the growth of the native heap
# Possible solutions:
#   Reduce memory load on the system
#   Increase physical memory or swap space
#   Check if swap backing store is full
#   Decrease Java heap size (-Xmx/-Xms)
#   Decrease number of Java threads
#   Decrease Java thread stack sizes (-Xss)
#   Set larger code cache with -XX:ReservedCodeCacheSize=
#   JVM is running with Unscaled Compressed Oops mode in which the Java heap is
#     placed in the first 4GB address space. The Java Heap base address is the
#     maximum limit for the native heap growth. Please use -XX:HeapBaseMinAddress
#     to set the Java Heap base and to place the Java Heap above 4GB virtual address.
# This output file may be truncated or incomplete.
#
#  Out of Memory Error (os_windows.cpp:3535), pid=10028, tid=13768
#
# JRE version: OpenJDK Runtime Environment Temurin-17.0.3+7 (17.0.3+7) (build 17.0.3+7)
# Java VM: OpenJDK 64-Bit Server VM Temurin-17.0.3+7 (17.0.3+7, mixed mode, emulated-client, tiered, compressed oops, compressed class ptrs, g1 gc, windows-amd64)
# No core dump will be written. Minidumps are not enabled by default on client versions of Windows
#

---------------  S U M M A R Y ------------

Command Line: --add-modules=ALL-SYSTEM --add-exports=jdk.compiler/com.sun.tools.javac.file=ALL-UNNAMED --add-exports=jdk.compiler/com.sun.tools.javac.util=ALL-UNNAMED --add-exports=jdk.compiler/com.sun.tools.javac.comp=ALL-UNNAMED --add-exports=jdk.compiler/com.sun.tools.javac.main=ALL-UNNAMED --add-exports=jdk.compiler/com.sun.tools.javac.tree=ALL-UNNAMED --add-exports=jdk.compiler/com.sun.tools.javac.code=ALL-UNNAMED -Dsts.lsp.client=vscode -Dsts.log.file=/dev/null -XX:TieredStopAtLevel=1 -Dspring.config.location=file:c:\Users\eliav\.vscode\extensions\pivotal.vscode-spring-boot-1.36.0\language-server\BOOT-INF\classes\application.properties org.springframework.ide.vscode.boot.app.BootLanguageServerBootApp

Host: Intel(R) Celeron(R) N4020 CPU @ 1.10GHz, 2 cores, 3G,  Windows 10 , 64 bit Build 19041 (10.0.19041.1741)
Time: Fri Jul  1 18:01:20 2022 Hora Padrão de Buenos Aires elapsed time: 11.354988 seconds (0d 0h 0m 11s)

---------------  T H R E A D  ---------------

Current thread (0x00000167808f9ca0):  VMThread "VM Thread" [stack: 0x0000003fc1600000,0x0000003fc1700000] [id=13768]

Stack: [0x0000003fc1600000,0x0000003fc1700000]
Native frames: (J=compiled Java code, j=interpreted, Vv=VM code, C=native code)
V  [jvm.dll+0x675efa]
V  [jvm.dll+0x830a24]
V  [jvm.dll+0x8321ce]
V  [jvm.dll+0x832833]
V  [jvm.dll+0x2454b5]
V  [jvm.dll+0x672de9]
V  [jvm.dll+0x667732]
V  [jvm.dll+0x3043ab]
V  [jvm.dll+0x30b8f6]
V  [jvm.dll+0x35b62e]
V  [jvm.dll+0x35b85f]
V  [jvm.dll+0x2db248]
V  [jvm.dll+0x2d94fc]
V  [jvm.dll+0x2d8acc]
V  [jvm.dll+0x31ca2b]
V  [jvm.dll+0x836cdb]
V  [jvm.dll+0x837a14]
V  [jvm.dll+0x837f2c]
V  [jvm.dll+0x838304]
V  [jvm.dll+0x8383d0]
V  [jvm.dll+0x7e0cfa]
V  [jvm.dll+0x674d85]
C  [ucrtbase.dll+0x21bb2]
C  [KERNEL32.DLL+0x17034]
C  [ntdll.dll+0x52651]

VM_Operation (0x0000003fc2afe3f0): G1CollectForAllocation, mode: safepoint, requested by thread 0x000001678bc30040


---------------  P R O C E S S  ---------------

Threads class SMR info:
_java_thread_list=0x000001678cf06c50, length=23, elements={
0x00000167808fb550, 0x00000167808fc7c0, 0x000001678a7f4130, 0x000001678a7f5d60,
0x000001678a7f8630, 0x000001678a7f8ef0, 0x000001678a7f9860, 0x000001678a7fa160,
0x000001678a76c580, 0x000001678b5f9cd0, 0x000001678082f9e0, 0x000001678b5611d0,
0x000001678ce03c10, 0x000001678ce04cf0, 0x00000167fe7fe310, 0x000001678ba7de20,
0x000001678ba7e2f0, 0x000001678cda2020, 0x000001678bc30040, 0x000001678bcff970,
0x000001678bd00cb0, 0x000001678bcffe40, 0x000001678bd024c0
}

Java Threads: ( => current thread )
  0x00000167808fb550 JavaThread "Reference Handler" daemon [_thread_blocked, id=3772, stack(0x0000003fc1700000,0x0000003fc1800000)]
  0x00000167808fc7c0 JavaThread "Finalizer" daemon [_thread_blocked, id=4216, stack(0x0000003fc1800000,0x0000003fc1900000)]
  0x000001678a7f4130 JavaThread "Signal Dispatcher" daemon [_thread_blocked, id=14172, stack(0x0000003fc1900000,0x0000003fc1a00000)]
  0x000001678a7f5d60 JavaThread "Attach Listener" daemon [_thread_blocked, id=9668, stack(0x0000003fc1a00000,0x0000003fc1b00000)]
  0x000001678a7f8630 JavaThread "Service Thread" daemon [_thread_blocked, id=6644, stack(0x0000003fc1b00000,0x0000003fc1c00000)]
  0x000001678a7f8ef0 JavaThread "Monitor Deflation Thread" daemon [_thread_blocked, id=12512, stack(0x0000003fc1c00000,0x0000003fc1d00000)]
  0x000001678a7f9860 JavaThread "C1 CompilerThread0" daemon [_thread_blocked, id=13120, stack(0x0000003fc1d00000,0x0000003fc1e00000)]
  0x000001678a7fa160 JavaThread "Sweeper thread" daemon [_thread_blocked, id=2680, stack(0x0000003fc1e00000,0x0000003fc1f00000)]
  0x000001678a76c580 JavaThread "Common-Cleaner" daemon [_thread_blocked, id=7908, stack(0x0000003fc1f00000,0x0000003fc2000000)]
  0x000001678b5f9cd0 JavaThread "Notification Thread" daemon [_thread_blocked, id=10436, stack(0x0000003fc2000000,0x0000003fc2100000)]
  0x000001678082f9e0 JavaThread "C1 CompilerThread1" daemon [_thread_blocked, id=6692, stack(0x0000003fc2200000,0x0000003fc2300000)]
  0x000001678b5611d0 JavaThread "Thread-1" [_thread_blocked, id=6696, stack(0x0000003fc2400000,0x0000003fc2500000)]
  0x000001678ce03c10 JavaThread "pool-7-thread-1" [_thread_blocked, id=11300, stack(0x0000003fc2500000,0x0000003fc2600000)]
  0x000001678ce04cf0 JavaThread "LanguageServerApp-lifecycle" [_thread_blocked, id=11960, stack(0x0000003fc2600000,0x0000003fc2700000)]
  0x00000167fe7fe310 JavaThread "DestroyJavaVM" [_thread_blocked, id=11504, stack(0x0000003fc1000000,0x0000003fc1100000)]
  0x000001678ba7de20 JavaThread "ClassGraph-worker-0" daemon [_thread_blocked, id=11748, stack(0x0000003fc2700000,0x0000003fc2800000)]
  0x000001678ba7e2f0 JavaThread "ClassGraph-worker-1" daemon [_thread_blocked, id=3568, stack(0x0000003fc2800000,0x0000003fc2900000)]
  0x000001678cda2020 JavaThread "ClassGraph-worker-2" daemon [_thread_blocked, id=13912, stack(0x0000003fc2900000,0x0000003fc2a00000)]
  0x000001678bc30040 JavaThread "ClassGraph-worker-3" daemon [_thread_blocked, id=13612, stack(0x0000003fc2a00000,0x0000003fc2b00000)]
  0x000001678bcff970 JavaThread "pool-8-thread-1" [_thread_in_native, id=13884, stack(0x0000003fc2b00000,0x0000003fc2c00000)]
  0x000001678bd00cb0 JavaThread "Simple-Language-Server main thread" daemon [_thread_blocked, id=12412, stack(0x0000003fc2c00000,0x0000003fc2d00000)]
  0x000001678bcffe40 JavaThread "pool-2-thread-1" [_thread_blocked, id=292, stack(0x0000003fc2d00000,0x0000003fc2e00000)]
  0x000001678bd024c0 JavaThread "parallel-1" daemon [_thread_blocked, id=11996, stack(0x0000003fc2e00000,0x0000003fc2f00000)]

Other Threads:
=>0x00000167808f9ca0 VMThread "VM Thread" [stack: 0x0000003fc1600000,0x0000003fc1700000] [id=13768]
  0x000001678b5fa1a0 WatcherThread [stack: 0x0000003fc2100000,0x0000003fc2200000] [id=10664]
  0x000001678086add0 GCTaskThread "GC Thread#0" [stack: 0x0000003fc1100000,0x0000003fc1200000] [id=11544]
  0x000001678b7f7990 GCTaskThread "GC Thread#1" [stack: 0x0000003fc2300000,0x0000003fc2400000] [id=11536]
  0x0000016780873790 ConcurrentGCThread "G1 Main Marker" [stack: 0x0000003fc1200000,0x0000003fc1300000] [id=3064]
  0x00000167808741a0 ConcurrentGCThread "G1 Conc#0" [stack: 0x0000003fc1300000,0x0000003fc1400000] [id=396]
  0x00000167808a7570 ConcurrentGCThread "G1 Refine#0" [stack: 0x0000003fc1400000,0x0000003fc1500000] [id=8688]
  0x00000167808a7f90 ConcurrentGCThread "G1 Service" [stack: 0x0000003fc1500000,0x0000003fc1600000] [id=10144]

Threads with active compile tasks:

VM state: at safepoint (normal execution)

VM Mutex/Monitor currently owned by a thread:  ([mutex/lock_event])
[0x00000167fe72b1c0] Threads_lock - owner thread: 0x00000167808f9ca0
[0x000001678082f310] Heap_lock - owner thread: 0x000001678bc30040

Heap address: 0x00000000c2c00000, size: 980 MB, Compressed Oops mode: 32-bit

CDS archive(s) not mapped
Compressed class space mapped at: 0x0000000100000000-0x0000000140000000, reserved size: 1073741824
Narrow klass base: 0x0000000000000000, Narrow klass shift: 3, Narrow klass range: 0x140000000

GC Precious Log:
 CPUs: 2 total, 2 available
 Memory: 3916M
 Large Page Support: Disabled
 NUMA Support: Disabled
 Compressed Oops: Enabled (32-bit)
 Heap Region Size: 1M
 Heap Min Capacity: 8M
 Heap Initial Capacity: 62M
 Heap Max Capacity: 980M
 Pre-touch: Disabled
 Parallel Workers: 2
 Concurrent Workers: 1
 Concurrent Refinement Workers: 2
 Periodic GC: Disabled

Heap:
 garbage-first heap   total 92160K, used 43648K [0x00000000c2c00000, 0x0000000100000000)
  region size 1024K, 2 young (2048K), 2 survivors (2048K)
 Metaspace       used 34221K, committed 34560K, reserved 1081344K
  class space    used 4438K, committed 4608K, reserved 1048576K

Heap Regions: E=young(eden), S=young(survivor), O=old, HS=humongous(starts), HC=humongous(continues), CS=collection set, F=free, OA=open archive, CA=closed archive, TAMS=top-at-mark-start (previous, next)
|   0|0x00000000c2c00000, 0x00000000c2d00000, 0x00000000c2d00000|100%| O|  |TAMS 0x00000000c2d00000, 0x00000000c2d00000| Untracked 
|   1|0x00000000c2d00000, 0x00000000c2e00000, 0x00000000c2e00000|100%| O|  |TAMS 0x00000000c2e00000, 0x00000000c2e00000| Untracked 
|   2|0x00000000c2e00000, 0x00000000c2f00000, 0x00000000c2f00000|100%| O|  |TAMS 0x00000000c2f00000, 0x00000000c2f00000| Untracked 
|   3|0x00000000c2f00000, 0x00000000c3000000, 0x00000000c3000000|100%| O|  |TAMS 0x00000000c3000000, 0x00000000c3000000| Untracked 
|   4|0x00000000c3000000, 0x00000000c3100000, 0x00000000c3100000|100%| O|  |TAMS 0x00000000c3100000, 0x00000000c3100000| Untracked 
|   5|0x00000000c3100000, 0x00000000c3200000, 0x00000000c3200000|100%| O|  |TAMS 0x00000000c3200000, 0x00000000c3200000| Untracked 
|   6|0x00000000c3200000, 0x00000000c3300000, 0x00000000c3300000|100%| O|  |TAMS 0x00000000c3300000, 0x00000000c3300000| Untracked 
|   7|0x00000000c3300000, 0x00000000c3400000, 0x00000000c3400000|100%| O|  |TAMS 0x00000000c3400000, 0x00000000c3400000| Untracked 
|   8|0x00000000c3400000, 0x00000000c3500000, 0x00000000c3500000|100%| O|  |TAMS 0x00000000c3500000, 0x00000000c3500000| Untracked 
|   9|0x00000000c3500000, 0x00000000c3600000, 0x00000000c3600000|100%| O|  |TAMS 0x00000000c3600000, 0x00000000c3600000| Untracked 
|  10|0x00000000c3600000, 0x00000000c36cbe00, 0x00000000c3700000| 79%| O|  |TAMS 0x00000000c36cbe00, 0x00000000c36cbe00| Untracked 
|  11|0x00000000c3700000, 0x00000000c3800000, 0x00000000c3800000|100%| O|  |TAMS 0x00000000c3800000, 0x00000000c3800000| Untracked 
|  12|0x00000000c3800000, 0x00000000c3900000, 0x00000000c3900000|100%| O|  |TAMS 0x00000000c3900000, 0x00000000c3900000| Untracked 
|  13|0x00000000c3900000, 0x00000000c3a00000, 0x00000000c3a00000|100%| O|  |TAMS 0x00000000c3a00000, 0x00000000c3a00000| Untracked 
|  14|0x00000000c3a00000, 0x00000000c3b00000, 0x00000000c3b00000|100%| O|  |TAMS 0x00000000c3b00000, 0x00000000c3b00000| Untracked 
|  15|0x00000000c3b00000, 0x00000000c3c00000, 0x00000000c3c00000|100%| O|  |TAMS 0x00000000c3c00000, 0x00000000c3c00000| Untracked 
|  16|0x00000000c3c00000, 0x00000000c3d00000, 0x00000000c3d00000|100%| O|  |TAMS 0x00000000c3d00000, 0x00000000c3d00000| Untracked 
|  17|0x00000000c3d00000, 0x00000000c3e00000, 0x00000000c3e00000|100%| O|  |TAMS 0x00000000c3e00000, 0x00000000c3e00000| Untracked 
|  18|0x00000000c3e00000, 0x00000000c3f00000, 0x00000000c3f00000|100%| O|  |TAMS 0x00000000c3f00000, 0x00000000c3f00000| Untracked 
|  19|0x00000000c3f00000, 0x00000000c4000000, 0x00000000c4000000|100%| O|  |TAMS 0x00000000c4000000, 0x00000000c4000000| Untracked 
|  20|0x00000000c4000000, 0x00000000c4100000, 0x00000000c4100000|100%| O|  |TAMS 0x00000000c4100000, 0x00000000c4100000| Untracked 
|  21|0x00000000c4100000, 0x00000000c4200000, 0x00000000c4200000|100%| O|  |TAMS 0x00000000c4200000, 0x00000000c4200000| Untracked 
|  22|0x00000000c4200000, 0x00000000c4300000, 0x00000000c4300000|100%| O|  |TAMS 0x00000000c4300000, 0x00000000c4300000| Untracked 
|  23|0x00000000c4300000, 0x00000000c4400000, 0x00000000c4400000|100%| O|  |TAMS 0x00000000c4400000, 0x00000000c4400000| Untracked 
|  24|0x00000000c4400000, 0x00000000c4500000, 0x00000000c4500000|100%| O|  |TAMS 0x00000000c4500000, 0x00000000c4500000| Untracked 
|  25|0x00000000c4500000, 0x00000000c4600000, 0x00000000c4600000|100%| O|  |TAMS 0x00000000c4600000, 0x00000000c4600000| Untracked 
|  26|0x00000000c4600000, 0x00000000c4700000, 0x00000000c4700000|100%| O|  |TAMS 0x00000000c4700000, 0x00000000c4700000| Untracked 
|  27|0x00000000c4700000, 0x00000000c4800000, 0x00000000c4800000|100%| O|  |TAMS 0x00000000c4800000, 0x00000000c4800000| Untracked 
|  28|0x00000000c4800000, 0x00000000c4900000, 0x00000000c4900000|100%| O|  |TAMS 0x00000000c4900000, 0x00000000c4900000| Untracked 
|  29|0x00000000c4900000, 0x00000000c4a00000, 0x00000000c4a00000|100%| O|  |TAMS 0x00000000c4900000, 0x00000000c4a00000| Untracked 
|  30|0x00000000c4a00000, 0x00000000c4b00000, 0x00000000c4b00000|100%| O|  |TAMS 0x00000000c4b00000, 0x00000000c4b00000| Untracked 
|  31|0x00000000c4b00000, 0x00000000c4c00000, 0x00000000c4c00000|100%| O|  |TAMS 0x00000000c4c00000, 0x00000000c4c00000| Untracked 
|  32|0x00000000c4c00000, 0x00000000c4d00000, 0x00000000c4d00000|100%| O|  |TAMS 0x00000000c4d00000, 0x00000000c4d00000| Untracked 
|  33|0x00000000c4d00000, 0x00000000c4d00000, 0x00000000c4e00000|  0%| F|  |TAMS 0x00000000c4d00000, 0x00000000c4d00000| Untracked 
|  34|0x00000000c4e00000, 0x00000000c4f00000, 0x00000000c4f00000|100%| O|  |TAMS 0x00000000c4f00000, 0x00000000c4f00000| Untracked 
|  35|0x00000000c4f00000, 0x00000000c5000000, 0x00000000c5000000|100%| O|  |TAMS 0x00000000c5000000, 0x00000000c5000000| Untracked 
|  36|0x00000000c5000000, 0x00000000c5100000, 0x00000000c5100000|100%| O|  |TAMS 0x00000000c5100000, 0x00000000c5100000| Untracked 
|  37|0x00000000c5100000, 0x00000000c5200000, 0x00000000c5200000|100%| O|  |TAMS 0x00000000c5200000, 0x00000000c5200000| Untracked 
|  38|0x00000000c5200000, 0x00000000c5300000, 0x00000000c5300000|100%| O|  |TAMS 0x00000000c5300000, 0x00000000c5300000| Untracked 
|  39|0x00000000c5300000, 0x00000000c5400000, 0x00000000c5400000|100%| O|  |TAMS 0x00000000c5400000, 0x00000000c5400000| Untracked 
|  40|0x00000000c5400000, 0x00000000c5500000, 0x00000000c5500000|100%| O|  |TAMS 0x00000000c5500000, 0x00000000c5500000| Untracked 
|  41|0x00000000c5500000, 0x00000000c5600000, 0x00000000c5600000|100%| O|  |TAMS 0x00000000c559ba00, 0x00000000c5600000| Untracked 
|  42|0x00000000c5600000, 0x00000000c5680c00, 0x00000000c5700000| 50%| O|  |TAMS 0x00000000c5600000, 0x00000000c5680c00| Untracked 
|  43|0x00000000c5700000, 0x00000000c5700000, 0x00000000c5800000|  0%| F|  |TAMS 0x00000000c5700000, 0x00000000c5700000| Untracked 
|  44|0x00000000c5800000, 0x00000000c5800000, 0x00000000c5900000|  0%| F|  |TAMS 0x00000000c5800000, 0x00000000c5800000| Untracked 
|  45|0x00000000c5900000, 0x00000000c5900000, 0x00000000c5a00000|  0%| F|  |TAMS 0x00000000c5900000, 0x00000000c5900000| Untracked 
|  46|0x00000000c5a00000, 0x00000000c5a00000, 0x00000000c5b00000|  0%| F|  |TAMS 0x00000000c5a00000, 0x00000000c5a00000| Untracked 
|  47|0x00000000c5b00000, 0x00000000c5b00000, 0x00000000c5c00000|  0%| F|  |TAMS 0x00000000c5b00000, 0x00000000c5b00000| Untracked 
|  48|0x00000000c5c00000, 0x00000000c5c00000, 0x00000000c5d00000|  0%| F|  |TAMS 0x00000000c5c00000, 0x00000000c5c00000| Untracked 
|  49|0x00000000c5d00000, 0x00000000c5d00000, 0x00000000c5e00000|  0%| F|  |TAMS 0x00000000c5d00000, 0x00000000c5d00000| Untracked 
|  50|0x00000000c5e00000, 0x00000000c5e00000, 0x00000000c5f00000|  0%| F|  |TAMS 0x00000000c5e00000, 0x00000000c5e00000| Untracked 
|  51|0x00000000c5f00000, 0x00000000c5f00000, 0x00000000c6000000|  0%| F|  |TAMS 0x00000000c5f00000, 0x00000000c5f00000| Untracked 
|  52|0x00000000c6000000, 0x00000000c6000000, 0x00000000c6100000|  0%| F|  |TAMS 0x00000000c6000000, 0x00000000c6000000| Untracked 
|  53|0x00000000c6100000, 0x00000000c6100000, 0x00000000c6200000|  0%| F|  |TAMS 0x00000000c6100000, 0x00000000c6100000| Untracked 
|  54|0x00000000c6200000, 0x00000000c6200000, 0x00000000c6300000|  0%| F|  |TAMS 0x00000000c6200000, 0x00000000c6200000| Untracked 
|  55|0x00000000c6300000, 0x00000000c6300000, 0x00000000c6400000|  0%| F|  |TAMS 0x00000000c6300000, 0x00000000c6300000| Untracked 
|  56|0x00000000c6400000, 0x00000000c6400000, 0x00000000c6500000|  0%| F|  |TAMS 0x00000000c6400000, 0x00000000c6400000| Untracked 
|  57|0x00000000c6500000, 0x00000000c6500000, 0x00000000c6600000|  0%| F|  |TAMS 0x00000000c6500000, 0x00000000c6500000| Untracked 
|  58|0x00000000c6600000, 0x00000000c6600000, 0x00000000c6700000|  0%| F|  |TAMS 0x00000000c6600000, 0x00000000c6600000| Untracked 
|  59|0x00000000c6700000, 0x00000000c6700000, 0x00000000c6800000|  0%| F|  |TAMS 0x00000000c6700000, 0x00000000c6700000| Untracked 
|  60|0x00000000c6800000, 0x00000000c6800000, 0x00000000c6900000|  0%| F|  |TAMS 0x00000000c6800000, 0x00000000c6800000| Untracked 
|  61|0x00000000c6900000, 0x00000000c6900000, 0x00000000c6a00000|  0%| F|  |TAMS 0x00000000c6900000, 0x00000000c6900000| Untracked 
|  62|0x00000000c6a00000, 0x00000000c6a536b0, 0x00000000c6b00000| 32%| S|CS|TAMS 0x00000000c6a00000, 0x00000000c6a00000| Complete 
|  63|0x00000000c6b00000, 0x00000000c6c00000, 0x00000000c6c00000|100%| S|CS|TAMS 0x00000000c6b00000, 0x00000000c6b00000| Complete 
|  64|0x00000000c6c00000, 0x00000000c6c00000, 0x00000000c6d00000|  0%| F|  |TAMS 0x00000000c6c00000, 0x00000000c6c00000| Untracked 
|  65|0x00000000c6d00000, 0x00000000c6d00000, 0x00000000c6e00000|  0%| F|  |TAMS 0x00000000c6d00000, 0x00000000c6d00000| Untracked 
|  66|0x00000000c6e00000, 0x00000000c6e00000, 0x00000000c6f00000|  0%| F|  |TAMS 0x00000000c6e00000, 0x00000000c6e00000| Untracked 
|  67|0x00000000c6f00000, 0x00000000c6f00000, 0x00000000c7000000|  0%| F|  |TAMS 0x00000000c6f00000, 0x00000000c6f00000| Untracked 
|  68|0x00000000c7000000, 0x00000000c7000000, 0x00000000c7100000|  0%| F|  |TAMS 0x00000000c7000000, 0x00000000c7000000| Untracked 
|  69|0x00000000c7100000, 0x00000000c7100000, 0x00000000c7200000|  0%| F|  |TAMS 0x00000000c7100000, 0x00000000c7100000| Untracked 
|  70|0x00000000c7200000, 0x00000000c7200000, 0x00000000c7300000|  0%| F|  |TAMS 0x00000000c7200000, 0x00000000c7200000| Untracked 
|  71|0x00000000c7300000, 0x00000000c7300000, 0x00000000c7400000|  0%| F|  |TAMS 0x00000000c7300000, 0x00000000c7300000| Untracked 
|  72|0x00000000c7400000, 0x00000000c7400000, 0x00000000c7500000|  0%| F|  |TAMS 0x00000000c7400000, 0x00000000c7400000| Untracked 
|  73|0x00000000c7500000, 0x00000000c7500000, 0x00000000c7600000|  0%| F|  |TAMS 0x00000000c7500000, 0x00000000c7500000| Untracked 
|  74|0x00000000c7600000, 0x00000000c7600000, 0x00000000c7700000|  0%| F|  |TAMS 0x00000000c7600000, 0x00000000c7600000| Untracked 
|  75|0x00000000c7700000, 0x00000000c7700000, 0x00000000c7800000|  0%| F|  |TAMS 0x00000000c7700000, 0x00000000c7700000| Untracked 
|  76|0x00000000c7800000, 0x00000000c7800000, 0x00000000c7900000|  0%| F|  |TAMS 0x00000000c7800000, 0x00000000c7800000| Untracked 
|  77|0x00000000c7900000, 0x00000000c7900000, 0x00000000c7a00000|  0%| F|  |TAMS 0x00000000c7900000, 0x00000000c7900000| Untracked 
|  78|0x00000000c7a00000, 0x00000000c7a00000, 0x00000000c7b00000|  0%| F|  |TAMS 0x00000000c7a00000, 0x00000000c7a00000| Untracked 
|  79|0x00000000c7b00000, 0x00000000c7b00000, 0x00000000c7c00000|  0%| F|  |TAMS 0x00000000c7b00000, 0x00000000c7b00000| Untracked 
|  80|0x00000000c7c00000, 0x00000000c7c00000, 0x00000000c7d00000|  0%| F|  |TAMS 0x00000000c7c00000, 0x00000000c7c00000| Untracked 
|  81|0x00000000c7d00000, 0x00000000c7d00000, 0x00000000c7e00000|  0%| F|  |TAMS 0x00000000c7d00000, 0x00000000c7d00000| Untracked 
|  82|0x00000000c7e00000, 0x00000000c7e00000, 0x00000000c7f00000|  0%| F|  |TAMS 0x00000000c7e00000, 0x00000000c7e00000| Untracked 
|  83|0x00000000c7f00000, 0x00000000c7f00000, 0x00000000c8000000|  0%| F|  |TAMS 0x00000000c7f00000, 0x00000000c7f00000| Untracked 
|  84|0x00000000c8000000, 0x00000000c8000000, 0x00000000c8100000|  0%| F|  |TAMS 0x00000000c8000000, 0x00000000c8000000| Untracked 
|  85|0x00000000c8100000, 0x00000000c8100000, 0x00000000c8200000|  0%| F|  |TAMS 0x00000000c8100000, 0x00000000c8100000| Untracked 
|  86|0x00000000c8200000, 0x00000000c8200000, 0x00000000c8300000|  0%| F|  |TAMS 0x00000000c8200000, 0x00000000c8200000| Untracked 
|  87|0x00000000c8300000, 0x00000000c8300000, 0x00000000c8400000|  0%| F|  |TAMS 0x00000000c8300000, 0x00000000c8300000| Untracked 
|  88|0x00000000c8400000, 0x00000000c8400000, 0x00000000c8500000|  0%| F|  |TAMS 0x00000000c8400000, 0x00000000c8400000| Untracked 
|  89|0x00000000c8500000, 0x00000000c8500000, 0x00000000c8600000|  0%| F|  |TAMS 0x00000000c8500000, 0x00000000c8500000| Untracked 

Card table byte_map: [0x0000016780490000,0x0000016780680000] _byte_map_base: 0x000001677fe7a000

Marking Bits (Prev, Next): (CMBitMap*) 0x000001678086b3e0, (CMBitMap*) 0x000001678086b420
 Prev Bits: [0x00000167866a0000, 0x00000167875f0000)
 Next Bits: [0x00000167875f0000, 0x0000016788540000)

Polling page: 0x0000016780000000

Metaspace:

Usage:
  Non-class:     29.08 MB used.
      Class:      4.33 MB used.
       Both:     33.42 MB used.

Virtual space:
  Non-class space:       32.00 MB reserved,      29.25 MB ( 91%) committed,  4 nodes.
      Class space:        1.00 GB reserved,       4.50 MB ( <1%) committed,  1 nodes.
             Both:        1.03 GB reserved,      33.75 MB (  3%) committed. 

Chunk freelists:
   Non-Class:  2.05 MB
       Class:  3.53 MB
        Both:  5.58 MB

MaxMetaspaceSize: unlimited
CompressedClassSpaceSize: 1.00 GB
Initial GC threshold: 21.00 MB
Current GC threshold: 56.25 MB
CDS: off
MetaspaceReclaimPolicy: balanced
 - commit_granule_bytes: 65536.
 - commit_granule_words: 8192.
 - virtual_space_node_default_size: 1048576.
 - enlarge_chunks_in_place: 1.
 - new_chunks_are_fully_committed: 0.
 - uncommit_free_chunks: 1.
 - use_allocation_guard: 0.
 - handle_deallocations: 1.


Internal statistics:

num_allocs_failed_limit: 3.
num_arena_births: 298.
num_arena_deaths: 0.
num_vsnodes_births: 5.
num_vsnodes_deaths: 0.
num_space_committed: 540.
num_space_uncommitted: 0.
num_chunks_returned_to_freelist: 3.
num_chunks_taken_from_freelist: 1259.
num_chunk_merges: 3.
num_chunk_splits: 865.
num_chunks_enlarged: 678.
num_purges: 0.
num_inconsistent_stats: 0.

CodeCache: size=49152Kb used=7755Kb max_used=7755Kb free=41396Kb
 bounds [0x00000167834b0000, 0x0000016783c50000, 0x00000167864b0000]
 total_blobs=4078 nmethods=3561 adapters=444
 compilation: enabled
              stopped_count=0, restarted_count=0
 full_count=0

Compilation events (20 events):
Event: 11.084 Thread 0x000001678082f9e0 3552       1       nonapi.io.github.classgraph.fileslice.Slice$1::<init> (44 bytes)
Event: 11.085 Thread 0x000001678082f9e0 nmethod 3552 0x0000016783c3eb90 code [0x0000016783c3ed40, 0x0000016783c3f0e8]
Event: 11.085 Thread 0x000001678a7f9860 3553       1       nonapi.io.github.classgraph.fastzipfilereader.NestedJarHandler$8::<init> (63 bytes)
Event: 11.085 Thread 0x000001678a7f9860 nmethod 3553 0x0000016783c3f210 code [0x0000016783c3f3e0, 0x0000016783c3f828]
Event: 11.085 Thread 0x000001678082f9e0 3554       1       nonapi.io.github.classgraph.recycler.Recycler::acquire (53 bytes)
Event: 11.086 Thread 0x000001678082f9e0 nmethod 3554 0x0000016783c3f990 code [0x0000016783c3fb40, 0x0000016783c3fdc8]
Event: 11.086 Thread 0x000001678a7f9860 3555   !   1       nonapi.io.github.classgraph.fileslice.Slice$1::close (28 bytes)
Event: 11.087 Thread 0x000001678a7f9860 nmethod 3555 0x0000016783c3ff10 code [0x0000016783c400e0, 0x0000016783c403b8]
Event: 11.087 Thread 0x000001678082f9e0 3556       1       nonapi.io.github.classgraph.recycler.Recycler::recycle (67 bytes)
Event: 11.087 Thread 0x000001678082f9e0 nmethod 3556 0x0000016783c40590 code [0x0000016783c40780, 0x0000016783c40ae8]
Event: 11.087 Thread 0x000001678a7f9860 3557       1       nonapi.io.github.classgraph.fastzipfilereader.NestedJarHandler$RecyclableInflater::reset (8 bytes)
Event: 11.088 Thread 0x000001678a7f9860 nmethod 3557 0x0000016783c40c90 code [0x0000016783c40e20, 0x0000016783c40f08]
Event: 11.088 Thread 0x000001678082f9e0 3558       1       io.github.classgraph.ClasspathElementZip$1::openClassfile (13 bytes)
Event: 11.089 Thread 0x000001678082f9e0 nmethod 3558 0x0000016783c41010 code [0x0000016783c411c0, 0x0000016783c414c8]
Event: 11.089 Thread 0x000001678a7f9860 3559   !   1       io.github.classgraph.ClasspathElementZip$1::open (79 bytes)
Event: 11.090 Thread 0x000001678a7f9860 nmethod 3559 0x0000016783c41590 code [0x0000016783c417e0, 0x0000016783c42098]
Event: 11.102 Thread 0x000001678082f9e0 3560       1       nonapi.io.github.classgraph.fileslice.reader.ClassfileReader::<init> (29 bytes)
Event: 11.102 Thread 0x000001678082f9e0 nmethod 3560 0x0000016783c42610 code [0x0000016783c427a0, 0x0000016783c42a18]
Event: 11.220 Thread 0x000001678082f9e0 3561       1       java.lang.Throwable::<init> (34 bytes)
Event: 11.221 Thread 0x000001678082f9e0 nmethod 3561 0x0000016783c42a90 code [0x0000016783c42c40, 0x0000016783c42ec8]

GC Heap History (20 events):
Event: 8.064 GC heap after
{Heap after GC invocations=12 (full 0):
 garbage-first heap   total 54272K, used 23640K [0x00000000c2c00000, 0x0000000100000000)
  region size 1024K, 3 young (3072K), 3 survivors (3072K)
 Metaspace       used 32726K, committed 33024K, reserved 1081344K
  class space    used 4164K, committed 4288K, reserved 1048576K
}
Event: 8.543 GC heap before
{Heap before GC invocations=12 (full 0):
 garbage-first heap   total 54272K, used 39000K [0x00000000c2c00000, 0x0000000100000000)
  region size 1024K, 18 young (18432K), 3 survivors (3072K)
 Metaspace       used 33718K, committed 33984K, reserved 1081344K
  class space    used 4361K, committed 4480K, reserved 1048576K
}
Event: 8.554 GC heap after
{Heap after GC invocations=13 (full 0):
 garbage-first heap   total 54272K, used 26844K [0x00000000c2c00000, 0x0000000100000000)
  region size 1024K, 3 young (3072K), 3 survivors (3072K)
 Metaspace       used 33718K, committed 33984K, reserved 1081344K
  class space    used 4361K, committed 4480K, reserved 1048576K
}
Event: 9.070 GC heap before
{Heap before GC invocations=13 (full 0):
 garbage-first heap   total 54272K, used 40156K [0x00000000c2c00000, 0x0000000100000000)
  region size 1024K, 16 young (16384K), 3 survivors (3072K)
 Metaspace       used 33942K, committed 34240K, reserved 1081344K
  class space    used 4406K, committed 4544K, reserved 1048576K
}
Event: 9.089 GC heap after
{Heap after GC invocations=14 (full 0):
 garbage-first heap   total 54272K, used 32139K [0x00000000c2c00000, 0x0000000100000000)
  region size 1024K, 2 young (2048K), 2 survivors (2048K)
 Metaspace       used 33942K, committed 34240K, reserved 1081344K
  class space    used 4406K, committed 4544K, reserved 1048576K
}
Event: 9.770 GC heap before
{Heap before GC invocations=15 (full 0):
 garbage-first heap   total 56320K, used 40331K [0x00000000c2c00000, 0x0000000100000000)
  region size 1024K, 10 young (10240K), 2 survivors (2048K)
 Metaspace       used 33942K, committed 34240K, reserved 1081344K
  class space    used 4406K, committed 4544K, reserved 1048576K
}
Event: 9.780 GC heap after
{Heap after GC invocations=16 (full 0):
 garbage-first heap   total 56320K, used 34211K [0x00000000c2c00000, 0x0000000100000000)
  region size 1024K, 2 young (2048K), 2 survivors (2048K)
 Metaspace       used 33942K, committed 34240K, reserved 1081344K
  class space    used 4406K, committed 4544K, reserved 1048576K
}
Event: 9.875 GC heap before
{Heap before GC invocations=16 (full 0):
 garbage-first heap   total 56320K, used 41379K [0x00000000c2c00000, 0x0000000100000000)
  region size 1024K, 10 young (10240K), 2 survivors (2048K)
 Metaspace       used 33943K, committed 34240K, reserved 1081344K
  class space    used 4407K, committed 4544K, reserved 1048576K
}
Event: 9.886 GC heap after
{Heap after GC invocations=17 (full 0):
 garbage-first heap   total 69632K, used 36465K [0x00000000c2c00000, 0x0000000100000000)
  region size 1024K, 2 young (2048K), 2 survivors (2048K)
 Metaspace       used 33943K, committed 34240K, reserved 1081344K
  class space    used 4407K, committed 4544K, reserved 1048576K
}
Event: 10.609 GC heap before
{Heap before GC invocations=18 (full 0):
 garbage-first heap   total 70656K, used 50801K [0x00000000c2c00000, 0x0000000100000000)
  region size 1024K, 17 young (17408K), 2 survivors (2048K)
 Metaspace       used 33997K, committed 34368K, reserved 1081344K
  class space    used 4416K, committed 4608K, reserved 1048576K
}
Event: 10.626 GC heap after
{Heap after GC invocations=19 (full 0):
 garbage-first heap   total 70656K, used 41486K [0x00000000c2c00000, 0x0000000100000000)
  region size 1024K, 3 young (3072K), 3 survivors (3072K)
 Metaspace       used 33997K, committed 34368K, reserved 1081344K
  class space    used 4416K, committed 4608K, reserved 1048576K
}
Event: 10.640 GC heap before
{Heap before GC invocations=19 (full 0):
 garbage-first heap   total 70656K, used 42510K [0x00000000c2c00000, 0x0000000100000000)
  region size 1024K, 4 young (4096K), 3 survivors (3072K)
 Metaspace       used 33997K, committed 34368K, reserved 1081344K
  class space    used 4416K, committed 4608K, reserved 1048576K
}
Event: 10.652 GC heap after
{Heap after GC invocations=20 (full 0):
 garbage-first heap   total 70656K, used 41887K [0x00000000c2c00000, 0x0000000100000000)
  region size 1024K, 1 young (1024K), 1 survivors (1024K)
 Metaspace       used 33997K, committed 34368K, reserved 1081344K
  class space    used 4416K, committed 4608K, reserved 1048576K
}
Event: 11.024 GC heap before
{Heap before GC invocations=20 (full 0):
 garbage-first heap   total 70656K, used 52127K [0x00000000c2c00000, 0x0000000100000000)
  region size 1024K, 13 young (13312K), 1 survivors (1024K)
 Metaspace       used 34221K, committed 34560K, reserved 1081344K
  class space    used 4438K, committed 4608K, reserved 1048576K
}
Event: 11.027 GC heap after
{Heap after GC invocations=21 (full 0):
 garbage-first heap   total 70656K, used 42210K [0x00000000c2c00000, 0x0000000100000000)
  region size 1024K, 1 young (1024K), 1 survivors (1024K)
 Metaspace       used 34221K, committed 34560K, reserved 1081344K
  class space    used 4438K, committed 4608K, reserved 1048576K
}
Event: 11.203 GC heap before
{Heap before GC invocations=22 (full 0):
 garbage-first heap   total 92160K, used 53474K [0x00000000c2c00000, 0x0000000100000000)
  region size 1024K, 13 young (13312K), 1 survivors (1024K)
 Metaspace       used 34221K, committed 34560K, reserved 1081344K
  class space    used 4438K, committed 4608K, reserved 1048576K
}
Event: 11.206 GC heap after
{Heap after GC invocations=23 (full 0):
 garbage-first heap   total 92160K, used 42763K [0x00000000c2c00000, 0x0000000100000000)
  region size 1024K, 2 young (2048K), 2 survivors (2048K)
 Metaspace       used 34221K, committed 34560K, reserved 1081344K
  class space    used 4438K, committed 4608K, reserved 1048576K
}
Event: 11.214 GC heap before
{Heap before GC invocations=23 (full 0):
 garbage-first heap   total 92160K, used 43787K [0x00000000c2c00000, 0x0000000100000000)
  region size 1024K, 4 young (4096K), 2 survivors (2048K)
 Metaspace       used 34221K, committed 34560K, reserved 1081344K
  class space    used 4438K, committed 4608K, reserved 1048576K
}
Event: 11.219 GC heap after
{Heap after GC invocations=24 (full 0):
 garbage-first heap   total 92160K, used 42515K [0x00000000c2c00000, 0x0000000100000000)
  region size 1024K, 1 young (1024K), 1 survivors (1024K)
 Metaspace       used 34221K, committed 34560K, reserved 1081344K
  class space    used 4438K, committed 4608K, reserved 1048576K
}
Event: 11.349 GC heap before
{Heap before GC invocations=24 (full 0):
 garbage-first heap   total 92160K, used 67091K [0x00000000c2c00000, 0x0000000100000000)
  region size 1024K, 26 young (26624K), 1 survivors (1024K)
 Metaspace       used 34221K, committed 34560K, reserved 1081344K
  class space    used 4438K, committed 4608K, reserved 1048576K
}

Deoptimization events (16 events):
Event: 3.225 Thread 0x00000167fe7fe310 DEOPT PACKING pc=0x00000167837be775 sp=0x0000003fc10fdb30
Event: 3.225 Thread 0x00000167fe7fe310 DEOPT UNPACKING pc=0x0000016783502b24 sp=0x0000003fc10fcfa0 mode 3
Event: 5.259 Thread 0x00000167fe7fe310 DEOPT PACKING pc=0x00000167838d7999 sp=0x0000003fc10fd3a0
Event: 5.259 Thread 0x00000167fe7fe310 DEOPT UNPACKING pc=0x0000016783502b24 sp=0x0000003fc10fc880 mode 3
Event: 6.007 Thread 0x00000167fe7fe310 DEOPT PACKING pc=0x00000167839b1575 sp=0x0000003fc10fd070
Event: 6.007 Thread 0x00000167fe7fe310 DEOPT UNPACKING pc=0x0000016783502b24 sp=0x0000003fc10fc4e0 mode 3
Event: 7.095 Thread 0x00000167fe7fe310 DEOPT PACKING pc=0x0000016783a49f19 sp=0x0000003fc10fc8a0
Event: 7.095 Thread 0x00000167fe7fe310 DEOPT UNPACKING pc=0x0000016783502b24 sp=0x0000003fc10fbd80 mode 3
Event: 7.273 Thread 0x000001678b5611d0 DEOPT PACKING pc=0x0000016783a9002b sp=0x0000003fc24feac0
Event: 7.273 Thread 0x000001678b5611d0 DEOPT UNPACKING pc=0x0000016783502b24 sp=0x0000003fc24fe008 mode 3
Event: 8.146 Thread 0x000001678bd00cb0 DEOPT PACKING pc=0x0000016783b9a835 sp=0x0000003fc2cfd290
Event: 8.146 Thread 0x000001678bd00cb0 DEOPT UNPACKING pc=0x0000016783502b24 sp=0x0000003fc2cfc7b8 mode 3
Event: 8.558 Thread 0x000001678cda2020 DEOPT PACKING pc=0x00000167838db381 sp=0x0000003fc29ff1a0
Event: 8.558 Thread 0x000001678cda2020 DEOPT UNPACKING pc=0x0000016783502b24 sp=0x0000003fc29fe630 mode 3
Event: 9.666 Thread 0x000001678cda2020 DEOPT PACKING pc=0x00000167838d2617 sp=0x0000003fc29ff2d0
Event: 9.666 Thread 0x000001678cda2020 DEOPT UNPACKING pc=0x0000016783502b24 sp=0x0000003fc29fe728 mode 3

Classes unloaded (0 events):
No events

Classes redefined (0 events):
No events

Internal exceptions (20 events):
Event: 10.900 Thread 0x000001678ba7de20 Exception <a 'sun/nio/fs/WindowsException'{0x00000000c659aae0}> (0x00000000c659aae0) 
thrown [e:\jenkins\tmp\workspace\build\src\src\hotspot\share\prims\jni.cpp, line 516]
Event: 10.900 Thread 0x000001678ba7de20 Exception <a 'sun/nio/fs/WindowsException'{0x00000000c659ef50}> (0x00000000c659ef50) 
thrown [e:\jenkins\tmp\workspace\build\src\src\hotspot\share\prims\jni.cpp, line 516]
Event: 11.105 Thread 0x000001678ba7de20 Exception <a 'sun/nio/fs/WindowsException'{0x00000000c6b9a6e0}> (0x00000000c6b9a6e0) 
thrown [e:\jenkins\tmp\workspace\build\src\src\hotspot\share\prims\jni.cpp, line 516]
Event: 11.105 Thread 0x000001678ba7de20 Exception <a 'sun/nio/fs/WindowsException'{0x00000000c6b9aaf8}> (0x00000000c6b9aaf8) 
thrown [e:\jenkins\tmp\workspace\build\src\src\hotspot\share\prims\jni.cpp, line 516]
Event: 11.107 Thread 0x000001678ba7de20 Exception <a 'sun/nio/fs/WindowsException'{0x00000000c6bafd98}> (0x00000000c6bafd98) 
thrown [e:\jenkins\tmp\workspace\build\src\src\hotspot\share\prims\jni.cpp, line 516]
Event: 11.107 Thread 0x000001678ba7de20 Exception <a 'sun/nio/fs/WindowsException'{0x00000000c6bb8250}> (0x00000000c6bb8250) 
thrown [e:\jenkins\tmp\workspace\build\src\src\hotspot\share\prims\jni.cpp, line 516]
Event: 11.220 Thread 0x000001678ba7e2f0 Exception <a 'sun/nio/fs/WindowsException'{0x00000000c8539428}> (0x00000000c8539428) 
thrown [e:\jenkins\tmp\workspace\build\src\src\hotspot\share\prims\jni.cpp, line 516]
Event: 11.220 Thread 0x000001678ba7e2f0 Exception <a 'sun/nio/fs/WindowsException'{0x00000000c85398a8}> (0x00000000c85398a8) 
thrown [e:\jenkins\tmp\workspace\build\src\src\hotspot\share\prims\jni.cpp, line 516]
Event: 11.221 Thread 0x000001678ba7e2f0 Exception <a 'sun/nio/fs/WindowsException'{0x00000000c853af68}> (0x00000000c853af68) 
thrown [e:\jenkins\tmp\workspace\build\src\src\hotspot\share\prims\jni.cpp, line 516]
Event: 11.221 Thread 0x000001678ba7e2f0 Exception <a 'sun/nio/fs/WindowsException'{0x00000000c853b3d0}> (0x00000000c853b3d0) 
thrown [e:\jenkins\tmp\workspace\build\src\src\hotspot\share\prims\jni.cpp, line 516]
Event: 11.236 Thread 0x000001678ba7e2f0 Exception <a 'sun/nio/fs/WindowsException'{0x00000000c7f44418}> (0x00000000c7f44418) 
thrown [e:\jenkins\tmp\workspace\build\src\src\hotspot\share\prims\jni.cpp, line 516]
Event: 11.236 Thread 0x000001678ba7e2f0 Exception <a 'sun/nio/fs/WindowsException'{0x00000000c7f44838}> (0x00000000c7f44838) 
thrown [e:\jenkins\tmp\workspace\build\src\src\hotspot\share\prims\jni.cpp, line 516]
Event: 11.238 Thread 0x000001678ba7e2f0 Exception <a 'sun/nio/fs/WindowsException'{0x00000000c7f6e908}> (0x00000000c7f6e908) 
thrown [e:\jenkins\tmp\workspace\build\src\src\hotspot\share\prims\jni.cpp, line 516]
Event: 11.238 Thread 0x000001678ba7e2f0 Exception <a 'sun/nio/fs/WindowsException'{0x00000000c7f7cdd0}> (0x00000000c7f7cdd0) 
thrown [e:\jenkins\tmp\workspace\build\src\src\hotspot\share\prims\jni.cpp, line 516]
Event: 11.257 Thread 0x000001678bc30040 Exception <a 'sun/nio/fs/WindowsException'{0x00000000c7b9a820}> (0x00000000c7b9a820) 
thrown [e:\jenkins\tmp\workspace\build\src\src\hotspot\share\prims\jni.cpp, line 516]
Event: 11.257 Thread 0x000001678bc30040 Exception <a 'sun/nio/fs/WindowsException'{0x00000000c7bdff10}> (0x00000000c7bdff10) 
thrown [e:\jenkins\tmp\workspace\build\src\src\hotspot\share\prims\jni.cpp, line 516]
Event: 11.272 Thread 0x000001678ba7de20 Exception <a 'sun/nio/fs/WindowsException'{0x00000000c7673048}> (0x00000000c7673048) 
thrown [e:\jenkins\tmp\workspace\build\src\src\hotspot\share\prims\jni.cpp, line 516]
Event: 11.272 Thread 0x000001678ba7de20 Exception <a 'sun/nio/fs/WindowsException'{0x00000000c7673490}> (0x00000000c7673490) 
thrown [e:\jenkins\tmp\workspace\build\src\src\hotspot\share\prims\jni.cpp, line 516]
Event: 11.345 Thread 0x000001678cda2020 Exception <a 'sun/nio/fs/WindowsException'{0x00000000c6d5f5c0}> (0x00000000c6d5f5c0) 
thrown [e:\jenkins\tmp\workspace\build\src\src\hotspot\share\prims\jni.cpp, line 516]
Event: 11.345 Thread 0x000001678cda2020 Exception <a 'sun/nio/fs/WindowsException'{0x00000000c6d5f9e0}> (0x00000000c6d5f9e0) 
thrown [e:\jenkins\tmp\workspace\build\src\src\hotspot\share\prims\jni.cpp, line 516]

VM Operations (20 events):
Event: 10.845 Executing VM operation: ICBufferFull done
Event: 10.847 Executing VM operation: HandshakeAllThreads
Event: 10.847 Executing VM operation: HandshakeAllThreads done
Event: 10.852 Executing VM operation: HandshakeAllThreads
Event: 10.852 Executing VM operation: HandshakeAllThreads done
Event: 10.852 Executing VM operation: HandshakeAllThreads
Event: 10.852 Executing VM operation: HandshakeAllThreads done
Event: 10.901 Executing VM operation: G1CollectForAllocation
Event: 10.901 Executing VM operation: G1CollectForAllocation done
Event: 11.023 Executing VM operation: G1CollectForAllocation
Event: 11.027 Executing VM operation: G1CollectForAllocation done
Event: 11.127 Executing VM operation: G1Concurrent
Event: 11.133 Executing VM operation: G1Concurrent done
Event: 11.172 Executing VM operation: G1Concurrent
Event: 11.172 Executing VM operation: G1Concurrent done
Event: 11.203 Executing VM operation: G1CollectForAllocation
Event: 11.211 Executing VM operation: G1CollectForAllocation done
Event: 11.214 Executing VM operation: G1CollectForAllocation
Event: 11.219 Executing VM operation: G1CollectForAllocation done
Event: 11.349 Executing VM operation: G1CollectForAllocation

Events (20 events):
Event: 8.447 loading class java/util/concurrent/ForkJoinWorkerThread
Event: 8.447 loading class java/util/concurrent/ForkJoinWorkerThread done
Event: 8.558 loading class java/util/concurrent/locks/AbstractQueuedSynchronizer$ExclusiveNode
Event: 8.558 loading class java/util/concurrent/locks/AbstractQueuedSynchronizer$ExclusiveNode done
Event: 8.568 loading class java/util/concurrent/CompletableFuture$UniRelay
Event: 8.569 loading class java/util/concurrent/CompletableFuture$UniRelay done
Event: 8.569 Thread 0x000001678bd00310 Thread exited: 0x000001678bd00310
Event: 8.667 Thread 0x000001678bd024c0 Thread added: 0x000001678bd024c0
Event: 8.700 loading class java/util/concurrent/CompletionException
Event: 8.700 loading class java/util/concurrent/CompletionException done
Event: 8.715 loading class sun/nio/cs/StringUTF16
Event: 8.715 loading class sun/nio/cs/StringUTF16 done
Event: 8.741 loading class java/util/WeakHashMap$EntrySet
Event: 8.742 loading class java/util/WeakHashMap$EntrySet done
Event: 8.742 loading class java/util/WeakHashMap$EntryIterator
Event: 8.742 loading class java/util/WeakHashMap$HashIterator
Event: 8.742 loading class java/util/WeakHashMap$HashIterator done
Event: 8.742 loading class java/util/WeakHashMap$EntryIterator done
Event: 10.009 loading class sun/nio/fs/WindowsChannelFactory$2
Event: 10.010 loading class sun/nio/fs/WindowsChannelFactory$2 done


Dynamic libraries:
0x00007ff7dc670000 - 0x00007ff7dc67e000 	c:\Users\eliav\.vscode\extensions\redhat.java-1.8.0-win32-x64\jre\17.0.3-win32-x86_64\bin\java.exe
0x00007ffcd5070000 - 0x00007ffcd5267000 	C:\Windows\SYSTEM32\ntdll.dll
0x00007ffc9cf00000 - 0x00007ffc9cf16000 	C:\Program Files\Avast Software\Avast\aswhook.dll
0x00007ffcd3ba0000 - 0x00007ffcd3c5d000 	C:\Windows\System32\KERNEL32.DLL
0x00007ffcd2bf0000 - 0x00007ffcd2ebd000 	C:\Windows\System32\KERNELBASE.dll
0x00007ffcd2af0000 - 0x00007ffcd2bf0000 	C:\Windows\System32\ucrtbase.dll
0x00007ffcbc770000 - 0x00007ffcbc788000 	c:\Users\eliav\.vscode\extensions\redhat.java-1.8.0-win32-x64\jre\17.0.3-win32-x86_64\bin\jli.dll
0x00007ffcd4d00000 - 0x00007ffcd4ea0000 	C:\Windows\System32\USER32.dll
0x00007ffcd30a0000 - 0x00007ffcd30c2000 	C:\Windows\System32\win32u.dll
0x00007ffcd3fb0000 - 0x00007ffcd3fda000 	C:\Windows\System32\GDI32.dll
0x00007ffcd28a0000 - 0x00007ffcd29ab000 	C:\Windows\System32\gdi32full.dll
0x00007ffcd2790000 - 0x00007ffcd282d000 	C:\Windows\System32\msvcp_win.dll
0x00007ffcbc750000 - 0x00007ffcbc769000 	c:\Users\eliav\.vscode\extensions\redhat.java-1.8.0-win32-x64\jre\17.0.3-win32-x86_64\bin\VCRUNTIME140.dll
0x00007ffcb68e0000 - 0x00007ffcb6b7a000 	C:\Windows\WinSxS\amd64_microsoft.windows.common-controls_6595b64144ccf1df_6.0.19041.1110_none_60b5254171f9507e\COMCTL32.dll
0x00007ffcd4ea0000 - 0x00007ffcd4f3e000 	C:\Windows\System32\msvcrt.dll
0x00007ffcd3fe0000 - 0x00007ffcd4010000 	C:\Windows\System32\IMM32.DLL
0x00007ffcc3fe0000 - 0x00007ffcc3fec000 	c:\Users\eliav\.vscode\extensions\redhat.java-1.8.0-win32-x64\jre\17.0.3-win32-x86_64\bin\vcruntime140_1.dll
0x00007ffc92ad0000 - 0x00007ffc92b61000 	c:\Users\eliav\.vscode\extensions\redhat.java-1.8.0-win32-x64\jre\17.0.3-win32-x86_64\bin\msvcp140.dll
0x00007ffc5ea20000 - 0x00007ffc5f668000 	c:\Users\eliav\.vscode\extensions\redhat.java-1.8.0-win32-x64\jre\17.0.3-win32-x86_64\bin\server\jvm.dll
0x00007ffcd4760000 - 0x00007ffcd480e000 	C:\Windows\System32\ADVAPI32.dll
0x00007ffcd4010000 - 0x00007ffcd40ac000 	C:\Windows\System32\sechost.dll
0x00007ffcd3c60000 - 0x00007ffcd3d85000 	C:\Windows\System32\RPCRT4.dll
0x00007ffcd4120000 - 0x00007ffcd4128000 	C:\Windows\System32\PSAPI.DLL
0x00007ffcc0a20000 - 0x00007ffcc0a29000 	C:\Windows\SYSTEM32\WSOCK32.dll
0x00007ffcd4130000 - 0x00007ffcd419b000 	C:\Windows\System32\WS2_32.dll
0x00007ffc9f0c0000 - 0x00007ffc9f0e7000 	C:\Windows\SYSTEM32\WINMM.dll
0x00007ffcc9cc0000 - 0x00007ffcc9cca000 	C:\Windows\SYSTEM32\VERSION.dll
0x00007ffcd1250000 - 0x00007ffcd1262000 	C:\Windows\SYSTEM32\kernel.appcore.dll
0x00007ffcc25e0000 - 0x00007ffcc25ea000 	c:\Users\eliav\.vscode\extensions\redhat.java-1.8.0-win32-x64\jre\17.0.3-win32-x86_64\bin\jimage.dll
0x00007ffcd0d00000 - 0x00007ffcd0ee4000 	C:\Windows\SYSTEM32\DBGHELP.DLL
0x00007ffcc2850000 - 0x00007ffcc287c000 	C:\Windows\SYSTEM32\dbgcore.DLL
0x00007ffcd29b0000 - 0x00007ffcd2a32000 	C:\Windows\System32\bcryptPrimitives.dll
0x00007ffcacfb0000 - 0x00007ffcacfd5000 	c:\Users\eliav\.vscode\extensions\redhat.java-1.8.0-win32-x64\jre\17.0.3-win32-x86_64\bin\java.dll
0x00007ffcb3c40000 - 0x00007ffcb3c58000 	c:\Users\eliav\.vscode\extensions\redhat.java-1.8.0-win32-x64\jre\17.0.3-win32-x86_64\bin\zip.dll
0x00007ffcd3320000 - 0x00007ffcd3a64000 	C:\Windows\System32\SHELL32.dll
0x00007ffcd0490000 - 0x00007ffcd0c24000 	C:\Windows\SYSTEM32\windows.storage.dll
0x00007ffcd48f0000 - 0x00007ffcd4c44000 	C:\Windows\System32\combase.dll
0x00007ffcd2040000 - 0x00007ffcd206c000 	C:\Windows\SYSTEM32\Wldp.dll
0x00007ffcd4c50000 - 0x00007ffcd4cfd000 	C:\Windows\System32\SHCORE.dll
0x00007ffcd40b0000 - 0x00007ffcd4105000 	C:\Windows\System32\shlwapi.dll
0x00007ffcd26d0000 - 0x00007ffcd26ef000 	C:\Windows\SYSTEM32\profapi.dll
0x00007ffcacde0000 - 0x00007ffcacdf9000 	C:\Users\eliav\.vscode\extensions\redhat.java-1.8.0-win32-x64\jre\17.0.3-win32-x86_64\bin\net.dll
0x00007ffcc37e0000 - 0x00007ffcc38ea000 	C:\Windows\SYSTEM32\WINHTTP.dll
0x00007ffcd1e20000 - 0x00007ffcd1e8a000 	C:\Windows\system32\mswsock.dll
0x00007ffcc23a0000 - 0x00007ffcc23b5000 	C:\Users\eliav\.vscode\extensions\redhat.java-1.8.0-win32-x64\jre\17.0.3-win32-x86_64\bin\nio.dll
0x00007ffcc24b0000 - 0x00007ffcc24c0000 	c:\Users\eliav\.vscode\extensions\redhat.java-1.8.0-win32-x64\jre\17.0.3-win32-x86_64\bin\verify.dll
0x00007ffccac40000 - 0x00007ffccac49000 	C:\Users\eliav\.vscode\extensions\redhat.java-1.8.0-win32-x64\jre\17.0.3-win32-x86_64\bin\management.dll
0x00007ffcc23e0000 - 0x00007ffcc23eb000 	C:\Users\eliav\.vscode\extensions\redhat.java-1.8.0-win32-x64\jre\17.0.3-win32-x86_64\bin\management_ext.dll
0x00007ffcbcfd0000 - 0x00007ffcbcfe7000 	C:\Windows\system32\napinsp.dll
0x00007ffcbcfb0000 - 0x00007ffcbcfcb000 	C:\Windows\system32\pnrpnsp.dll
0x00007ffcb1290000 - 0x00007ffcb12a5000 	C:\Windows\system32\wshbth.dll
0x00007ffccd680000 - 0x00007ffccd69d000 	C:\Windows\system32\NLAapi.dll
0x00007ffcd1b30000 - 0x00007ffcd1b6b000 	C:\Windows\SYSTEM32\IPHLPAPI.DLL
0x00007ffcd1b70000 - 0x00007ffcd1c3b000 	C:\Windows\SYSTEM32\DNSAPI.dll
0x00007ffcd3d90000 - 0x00007ffcd3d98000 	C:\Windows\System32\NSI.dll
0x00007ffcb0ea0000 - 0x00007ffcb0eb2000 	C:\Windows\System32\winrnr.dll
0x00007ffcc2a90000 - 0x00007ffcc2a9a000 	C:\Windows\System32\rasadhlp.dll
0x00007ffcc33a0000 - 0x00007ffcc3420000 	C:\Windows\System32\fwpuclnt.dll
0x00007ffcd3070000 - 0x00007ffcd3097000 	C:\Windows\System32\bcrypt.dll
0x00007ffcd2080000 - 0x00007ffcd2098000 	C:\Windows\SYSTEM32\CRYPTSP.dll
0x00007ffcd17c0000 - 0x00007ffcd17f4000 	C:\Windows\system32\rsaenh.dll
0x00007ffcd2690000 - 0x00007ffcd26be000 	C:\Windows\SYSTEM32\USERENV.dll
0x00007ffcd1fb0000 - 0x00007ffcd1fbc000 	C:\Windows\SYSTEM32\CRYPTBASE.dll
0x00007ffcc3b90000 - 0x00007ffcc3ba7000 	C:\Windows\SYSTEM32\dhcpcsvc6.DLL
0x00007ffcc3b70000 - 0x00007ffcc3b8d000 	C:\Windows\SYSTEM32\dhcpcsvc.DLL

dbghelp: loaded successfully - version: 4.0.5 - missing functions: none
symbol engine: initialized successfully - sym options: 0x614 - pdb path: .;c:\Users\eliav\.vscode\extensions\redhat.java-1.8.0-win32-x64\jre\17.0.3-win32-x86_64\bin;C:\Windows\SYSTEM32;C:\Program Files\Avast Software\Avast;C:\Windows\WinSxS\amd64_microsoft.windows.common-controls_6595b64144ccf1df_6.0.19041.1110_none_60b5254171f9507e;c:\Users\eliav\.vscode\extensions\redhat.java-1.8.0-win32-x64\jre\17.0.3-win32-x86_64\bin\server

VM Arguments:
jvm_args: --add-modules=ALL-SYSTEM --add-exports=jdk.compiler/com.sun.tools.javac.file=ALL-UNNAMED --add-exports=jdk.compiler/com.sun.tools.javac.util=ALL-UNNAMED --add-exports=jdk.compiler/com.sun.tools.javac.comp=ALL-UNNAMED --add-exports=jdk.compiler/com.sun.tools.javac.main=ALL-UNNAMED --add-exports=jdk.compiler/com.sun.tools.javac.tree=ALL-UNNAMED --add-exports=jdk.compiler/com.sun.tools.javac.code=ALL-UNNAMED -Dsts.lsp.client=vscode -Dsts.log.file=/dev/null -XX:TieredStopAtLevel=1 -Dspring.config.location=file:c:\Users\eliav\.vscode\extensions\pivotal.vscode-spring-boot-1.36.0\language-server\BOOT-INF\classes\application.properties 
java_command: org.springframework.ide.vscode.boot.app.BootLanguageServerBootApp
java_class_path (initial): c:\Users\eliav\.vscode\extensions\pivotal.vscode-spring-boot-1.36.0\language-server\BOOT-INF\classes;c:\Users\eliav\.vscode\extensions\pivotal.vscode-spring-boot-1.36.0\language-server\BOOT-INF\lib\annotations-23.0.0.jar;c:\Users\eliav\.vscode\extensions\pivotal.vscode-spring-boot-1.36.0\language-server\BOOT-INF\lib\antlr-runtime-3.5.2.jar;c:\Users\eliav\.vscode\extensions\pivotal.vscode-spring-boot-1.36.0\language-server\BOOT-INF\lib\antlr4-4.9.3.jar;c:\Users\eliav\.vscode\extensions\pivotal.vscode-spring-boot-1.36.0\language-server\BOOT-INF\lib\antlr4-runtime-4.9.3.jar;c:\Users\eliav\.vscode\extensions\pivotal.vscode-spring-boot-1.36.0\language-server\BOOT-INF\lib\asm-9.3.jar;c:\Users\eliav\.vscode\extensions\pivotal.vscode-spring-boot-1.36.0\language-server\BOOT-INF\lib\asm-analysis-9.3.jar;c:\Users\eliav\.vscode\extensions\pivotal.vscode-spring-boot-1.36.0\language-server\BOOT-INF\lib\asm-tree-9.3.jar;c:\Users\eliav\.vscode\extensions\pivotal.vscode-spring-boot-1.36.0\language-server\BOOT-INF\lib\asm-util-9.3.jar;c:\Users\eliav\.vscode\extensions\pivotal.vscode-spring-boot-1.36.0\language-server\BOOT-INF\lib\byte-buddy-1.10.18.jar;c:\Users\eliav\.vscode\extensions\pivotal.vscode-spring-boot-1.36.0\language-server\BOOT-INF\lib\caffeine-2.8.6.jar;c:\Users\eliav\.vscode\extensions\pivotal.vscode-spring-boot-1.36.0\language-server\BOOT-INF\lib\checker-qual-3.12.0.jar;c:\Users\eliav\.vscode\extensions\pivotal.vscode-spring-boot-1.36.0\language-server\BOOT-INF\lib\classgraph-4.8.146.jar;c:\Users\eliav\.vscode\extensions\pivotal.vscode-spring-boot-1.36.0\language-server\BOOT-INF\lib\commons-codec-1.14.jar;c:\Users\eliav\.vscode\extensions\pivotal.vscode-spring-boot-1.36.0\language-server\BOOT-INF\lib\commons-compress-1.21.jar;c:\Users\eliav\.vscode\extensions\pivotal.vscode-spring-boot-1.36.0\language-server\BOOT-INF\lib\commons-exec-1.3.jar;c:\Users\eliav\.vscode\extensions\pivotal.vscode-spring-boot-1.36.0\language-server\BOOT-INF\lib\com
Launcher Type: SUN_STANDARD

[Global flags]
     intx CICompilerCount                          = 2                                         {product} {ergonomic}
     uint ConcGCThreads                            = 1                                         {product} {ergonomic}
     uint G1ConcRefinementThreads                  = 2                                         {product} {ergonomic}
   size_t G1HeapRegionSize                         = 1048576                                   {product} {ergonomic}
    uintx GCDrainStackTargetSize                   = 64                                        {product} {ergonomic}
   size_t InitialHeapSize                          = 65011712                                  {product} {ergonomic}
   size_t MarkStackSize                            = 4194304                                   {product} {ergonomic}
   size_t MaxHeapSize                              = 1027604480                                {product} {ergonomic}
   size_t MaxNewSize                               = 616562688                                 {product} {ergonomic}
   size_t MinHeapDeltaBytes                        = 1048576                                   {product} {ergonomic}
   size_t MinHeapSize                              = 8388608                                   {product} {ergonomic}
    uintx NonProfiledCodeHeapSize                  = 0                                      {pd product} {ergonomic}
     bool ProfileInterpreter                       = false                                  {pd product} {command line}
    uintx ProfiledCodeHeapSize                     = 0                                      {pd product} {ergonomic}
   size_t SoftMaxHeapSize                          = 1027604480                             {manageable} {ergonomic}
     intx TieredStopAtLevel                        = 1                                         {product} {command line}
     bool UseCompressedClassPointers               = true                           {product lp64_product} {ergonomic}
     bool UseCompressedOops                        = true                           {product lp64_product} {ergonomic}
     bool UseG1GC                                  = true                                      {product} {ergonomic}
     bool UseLargePagesIndividualAllocation        = false                                  {pd product} {ergonomic}

Logging:
Log output configuration:
 #0: stdout all=warning uptime,level,tags
 #1: stderr all=off uptime,level,tags

Environment Variables:
JAVA_HOME=C:\Program Files\Java\jdk-17.0.3.1
PATH=C:\Python310\Scripts\;C:\Python310\;C:\Program Files\Common Files\Oracle\Java\javapath;C:\Program Files (x86)\Common Files\Intel\Shared Libraries\redist\intel64\compiler;C:\Windows\system32;C:\Windows;C:\Windows\System32\Wbem;C:\Windows\System32\WindowsPowerShell\v1.0\;C:\Windows\System32\OpenSSH\;C:\Program Files\dotnet\;C:\sqlite-tools-win32-x86-3370200;C:\Windows\Microsoft.NET\Framework64\v4.0.30319;C:\Program Files\MongoDB\Server\5.0\bin;C:\Program Files\MySQL\MySQL Server 8.0\bin;C:\Program Files (x86)\dotnet\;C:\ProgramData\chocolatey\bin;C:\Users\eliav\AppData\Roaming\npm;C:\Program Files\Git\cmd;C:\Program Files\Microsoft VS Code\bin;C:\Program Files\MongoDB\Server\5.0\bin;C:\MinGW\bin;C:\MinGW\mingw64\bin;C:\MinGW\4.8.5\mingw64\bin;C:\Users\eliav\AppData\Local\Yarn\bin;C:\Program Files\Go\bin;C:\Program Files\Amazon\AWSCLIV2\;C:\Program Files\Java\jdk-17.0.3.1;C:\Program Files\nodejs;C:\Program Files\Docker\Docker\resources\bin;C:\ProgramData\DockerDesktop\version-bin;C:\Program Files\MySQL\MySQL Shell 8.0\bin\;C:\Users\eliav\AppData\Local\Microsoft\WindowsApps;C:\Users\eliav\AppData\Local\Programs\Microsoft VS Code\bin;C:\Users\eliav\.dotnet\tools;C:\Program Files\MongoDB\Server\5.0\bin;C:\Windows\Microsoft.NET\Framework64\v4.0.30319;C:\Program Files\MySQL\MySQL Server 8.0\bin;C:\Program Files\Azure Data Studio\bin;'C:\Windows\system32'cmd.exe;C:\Program Files\heroku\bin;C:\Program Files\Go\bin;C:\Users\eliav\AppData\Roaming\nvm;C:\Program Files\nodejs;%IntelliJ IDEA Community Edition%;C:\Users\eliav\go\bin;C:\Program Files\Amazon\AWSCLIV2\;C:\Users\eliav\AppData\Roaming\npm
USERNAME=eliav
OS=Windows_NT
PROCESSOR_IDENTIFIER=Intel64 Family 6 Model 122 Stepping 8, GenuineIntel



---------------  S Y S T E M  ---------------

OS:
 Windows 10 , 64 bit Build 19041 (10.0.19041.1741)
OS uptime: 2 days 8:25 hours
Hyper-V role detected

CPU: total 2 (initial active 2) (2 cores per cpu, 1 threads per core) family 6 model 122 stepping 8 microcode 0x16, cx8, cmov, fxsr, mmx, 3dnowpref, sse, sse2, sse3, ssse3, sse4.1, sse4.2, popcnt, tsc, tscinvbit, aes, erms, clmul, sha, clflush, clflushopt, hv

Memory: 4k page, system-wide physical 3916M (312M free)
TotalPageFile size 15692M (AvailPageFile size 14M)
current process WorkingSet (physical memory assigned to process): 177M, peak: 177M
current process commit charge ("private bytes"): 203M, peak: 349M

vm_info: OpenJDK 64-Bit Server VM (17.0.3+7) for windows-amd64 JRE (17.0.3+7), built on Apr 19 2022 16:55:35 by "" with MS VC++ 16.7 (VS2019)

END.
